Log file opened on Wed Mar  4 16:37:48 2020
Host: n2419.hyak.local  pid: 163515  rank ID: 0  number of ranks:  1
                      :-) GROMACS - gmx mdrun, 2016.3 (-:

                            GROMACS is written by:
     Emile Apol      Rossen Apostolov  Herman J.C. Berendsen    Par Bjelkmar   
 Aldert van Buuren   Rudi van Drunen     Anton Feenstra    Gerrit Groenhof  
 Christoph Junghans   Anca Hamuraru    Vincent Hindriksen Dimitrios Karkoulis
    Peter Kasson        Jiri Kraus      Carsten Kutzner      Per Larsson    
  Justin A. Lemkul   Magnus Lundborg   Pieter Meulenhoff    Erik Marklund   
   Teemu Murtola       Szilard Pall       Sander Pronk      Roland Schulz   
  Alexey Shvetsov     Michael Shirts     Alfons Sijbers     Peter Tieleman  
  Teemu Virolainen  Christian Wennberg    Maarten Wolf   
                           and the project leaders:
        Mark Abraham, Berk Hess, Erik Lindahl, and David van der Spoel

Copyright (c) 1991-2000, University of Groningen, The Netherlands.
Copyright (c) 2001-2017, The GROMACS development team at
Uppsala University, Stockholm University and
the Royal Institute of Technology, Sweden.
check out http://www.gromacs.org for more information.

GROMACS is free software; you can redistribute it and/or modify it
under the terms of the GNU Lesser General Public License
as published by the Free Software Foundation; either version 2.1
of the License, or (at your option) any later version.

GROMACS:      gmx mdrun, version 2016.3
Executable:   /gscratch/pfaendtner/cdf6gc/codes/GROMACS/gromacs-2016.3/bin/bin/gmx_mpi
Data prefix:  /gscratch/pfaendtner/cdf6gc/codes/GROMACS/gromacs-2016.3/bin
Working dir:  /gscratch/pfaendtner/dacj/MOLSIM-2020/W7/HW/scale9
Command line:
  gmx_mpi mdrun -ntomp 16 -multi 1 -s npt.tpr

GROMACS version:    2016.3
Precision:          single
Memory model:       64 bit
MPI library:        MPI
OpenMP support:     enabled (GMX_OPENMP_MAX_THREADS = 32)
GPU support:        disabled
SIMD instructions:  AVX2_256
FFT library:        Intel MKL
RDTSCP usage:       enabled
TNG support:        enabled
Hwloc support:      hwloc-1.7.0
Tracing support:    disabled
Built on:           Wed Apr 18 15:46:56 PDT 2018
Built by:           cdf6gc@n2212.hyak.local [CMAKE]
Build OS/arch:      Linux 3.10.0-327.61.3.el7.x86_64 x86_64
Build CPU vendor:   Intel
Build CPU brand:    Intel(R) Xeon(R) CPU E5-2680 v4 @ 2.40GHz
Build CPU family:   6   Model: 79   Stepping: 1
Build CPU features: aes apic avx avx2 clfsh cmov cx8 cx16 f16c fma hle htt lahf mmx msr nonstop_tsc pcid pclmuldq pdcm pdpe1gb popcnt pse rdrnd rdtscp rtm sse2 sse3 sse4.1 sse4.2 ssse3 tdt x2apic
C compiler:         /gscratch/sw/intel-201703/compilers_and_libraries_2017.2.174/linux/mpi/intel64/bin/mpiicc Intel 17.0.2.20170213
C compiler flags:    -march=core-avx2   -mkl=sequential  -std=gnu99  -O3 -DNDEBUG -ip -funroll-all-loops -alias-const -ansi-alias  
C++ compiler:       /gscratch/sw/intel-201703/compilers_and_libraries_2017.2.174/linux/mpi/intel64/bin/mpiicpc Intel 17.0.2.20170213
C++ compiler flags:  -march=core-avx2    -std=c++0x   -O3 -DNDEBUG -ip -funroll-all-loops -alias-const -ansi-alias  

Note: 40 CPUs configured, but only 16 were detected to be online.

Running on 1 node with total 16 cores, 16 logical cores
Hardware detected on host n2419.hyak.local (the node of MPI rank 0):
  CPU info:
    Vendor: Intel
    Brand:  Intel(R) Xeon(R) Gold 6230 CPU @ 2.10GHz
    Family: 6   Model: 85   Stepping: 7
    Features: aes apic avx avx2 avx512f avx512cd avx512bw avx512vl clfsh cmov cx8 cx16 f16c fma hle htt lahf mmx msr nonstop_tsc pcid pclmuldq pdcm pdpe1gb popcnt pse rdrnd rdtscp rtm sse2 sse3 sse4.1 sse4.2 ssse3 tdt x2apic
    SIMD instructions most likely to fit this hardware: AVX_512
    SIMD instructions selected at GROMACS compile time: AVX2_256

  Hardware topology: Full, with devices
    Sockets, cores, and logical processors:
      Socket  0: [   0] [   1] [   2] [   3] [   4] [   5] [   6] [   7] [   8] [   9] [  10] [  11] [  12] [  13] [  14] [  15]
    Numa nodes:
      Node  0 (102735708160 bytes mem):   0   1   2   3   4   5   6   7   8   9  10  11  12  13  14  15
      Node  1 (103079215104 bytes mem):
      Latency:
               0     1
         0  1.00  2.10
         1  2.10  1.00
    Caches:
      L1: 32768 bytes, linesize 64 bytes, assoc. 8, shared 1 ways
      L2: 1048576 bytes, linesize 64 bytes, assoc. 16, shared 1 ways
      L3: 28835840 bytes, linesize 64 bytes, assoc. 11, shared 16 ways
    PCI devices:
      0000:00:11.5  Id: 8086:a1d2  Class: 0x0106  Numa: -1
      0000:00:17.0  Id: 8086:a182  Class: 0x0106  Numa: -1
      0000:02:00.0  Id: 102b:0522  Class: 0x0300  Numa: -1
      0000:06:00.0  Id: 8086:24f0  Class: 0x0208  Numa: -1
      0000:31:00.0  Id: 8086:37d2  Class: 0x0200  Numa: -1
      0000:31:00.1  Id: 8086:37d2  Class: 0x0200  Numa: -1


Binary not matching hardware - you might be losing performance.
SIMD instructions most likely to fit this hardware: AVX_512
SIMD instructions selected at GROMACS compile time: AVX2_256


++++ PLEASE READ AND CITE THE FOLLOWING REFERENCE ++++
M. J. Abraham, T. Murtola, R. Schulz, S. Páll, J. C. Smith, B. Hess, E.
Lindahl
GROMACS: High performance molecular simulations through multi-level
parallelism from laptops to supercomputers
SoftwareX 1 (2015) pp. 19-25
-------- -------- --- Thank You --- -------- --------


++++ PLEASE READ AND CITE THE FOLLOWING REFERENCE ++++
S. Páll, M. J. Abraham, C. Kutzner, B. Hess, E. Lindahl
Tackling Exascale Software Challenges in Molecular Dynamics Simulations with
GROMACS
In S. Markidis & E. Laure (Eds.), Solving Software Challenges for Exascale 8759 (2015) pp. 3-27
-------- -------- --- Thank You --- -------- --------


++++ PLEASE READ AND CITE THE FOLLOWING REFERENCE ++++
S. Pronk, S. Páll, R. Schulz, P. Larsson, P. Bjelkmar, R. Apostolov, M. R.
Shirts, J. C. Smith, P. M. Kasson, D. van der Spoel, B. Hess, and E. Lindahl
GROMACS 4.5: a high-throughput and highly parallel open source molecular
simulation toolkit
Bioinformatics 29 (2013) pp. 845-54
-------- -------- --- Thank You --- -------- --------


++++ PLEASE READ AND CITE THE FOLLOWING REFERENCE ++++
B. Hess and C. Kutzner and D. van der Spoel and E. Lindahl
GROMACS 4: Algorithms for highly efficient, load-balanced, and scalable
molecular simulation
J. Chem. Theory Comput. 4 (2008) pp. 435-447
-------- -------- --- Thank You --- -------- --------


++++ PLEASE READ AND CITE THE FOLLOWING REFERENCE ++++
D. van der Spoel, E. Lindahl, B. Hess, G. Groenhof, A. E. Mark and H. J. C.
Berendsen
GROMACS: Fast, Flexible and Free
J. Comp. Chem. 26 (2005) pp. 1701-1719
-------- -------- --- Thank You --- -------- --------


++++ PLEASE READ AND CITE THE FOLLOWING REFERENCE ++++
E. Lindahl and B. Hess and D. van der Spoel
GROMACS 3.0: A package for molecular simulation and trajectory analysis
J. Mol. Mod. 7 (2001) pp. 306-317
-------- -------- --- Thank You --- -------- --------


++++ PLEASE READ AND CITE THE FOLLOWING REFERENCE ++++
H. J. C. Berendsen, D. van der Spoel and R. van Drunen
GROMACS: A message-passing parallel molecular dynamics implementation
Comp. Phys. Comm. 91 (1995) pp. 43-56
-------- -------- --- Thank You --- -------- --------

Changing nstlist from 10 to 20, rlist from 1 to 1.029

Input Parameters:
   integrator                     = md
   tinit                          = 0
   dt                             = 0.002
   nsteps                         = 5000
   init-step                      = 0
   simulation-part                = 1
   comm-mode                      = Linear
   nstcomm                        = 100
   bd-fric                        = 0
   ld-seed                        = -665723804
   emtol                          = 10
   emstep                         = 0.01
   niter                          = 20
   fcstep                         = 0
   nstcgsteep                     = 1000
   nbfgscorr                      = 10
   rtpi                           = 0.05
   nstxout                        = 500
   nstvout                        = 500
   nstfout                        = 0
   nstlog                         = 500
   nstcalcenergy                  = 100
   nstenergy                      = 500
   nstxout-compressed             = 0
   compressed-x-precision         = 1000
   cutoff-scheme                  = Verlet
   nstlist                        = 20
   ns-type                        = Grid
   pbc                            = xyz
   periodic-molecules             = false
   verlet-buffer-tolerance        = 0.005
   rlist                          = 1.029
   coulombtype                    = PME
   coulomb-modifier               = Potential-shift
   rcoulomb-switch                = 0
   rcoulomb                       = 1
   epsilon-r                      = 1
   epsilon-rf                     = inf
   vdw-type                       = Cut-off
   vdw-modifier                   = Potential-shift
   rvdw-switch                    = 0
   rvdw                           = 1
   DispCorr                       = EnerPres
   table-extension                = 1
   fourierspacing                 = 0.16
   fourier-nx                     = 44
   fourier-ny                     = 44
   fourier-nz                     = 44
   pme-order                      = 4
   ewald-rtol                     = 1e-05
   ewald-rtol-lj                  = 0.001
   lj-pme-comb-rule               = Geometric
   ewald-geometry                 = 0
   epsilon-surface                = 0
   implicit-solvent               = No
   gb-algorithm                   = Still
   nstgbradii                     = 1
   rgbradii                       = 1
   gb-epsilon-solvent             = 80
   gb-saltconc                    = 0
   gb-obc-alpha                   = 1
   gb-obc-beta                    = 0.8
   gb-obc-gamma                   = 4.85
   gb-dielectric-offset           = 0.009
   sa-algorithm                   = Ace-approximation
   sa-surface-tension             = 2.05016
   tcoupl                         = V-rescale
   nsttcouple                     = 10
   nh-chain-length                = 0
   print-nose-hoover-chain-variables = false
   pcoupl                         = Parrinello-Rahman
   pcoupltype                     = Isotropic
   nstpcouple                     = 10
   tau-p                          = 2
   compressibility (3x3):
      compressibility[    0]={ 4.50000e-05,  0.00000e+00,  0.00000e+00}
      compressibility[    1]={ 0.00000e+00,  4.50000e-05,  0.00000e+00}
      compressibility[    2]={ 0.00000e+00,  0.00000e+00,  4.50000e-05}
   ref-p (3x3):
      ref-p[    0]={ 1.00000e+00,  0.00000e+00,  0.00000e+00}
      ref-p[    1]={ 0.00000e+00,  1.00000e+00,  0.00000e+00}
      ref-p[    2]={ 0.00000e+00,  0.00000e+00,  1.00000e+00}
   refcoord-scaling               = COM
   posres-com (3):
      posres-com[0]= 4.97120e-01
      posres-com[1]= 5.02259e-01
      posres-com[2]= 4.99562e-01
   posres-comB (3):
      posres-comB[0]= 4.97120e-01
      posres-comB[1]= 5.02259e-01
      posres-comB[2]= 4.99562e-01
   QMMM                           = false
   QMconstraints                  = 0
   QMMMscheme                     = 0
   MMChargeScaleFactor            = 1
qm-opts:
   ngQM                           = 0
   constraint-algorithm           = Lincs
   continuation                   = true
   Shake-SOR                      = false
   shake-tol                      = 0.0001
   lincs-order                    = 4
   lincs-iter                     = 1
   lincs-warnangle                = 30
   nwall                          = 0
   wall-type                      = 9-3
   wall-r-linpot                  = -1
   wall-atomtype[0]               = -1
   wall-atomtype[1]               = -1
   wall-density[0]                = 0
   wall-density[1]                = 0
   wall-ewald-zfac                = 3
   pull                           = false
   rotation                       = false
   interactiveMD                  = false
   disre                          = No
   disre-weighting                = Conservative
   disre-mixed                    = false
   dr-fc                          = 1000
   dr-tau                         = 0
   nstdisreout                    = 100
   orire-fc                       = 0
   orire-tau                      = 0
   nstorireout                    = 100
   free-energy                    = no
   cos-acceleration               = 0
   deform (3x3):
      deform[    0]={ 0.00000e+00,  0.00000e+00,  0.00000e+00}
      deform[    1]={ 0.00000e+00,  0.00000e+00,  0.00000e+00}
      deform[    2]={ 0.00000e+00,  0.00000e+00,  0.00000e+00}
   simulated-tempering            = false
   E-x:
      n = 0
   E-xt:
      n = 0
   E-y:
      n = 0
   E-yt:
      n = 0
   E-z:
      n = 0
   E-zt:
      n = 0
   swapcoords                     = no
   userint1                       = 0
   userint2                       = 0
   userint3                       = 0
   userint4                       = 0
   userreal1                      = 0
   userreal2                      = 0
   userreal3                      = 0
   userreal4                      = 0
grpopts:
   nrdf:     3895.83     63837.2
   ref-t:         300         300
   tau-t:         0.1         0.1
annealing:          No          No
annealing-npoints:           0           0
   acc:	           0           0           0
   nfreeze:           N           N           N
   energygrp-flags[  0]: 0

This is simulation 0 out of 1 running as a composite GROMACS
multi-simulation job. Setup for this simulation:

Using 1 MPI process
Using 16 OpenMP threads 

Will do PME sum in reciprocal space for electrostatic interactions.

++++ PLEASE READ AND CITE THE FOLLOWING REFERENCE ++++
U. Essmann, L. Perera, M. L. Berkowitz, T. Darden, H. Lee and L. G. Pedersen 
A smooth particle mesh Ewald method
J. Chem. Phys. 103 (1995) pp. 8577-8592
-------- -------- --- Thank You --- -------- --------

Will do ordinary reciprocal space Ewald sum.
Using a Gaussian width (1/beta) of 0.320163 nm for Ewald
Cut-off's:   NS: 1.029   Coulomb: 1   LJ: 1
Long Range LJ corr.: <C6> 3.1923e-04
System total charge: -0.000
Generated table with 1014 data points for Ewald.
Tabscale = 500 points/nm
Generated table with 1014 data points for LJ6.
Tabscale = 500 points/nm
Generated table with 1014 data points for LJ12.
Tabscale = 500 points/nm
Generated table with 1014 data points for 1-4 COUL.
Tabscale = 500 points/nm
Generated table with 1014 data points for 1-4 LJ6.
Tabscale = 500 points/nm
Generated table with 1014 data points for 1-4 LJ12.
Tabscale = 500 points/nm
Potential shift: LJ r^-12: -1.000e+00 r^-6: -1.000e+00, Ewald -1.000e-05
Initialized non-bonded Ewald correction tables, spacing: 9.33e-04 size: 1073


Using SIMD 4x8 non-bonded kernels

Using geometric Lennard-Jones combination rule

Pinning threads with an auto-selected logical core stride of 1

Initializing LINear Constraint Solver

++++ PLEASE READ AND CITE THE FOLLOWING REFERENCE ++++
B. Hess and H. Bekker and H. J. C. Berendsen and J. G. E. M. Fraaije
LINCS: A Linear Constraint Solver for molecular simulations
J. Comp. Chem. 18 (1997) pp. 1463-1472
-------- -------- --- Thank You --- -------- --------

The number of constraints is 1984

++++ PLEASE READ AND CITE THE FOLLOWING REFERENCE ++++
S. Miyamoto and P. A. Kollman
SETTLE: An Analytical Version of the SHAKE and RATTLE Algorithms for Rigid
Water Models
J. Comp. Chem. 13 (1992) pp. 952-962
-------- -------- --- Thank You --- -------- --------

Intra-simulation communication will occur every 10 steps.
Center of mass motion removal mode is Linear
We have the following groups for center of mass motion removal:
  0:  rest

++++ PLEASE READ AND CITE THE FOLLOWING REFERENCE ++++
G. Bussi, D. Donadio and M. Parrinello
Canonical sampling through velocity rescaling
J. Chem. Phys. 126 (2007) pp. 014101
-------- -------- --- Thank You --- -------- --------

There are: 33876 Atoms
Initial temperature: 304.295 K

Started mdrun on rank 0 Wed Mar  4 16:37:48 2020
           Step           Time
              0        0.00000

   Energies (kJ/mol)
          Angle    Proper Dih. Ryckaert-Bell.          LJ-14     Coulomb-14
    3.84114e+03    2.56450e+02    1.93601e+03    3.07858e+03    7.93909e+03
        LJ (SR)  Disper. corr.   Coulomb (SR)   Coul. recip. Position Rest.
    9.20659e+04   -4.44920e+03   -6.30152e+05    2.96554e+03    1.26099e-01
      Potential    Kinetic En.   Total Energy    Temperature Pres. DC (bar)
   -5.22518e+05    8.57281e+04   -4.36790e+05    3.04452e+02   -2.14729e+02
 Pressure (bar)   Constr. rmsd
   -3.70922e+02    2.97440e-05

           Step           Time
            500        1.00000

   Energies (kJ/mol)
          Angle    Proper Dih. Ryckaert-Bell.          LJ-14     Coulomb-14
    3.88039e+03    2.46312e+02    1.90614e+03    3.04518e+03    7.92380e+03
        LJ (SR)  Disper. corr.   Coulomb (SR)   Coul. recip. Position Rest.
    9.40233e+04   -4.54933e+03   -6.35127e+05    2.98885e+03    3.95846e+02
      Potential    Kinetic En.   Total Energy    Temperature Pres. DC (bar)
   -5.25266e+05    8.45043e+04   -4.40762e+05    3.00106e+02   -2.24490e+02
 Pressure (bar)   Constr. rmsd
    4.75275e+01    2.82350e-05

           Step           Time
           1000        2.00000

   Energies (kJ/mol)
          Angle    Proper Dih. Ryckaert-Bell.          LJ-14     Coulomb-14
    3.81742e+03    2.63812e+02    1.80832e+03    2.99924e+03    7.91453e+03
        LJ (SR)  Disper. corr.   Coulomb (SR)   Coul. recip. Position Rest.
    9.49079e+04   -4.55955e+03   -6.35824e+05    2.99195e+03    4.67398e+02
      Potential    Kinetic En.   Total Energy    Temperature Pres. DC (bar)
   -5.25213e+05    8.44668e+04   -4.40746e+05    2.99972e+02   -2.25499e+02
 Pressure (bar)   Constr. rmsd
    2.00282e+02    2.69454e-05

           Step           Time
           1500        3.00000

   Energies (kJ/mol)
          Angle    Proper Dih. Ryckaert-Bell.          LJ-14     Coulomb-14
    3.71819e+03    2.49906e+02    1.91366e+03    3.01759e+03    8.02723e+03
        LJ (SR)  Disper. corr.   Coulomb (SR)   Coul. recip. Position Rest.
    9.27729e+04   -4.57153e+03   -6.33306e+05    2.94230e+03    4.59815e+02
      Potential    Kinetic En.   Total Energy    Temperature Pres. DC (bar)
   -5.24776e+05    8.41383e+04   -4.40638e+05    2.98806e+02   -2.26684e+02
 Pressure (bar)   Constr. rmsd
    7.00500e+01    2.65244e-05

           Step           Time
           2000        4.00000

   Energies (kJ/mol)
          Angle    Proper Dih. Ryckaert-Bell.          LJ-14     Coulomb-14
    3.72131e+03    2.24440e+02    1.83146e+03    2.91883e+03    7.89217e+03
        LJ (SR)  Disper. corr.   Coulomb (SR)   Coul. recip. Position Rest.
    9.49534e+04   -4.55393e+03   -6.37008e+05    3.02046e+03    4.39399e+02
      Potential    Kinetic En.   Total Energy    Temperature Pres. DC (bar)
   -5.26560e+05    8.44151e+04   -4.42145e+05    2.99789e+02   -2.24943e+02
 Pressure (bar)   Constr. rmsd
   -4.42565e+01    3.17323e-05

           Step           Time
           2500        5.00000

   Energies (kJ/mol)
          Angle    Proper Dih. Ryckaert-Bell.          LJ-14     Coulomb-14
    3.76156e+03    2.54025e+02    1.79365e+03    2.98902e+03    8.00697e+03
        LJ (SR)  Disper. corr.   Coulomb (SR)   Coul. recip. Position Rest.
    9.47151e+04   -4.55325e+03   -6.37743e+05    2.94332e+03    4.15343e+02
      Potential    Kinetic En.   Total Energy    Temperature Pres. DC (bar)
   -5.27417e+05    8.39537e+04   -4.43463e+05    2.98151e+02   -2.24876e+02
 Pressure (bar)   Constr. rmsd
   -3.31210e+00    2.77109e-05

           Step           Time
           3000        6.00000

   Energies (kJ/mol)
          Angle    Proper Dih. Ryckaert-Bell.          LJ-14     Coulomb-14
    3.73767e+03    2.45210e+02    1.88245e+03    3.01838e+03    7.95977e+03
        LJ (SR)  Disper. corr.   Coulomb (SR)   Coul. recip. Position Rest.
    9.34457e+04   -4.55131e+03   -6.33380e+05    2.96638e+03    4.39258e+02
      Potential    Kinetic En.   Total Energy    Temperature Pres. DC (bar)
   -5.24236e+05    8.49764e+04   -4.39260e+05    3.01783e+02   -2.24686e+02
 Pressure (bar)   Constr. rmsd
    1.31184e+02    2.69576e-05

           Step           Time
           3500        7.00000

   Energies (kJ/mol)
          Angle    Proper Dih. Ryckaert-Bell.          LJ-14     Coulomb-14
    3.74942e+03    2.36604e+02    1.90774e+03    3.03628e+03    7.97672e+03
        LJ (SR)  Disper. corr.   Coulomb (SR)   Coul. recip. Position Rest.
    9.21647e+04   -4.57790e+03   -6.31773e+05    2.98583e+03    4.37146e+02
      Potential    Kinetic En.   Total Energy    Temperature Pres. DC (bar)
   -5.23857e+05    8.47019e+04   -4.39155e+05    3.00808e+02   -2.27315e+02
 Pressure (bar)   Constr. rmsd
   -1.22514e+00    2.82923e-05

           Step           Time
           4000        8.00000

   Energies (kJ/mol)
          Angle    Proper Dih. Ryckaert-Bell.          LJ-14     Coulomb-14
    3.71560e+03    2.65226e+02    1.89426e+03    3.05200e+03    7.93913e+03
        LJ (SR)  Disper. corr.   Coulomb (SR)   Coul. recip. Position Rest.
    9.19163e+04   -4.55779e+03   -6.32516e+05    2.97072e+03    4.59178e+02
      Potential    Kinetic En.   Total Energy    Temperature Pres. DC (bar)
   -5.24862e+05    8.53275e+04   -4.39534e+05    3.03029e+02   -2.25324e+02
 Pressure (bar)   Constr. rmsd
   -2.50820e+02    2.65954e-05

           Step           Time
           4500        9.00000

   Energies (kJ/mol)
          Angle    Proper Dih. Ryckaert-Bell.          LJ-14     Coulomb-14
    3.72957e+03    2.47494e+02    1.84495e+03    3.00284e+03    7.89764e+03
        LJ (SR)  Disper. corr.   Coulomb (SR)   Coul. recip. Position Rest.
    9.30936e+04   -4.55383e+03   -6.33671e+05    2.88350e+03    4.36869e+02
      Potential    Kinetic En.   Total Energy    Temperature Pres. DC (bar)
   -5.25088e+05    8.41799e+04   -4.40908e+05    2.98954e+02   -2.24933e+02
 Pressure (bar)   Constr. rmsd
   -3.32794e+01    2.72389e-05

           Step           Time
           5000       10.00000

Writing checkpoint, step 5000 at Wed Mar  4 16:38:03 2020


   Energies (kJ/mol)
          Angle    Proper Dih. Ryckaert-Bell.          LJ-14     Coulomb-14
    3.89683e+03    2.20987e+02    1.81014e+03    2.97873e+03    7.94181e+03
        LJ (SR)  Disper. corr.   Coulomb (SR)   Coul. recip. Position Rest.
    9.40680e+04   -4.56001e+03   -6.35376e+05    2.87349e+03    4.67945e+02
      Potential    Kinetic En.   Total Energy    Temperature Pres. DC (bar)
   -5.25678e+05    8.43531e+04   -4.41325e+05    2.99569e+02   -2.25544e+02
 Pressure (bar)   Constr. rmsd
   -5.94302e+01    2.74759e-05

	<======  ###############  ==>
	<====  A V E R A G E S  ====>
	<==  ###############  ======>

	Statistics over 5001 steps using 51 frames

   Energies (kJ/mol)
          Angle    Proper Dih. Ryckaert-Bell.          LJ-14     Coulomb-14
    3.77359e+03    2.42758e+02    1.85651e+03    3.00585e+03    7.95477e+03
        LJ (SR)  Disper. corr.   Coulomb (SR)   Coul. recip. Position Rest.
    9.35146e+04   -4.55285e+03   -6.34383e+05    2.95292e+03    4.34538e+02
      Potential    Kinetic En.   Total Energy    Temperature Pres. DC (bar)
   -5.25201e+05    8.44759e+04   -4.40725e+05    3.00005e+02   -2.24843e+02
 Pressure (bar)   Constr. rmsd
   -4.89599e+00    0.00000e+00

          Box-X          Box-Y          Box-Z
    6.95658e+00    6.95658e+00    6.95658e+00

   Total Virial (kJ/mol)
    2.81372e+04   -8.27757e+01   -8.09798e+00
   -8.51869e+01    2.85981e+04    3.17874e+02
   -9.00951e+00    3.19072e+02    2.78964e+04

   Pressure (bar)
   -3.39111e+00    7.30487e+00   -4.72190e-01
    7.54377e+00   -3.98521e+01   -3.22722e+01
   -3.80784e-01   -3.23906e+01    2.85552e+01

      T-Protein  T-non-Protein
    3.01236e+02    2.99930e+02


	M E G A - F L O P S   A C C O U N T I N G

 NB=Group-cutoff nonbonded kernels    NxN=N-by-N cluster Verlet kernels
 RF=Reaction-Field  VdW=Van der Waals  QSTab=quadratic-spline table
 W3=SPC/TIP3p  W4=TIP4p (single or pairs)
 V&F=Potential and force  V=Potential only  F=Force only

 Computing:                               M-Number         M-Flops  % Flops
-----------------------------------------------------------------------------
 Pair Search distance check            3215.781828       28942.036     0.5
 NxN Ewald Elec. + LJ [F]             43321.355264     2859209.447    51.6
 NxN Ewald Elec. + LJ [V&F]             446.351200       47759.578     0.9
 NxN Ewald Elec. [F]                  38148.472864     2327056.845    42.0
 NxN Ewald Elec. [V&F]                  392.849088       32999.323     0.6
 1,4 nonbonded interactions              25.535106        2298.160     0.0
 Calc Weights                           508.241628       18296.699     0.3
 Spread Q Bspline                     10842.488064       21684.976     0.4
 Gather F Bspline                     10842.488064       65054.928     1.2
 3D-FFT                               13954.470336      111635.763     2.0
 Solve PME                                9.681936         619.644     0.0
 Shift-X                                  8.502876          51.017     0.0
 Angles                                  17.738547        2980.076     0.1
 Propers                                  2.130426         487.868     0.0
 RB-Dihedrals                            19.753950        4879.226     0.1
 Pos. Restr.                              5.006001         250.300     0.0
 Virial                                  16.994421         305.900     0.0
 Stop-CM                                  1.727676          17.277     0.0
 Calc-Ekin                               33.943752         916.481     0.0
 Lincs                                    9.921984         595.319     0.0
 Lincs-Mat                              212.862564         851.450     0.0
 Constraint-V                           179.415876        1435.327     0.0
 Constraint-Vir                          16.979892         407.517     0.0
 Settle                                  53.190636       17180.575     0.3
-----------------------------------------------------------------------------
 Total                                                 5545915.733   100.0
-----------------------------------------------------------------------------


     R E A L   C Y C L E   A N D   T I M E   A C C O U N T I N G

On 1 MPI rank, each using 16 OpenMP threads

 Computing:          Num   Num      Call    Wall time         Giga-Cycles
                     Ranks Threads  Count      (s)         total sum    %
-----------------------------------------------------------------------------
 Neighbor search        1   16        251       0.836         28.017   5.5
 Force                  1   16       5001       9.363        313.867  61.1
 PME mesh               1   16       5001       2.613         87.601  17.1
 NB X/F buffer ops.     1   16       9751       0.328         11.010   2.1
 Write traj.            1   16         11       0.613         20.564   4.0
 Update                 1   16       5001       0.591         19.797   3.9
 Constraints            1   16       5001       0.389         13.050   2.5
 Rest                                           0.582         19.497   3.8
-----------------------------------------------------------------------------
 Total                                         15.315        513.402 100.0
-----------------------------------------------------------------------------
 Breakdown of PME mesh computation
-----------------------------------------------------------------------------
 PME spread/gather      1   16      10002       1.729         57.973  11.3
 PME 3D-FFT             1   16      10002       0.790         26.485   5.2
 PME solve Elec         1   16       5001       0.085          2.846   0.6
-----------------------------------------------------------------------------

               Core t (s)   Wall t (s)        (%)
       Time:      245.047       15.315     1600.0
                 (ns/day)    (hour/ns)
Performance:       56.425        0.425
Finished mdrun on rank 0 Wed Mar  4 16:38:04 2020
