Log file opened on Wed Feb 12 17:17:06 2020
Host: n2453.hyak.local  pid: 290419  rank ID: 0  number of ranks:  8
                   :-) GROMACS - gmx mdrun, VERSION 5.1.4 (-:

                            GROMACS is written by:
     Emile Apol      Rossen Apostolov  Herman J.C. Berendsen    Par Bjelkmar   
 Aldert van Buuren   Rudi van Drunen     Anton Feenstra   Sebastian Fritsch 
  Gerrit Groenhof   Christoph Junghans   Anca Hamuraru    Vincent Hindriksen
 Dimitrios Karkoulis    Peter Kasson        Jiri Kraus      Carsten Kutzner  
    Per Larsson      Justin A. Lemkul   Magnus Lundborg   Pieter Meulenhoff 
   Erik Marklund      Teemu Murtola       Szilard Pall       Sander Pronk   
   Roland Schulz     Alexey Shvetsov     Michael Shirts     Alfons Sijbers  
   Peter Tieleman    Teemu Virolainen  Christian Wennberg    Maarten Wolf   
                           and the project leaders:
        Mark Abraham, Berk Hess, Erik Lindahl, and David van der Spoel

Copyright (c) 1991-2000, University of Groningen, The Netherlands.
Copyright (c) 2001-2015, The GROMACS development team at
Uppsala University, Stockholm University and
the Royal Institute of Technology, Sweden.
check out http://www.gromacs.org for more information.

GROMACS is free software; you can redistribute it and/or modify it
under the terms of the GNU Lesser General Public License
as published by the Free Software Foundation; either version 2.1
of the License, or (at your option) any later version.

GROMACS:      gmx mdrun, VERSION 5.1.4
Executable:   /sw/contrib/gromacs-5.1.4-with-plumed-2.4.3-with-impi/gromacs-5.1.4-with-plumed-2.4.3-withimpi//bin/gmx_mpi
Data prefix:  /sw/contrib/gromacs-5.1.4-with-plumed-2.4.3-with-impi/gromacs-5.1.4-with-plumed-2.4.3-withimpi/
Command line:
  gmx_mpi mdrun -s equil_nvt.tpr -c equil_nvt.gro -e equil_nvt.edr -o equil_nvt.trr -g equil_nvt.log -v

GROMACS version:    VERSION 5.1.4
Precision:          single
Memory model:       64 bit
MPI library:        MPI
OpenMP support:     enabled (GMX_OPENMP_MAX_THREADS = 32)
GPU support:        disabled
OpenCL support:     disabled
invsqrt routine:    gmx_software_invsqrt(x)
SIMD instructions:  AVX2_256
FFT library:        fftw-3.3.3-sse2
RDTSCP usage:       enabled
C++11 compilation:  enabled
TNG support:        enabled
Tracing support:    disabled
Built on:           Mon Dec  3 13:49:27 PST 2018
Built by:           npokhrel@n2232.hyak.local [CMAKE]
Build OS/arch:      Linux 3.10.0-693.21.1.el7.x86_64 x86_64
Build CPU vendor:   GenuineIntel
Build CPU brand:    Intel(R) Xeon(R) CPU E5-2680 v4 @ 2.40GHz
Build CPU family:   6   Model: 79   Stepping: 1
Build CPU features: aes apic avx avx2 clfsh cmov cx8 cx16 f16c fma htt lahf_lm mmx msr nonstop_tsc pcid pclmuldq pdcm pdpe1gb popcnt pse rdrnd rdtscp sse2 sse3 sse4.1 sse4.2 ssse3 tdt x2apic
C compiler:         /sw/intel-201703/compilers_and_libraries_2017.2.174/linux/mpi/intel64/bin/mpicc GNU 4.8.5
C compiler flags:    -march=core-avx2    -Wundef -Wextra -Wno-missing-field-initializers -Wno-sign-compare -Wpointer-arith -Wall -Wno-unused -Wunused-value -Wunused-parameter  -O3 -DNDEBUG -funroll-all-loops -fexcess-precision=fast  -Wno-array-bounds 
C++ compiler:       /sw/intel-201703/compilers_and_libraries_2017.2.174/linux/mpi/intel64/bin/mpicxx GNU 4.8.5
C++ compiler flags:  -march=core-avx2   -std=c++0x  -Wundef -Wextra -Wno-missing-field-initializers -Wpointer-arith -Wall -Wno-unused-function  -O3 -DNDEBUG -funroll-all-loops -fexcess-precision=fast  -Wno-array-bounds 
Boost version:      1.53.0 (external)


Number of logical cores detected (40) does not match the number reported by OpenMP (5).
Consider setting the launch configuration manually!

Running on 1 node with total 40 cores, 40 logical cores
Hardware detected on host n2453.hyak.local (the node of MPI rank 0):
  CPU info:
    Vendor: GenuineIntel
    Brand:  Intel(R) Xeon(R) Gold 6230 CPU @ 2.10GHz
    Family:  6  model: 85  stepping:  7
    CPU features: aes apic avx avx2 avx512f avx512cd clfsh cmov cx8 cx16 f16c fma htt lahf_lm mmx msr nonstop_tsc pcid pclmuldq pdcm pdpe1gb popcnt pse rdrnd rdtscp sse2 sse3 sse4.1 sse4.2 ssse3 tdt x2apic
    SIMD instructions most likely to fit this hardware: AVX2_256
    SIMD instructions selected at GROMACS compile time: AVX2_256


++++ PLEASE READ AND CITE THE FOLLOWING REFERENCE ++++
M. J. Abraham, T. Murtola, R. Schulz, S. Páll, J. C. Smith, B. Hess, E.
Lindahl
GROMACS: High performance molecular simulations through multi-level
parallelism from laptops to supercomputers
SoftwareX 1 (2015) pp. 19-25
-------- -------- --- Thank You --- -------- --------


++++ PLEASE READ AND CITE THE FOLLOWING REFERENCE ++++
S. Páll, M. J. Abraham, C. Kutzner, B. Hess, E. Lindahl
Tackling Exascale Software Challenges in Molecular Dynamics Simulations with
GROMACS
In S. Markidis & E. Laure (Eds.), Solving Software Challenges for Exascale 8759 (2015) pp. 3-27
-------- -------- --- Thank You --- -------- --------


++++ PLEASE READ AND CITE THE FOLLOWING REFERENCE ++++
S. Pronk, S. Páll, R. Schulz, P. Larsson, P. Bjelkmar, R. Apostolov, M. R.
Shirts, J. C. Smith, P. M. Kasson, D. van der Spoel, B. Hess, and E. Lindahl
GROMACS 4.5: a high-throughput and highly parallel open source molecular
simulation toolkit
Bioinformatics 29 (2013) pp. 845-54
-------- -------- --- Thank You --- -------- --------


++++ PLEASE READ AND CITE THE FOLLOWING REFERENCE ++++
B. Hess and C. Kutzner and D. van der Spoel and E. Lindahl
GROMACS 4: Algorithms for highly efficient, load-balanced, and scalable
molecular simulation
J. Chem. Theory Comput. 4 (2008) pp. 435-447
-------- -------- --- Thank You --- -------- --------


++++ PLEASE READ AND CITE THE FOLLOWING REFERENCE ++++
D. van der Spoel, E. Lindahl, B. Hess, G. Groenhof, A. E. Mark and H. J. C.
Berendsen
GROMACS: Fast, Flexible and Free
J. Comp. Chem. 26 (2005) pp. 1701-1719
-------- -------- --- Thank You --- -------- --------


++++ PLEASE READ AND CITE THE FOLLOWING REFERENCE ++++
E. Lindahl and B. Hess and D. van der Spoel
GROMACS 3.0: A package for molecular simulation and trajectory analysis
J. Mol. Mod. 7 (2001) pp. 306-317
-------- -------- --- Thank You --- -------- --------


++++ PLEASE READ AND CITE THE FOLLOWING REFERENCE ++++
H. J. C. Berendsen, D. van der Spoel and R. van Drunen
GROMACS: A message-passing parallel molecular dynamics implementation
Comp. Phys. Comm. 91 (1995) pp. 43-56
-------- -------- --- Thank You --- -------- --------

Changing nstlist from 10 to 40, rlist from 1.2 to 1.2

Input Parameters:
   integrator                     = md-vv
   tinit                          = 0
   dt                             = 0.001
   nsteps                         = 100000
   init-step                      = 0
   simulation-part                = 1
   comm-mode                      = Linear
   nstcomm                        = 100
   bd-fric                        = 0
   ld-seed                        = 627401179
   emtol                          = 10
   emstep                         = 0.01
   niter                          = 20
   fcstep                         = 0
   nstcgsteep                     = 1000
   nbfgscorr                      = 10
   rtpi                           = 0.05
   nstxout                        = 1000
   nstvout                        = 0
   nstfout                        = 1000
   nstlog                         = 1000
   nstcalcenergy                  = 100
   nstenergy                      = 1000
   nstxout-compressed             = 0
   compressed-x-precision         = 1000
   cutoff-scheme                  = Verlet
   nstlist                        = 40
   ns-type                        = Grid
   pbc                            = xyz
   periodic-molecules             = FALSE
   verlet-buffer-tolerance        = 0.005
   rlist                          = 1.2
   rlistlong                      = 1.2
   nstcalclr                      = 10
   coulombtype                    = PME
   coulomb-modifier               = Potential-shift
   rcoulomb-switch                = 0
   rcoulomb                       = 1.2
   epsilon-r                      = 1
   epsilon-rf                     = inf
   vdw-type                       = Cut-off
   vdw-modifier                   = Potential-switch
   rvdw-switch                    = 1
   rvdw                           = 1.2
   DispCorr                       = No
   table-extension                = 1
   fourierspacing                 = 0.08
   fourier-nx                     = 80
   fourier-ny                     = 80
   fourier-nz                     = 80
   pme-order                      = 4
   ewald-rtol                     = 1e-06
   ewald-rtol-lj                  = 0.001
   lj-pme-comb-rule               = Geometric
   ewald-geometry                 = 0
   epsilon-surface                = 0
   implicit-solvent               = No
   gb-algorithm                   = Still
   nstgbradii                     = 1
   rgbradii                       = 1
   gb-epsilon-solvent             = 80
   gb-saltconc                    = 0
   gb-obc-alpha                   = 1
   gb-obc-beta                    = 0.8
   gb-obc-gamma                   = 4.85
   gb-dielectric-offset           = 0.009
   sa-algorithm                   = Ace-approximation
   sa-surface-tension             = 2.05016
   tcoupl                         = Nose-Hoover
   nsttcouple                     = 10
   nh-chain-length                = 10
   print-nose-hoover-chain-variables = FALSE
   pcoupl                         = No
   pcoupltype                     = Isotropic
   nstpcouple                     = -1
   tau-p                          = 1
   compressibility (3x3):
      compressibility[    0]={ 0.00000e+00,  0.00000e+00,  0.00000e+00}
      compressibility[    1]={ 0.00000e+00,  0.00000e+00,  0.00000e+00}
      compressibility[    2]={ 0.00000e+00,  0.00000e+00,  0.00000e+00}
   ref-p (3x3):
      ref-p[    0]={ 0.00000e+00,  0.00000e+00,  0.00000e+00}
      ref-p[    1]={ 0.00000e+00,  0.00000e+00,  0.00000e+00}
      ref-p[    2]={ 0.00000e+00,  0.00000e+00,  0.00000e+00}
   refcoord-scaling               = No
   posres-com (3):
      posres-com[0]= 0.00000e+00
      posres-com[1]= 0.00000e+00
      posres-com[2]= 0.00000e+00
   posres-comB (3):
      posres-comB[0]= 0.00000e+00
      posres-comB[1]= 0.00000e+00
      posres-comB[2]= 0.00000e+00
   QMMM                           = FALSE
   QMconstraints                  = 0
   QMMMscheme                     = 0
   MMChargeScaleFactor            = 1
qm-opts:
   ngQM                           = 0
   constraint-algorithm           = Lincs
   continuation                   = FALSE
   Shake-SOR                      = FALSE
   shake-tol                      = 0.0001
   lincs-order                    = 4
   lincs-iter                     = 1
   lincs-warnangle                = 30
   nwall                          = 0
   wall-type                      = 9-3
   wall-r-linpot                  = -1
   wall-atomtype[0]               = -1
   wall-atomtype[1]               = -1
   wall-density[0]                = 0
   wall-density[1]                = 0
   wall-ewald-zfac                = 3
   pull                           = FALSE
   rotation                       = FALSE
   interactiveMD                  = FALSE
   disre                          = No
   disre-weighting                = Conservative
   disre-mixed                    = FALSE
   dr-fc                          = 1000
   dr-tau                         = 0
   nstdisreout                    = 100
   orire-fc                       = 0
   orire-tau                      = 0
   nstorireout                    = 100
   free-energy                    = no
   cos-acceleration               = 0
   deform (3x3):
      deform[    0]={ 0.00000e+00,  0.00000e+00,  0.00000e+00}
      deform[    1]={ 0.00000e+00,  0.00000e+00,  0.00000e+00}
      deform[    2]={ 0.00000e+00,  0.00000e+00,  0.00000e+00}
   simulated-tempering            = FALSE
   E-x:
      n = 0
   E-xt:
      n = 0
   E-y:
      n = 0
   E-yt:
      n = 0
   E-z:
      n = 0
   E-zt:
      n = 0
   swapcoords                     = no
   adress                         = FALSE
   userint1                       = 0
   userint2                       = 0
   userint3                       = 0
   userint4                       = 0
   userreal1                      = 0
   userreal2                      = 0
   userreal3                      = 0
   userreal4                      = 0
grpopts:
   nrdf:        7938
   ref-t:         298
   tau-t:         0.2
annealing:          No
annealing-npoints:           0
   acc:	           0           0           0
   nfreeze:           N           N           N
   energygrp-flags[  0]: 0


Initializing Domain Decomposition on 8 ranks
Dynamic load balancing: auto
Will sort the charge groups at every domain (re)decomposition
Initial maximum inter charge-group distances:
    two-body bonded interactions: 0.376 nm, LJ-14, atoms 8 19
  multi-body bonded interactions: 0.376 nm, Proper Dih., atoms 8 19
Minimum cell size due to bonded interactions: 0.413 nm
Using 0 separate PME ranks, as there are too few total
 ranks for efficient splitting
Scaling the initial minimum size with 1/0.8 (option -dds) = 1.25
Optimizing the DD grid for 8 cells with a minimum initial size of 0.517 nm
The maximum allowed number of cells is: X 11 Y 11 Z 11
Domain decomposition grid 8 x 1 x 1, separate PME ranks 0
PME domain decomposition: 8 x 1 x 1
Domain decomposition rank 0, coordinates 0 0 0

Using 8 MPI processes
Using 5 OpenMP threads per MPI process

Will do PME sum in reciprocal space for electrostatic interactions.

++++ PLEASE READ AND CITE THE FOLLOWING REFERENCE ++++
U. Essmann, L. Perera, M. L. Berkowitz, T. Darden, H. Lee and L. G. Pedersen 
A smooth particle mesh Ewald method
J. Chem. Phys. 103 (1995) pp. 8577-8592
-------- -------- --- Thank You --- -------- --------

Will do ordinary reciprocal space Ewald sum.
Using a Gaussian width (1/beta) of 0.34693 nm for Ewald
Cut-off's:   NS: 1.2   Coulomb: 1.2   LJ: 1.2
System total charge: 0.000
Generated table with 1100 data points for Ewald.
Tabscale = 500 points/nm
Generated table with 1100 data points for LJ6Switch.
Tabscale = 500 points/nm
Generated table with 1100 data points for LJ12Switch.
Tabscale = 500 points/nm
Generated table with 1100 data points for 1-4 COUL.
Tabscale = 500 points/nm
Generated table with 1100 data points for 1-4 LJ6.
Tabscale = 500 points/nm
Generated table with 1100 data points for 1-4 LJ12.
Tabscale = 500 points/nm
Potential shift: LJ r^-12: 0.000e+00 r^-6: 0.000e+00, Ewald -1.000e-06
Initialized non-bonded Ewald correction tables, spacing: 9.71e-04 size: 1237


Using AVX2_256 4x8 non-bonded kernels

Removing pbc first time

Non-default thread affinity set probably by the OpenMP library,
disabling internal thread affinity

Linking all bonded interactions to atoms

The initial number of communication pulses is: X 2
The initial domain decomposition cell size is: X 0.76 nm

The maximum allowed distance for charge groups involved in interactions is:
                 non-bonded interactions           1.200 nm
            two-body bonded interactions  (-rdd)   1.200 nm
          multi-body bonded interactions  (-rdd)   0.760 nm

When dynamic load balancing gets turned on, these settings will change to:
The maximum number of communication pulses is: X 2
The minimum size for domain decomposition cells is 0.600 nm
The requested allowed shrink of DD cells (option -dds) is: 0.80
The allowed shrink of domain decomposition cells is: X 0.79
The maximum allowed distance for charge groups involved in interactions is:
                 non-bonded interactions           1.200 nm
            two-body bonded interactions  (-rdd)   1.200 nm
          multi-body bonded interactions  (-rdd)   0.600 nm


Making 1D domain decomposition grid 8 x 1 x 1, home cell index 0 0 0

Center of mass motion removal mode is Linear
We have the following groups for center of mass motion removal:
  0:  rest
There are: 2647 Atoms
Atom distribution over 8 domains: av 330 stddev 332 min 0 max 822
Initial temperature: 297.826 K

Started mdrun on rank 0 Wed Feb 12 17:17:06 2020
           Step           Time         Lambda
              0        0.00000        0.00000

   Energies (kJ/mol)
           Bond          Angle            U-B    Proper Dih.  Improper Dih.
    3.52868e+03    1.99648e+03    2.67238e+01    2.74789e+01    2.73192e+00
          LJ-14     Coulomb-14        LJ (SR)   Coulomb (SR)   Coul. recip.
    6.11017e+01    1.52842e+01    5.09746e+03   -4.43446e+04    3.18362e+02
      Potential    Kinetic En.   Total Energy  Conserved En.    Temperature
   -3.32703e+04    9.82828e+03   -2.34420e+04   -2.34420e+04    2.97826e+02
 Pressure (bar)
   -4.21920e+01

DD  step 39 load imb.: force 94.4%

At step 40 the performance loss due to force load imbalance is 12.6 %

NOTE: Turning on dynamic load balancing

DD  load balancing is limited by minimum cell size in dimension X
DD  step 999  vol min/aver 0.789! load imb.: force 109.4%

           Step           Time         Lambda
           1000        1.00000        0.00000

   Energies (kJ/mol)
           Bond          Angle            U-B    Proper Dih.  Improper Dih.
    3.65674e+03    2.08962e+03    4.21196e+01    1.90820e+01    1.82346e-01
          LJ-14     Coulomb-14        LJ (SR)   Coulomb (SR)   Coul. recip.
    5.16637e+01    1.35295e+01    4.95510e+03   -4.42835e+04    3.26598e+02
      Potential    Kinetic En.   Total Energy  Conserved En.    Temperature
   -3.31289e+04    9.54105e+03   -2.35878e+04   -2.34316e+04    2.89122e+02
 Pressure (bar)
   -1.85123e+02

DD  load balancing is limited by minimum cell size in dimension X
DD  step 1999  vol min/aver 0.789! load imb.: force 116.8%

           Step           Time         Lambda
           2000        2.00000        0.00000

   Energies (kJ/mol)
           Bond          Angle            U-B    Proper Dih.  Improper Dih.
    3.58435e+03    2.17374e+03    4.50518e+01    2.26024e+01    1.60431e+00
          LJ-14     Coulomb-14        LJ (SR)   Coulomb (SR)   Coul. recip.
    4.40093e+01    1.07525e+01    5.25178e+03   -4.44301e+04    3.04855e+02
      Potential    Kinetic En.   Total Energy  Conserved En.    Temperature
   -3.29914e+04    9.93920e+03   -2.30522e+04   -2.34351e+04    3.01187e+02
 Pressure (bar)
   -1.92151e+02

DD  load balancing is limited by minimum cell size in dimension X
DD  step 2999  vol min/aver 0.789! load imb.: force 123.2%

           Step           Time         Lambda
           3000        3.00000        0.00000

   Energies (kJ/mol)
           Bond          Angle            U-B    Proper Dih.  Improper Dih.
    3.74783e+03    1.95213e+03    3.33984e+01    2.79286e+01    2.07664e+00
          LJ-14     Coulomb-14        LJ (SR)   Coulomb (SR)   Coul. recip.
    4.98430e+01    1.33242e+01    4.90362e+03   -4.38398e+04    3.24122e+02
      Potential    Kinetic En.   Total Energy  Conserved En.    Temperature
   -3.27855e+04    9.84896e+03   -2.29365e+04   -2.34279e+04    2.98453e+02
 Pressure (bar)
   -2.29486e+02

DD  load balancing is limited by minimum cell size in dimension X
DD  step 3999  vol min/aver 0.789! load imb.: force 115.4%

           Step           Time         Lambda
           4000        4.00000        0.00000

   Energies (kJ/mol)
           Bond          Angle            U-B    Proper Dih.  Improper Dih.
    3.65829e+03    2.00803e+03    5.30214e+01    2.62327e+01    1.48309e+00
          LJ-14     Coulomb-14        LJ (SR)   Coulomb (SR)   Coul. recip.
    4.90968e+01    5.13645e+00    5.25757e+03   -4.41462e+04    2.98457e+02
      Potential    Kinetic En.   Total Energy  Conserved En.    Temperature
   -3.27889e+04    9.67030e+03   -2.31186e+04   -2.34306e+04    2.93038e+02
 Pressure (bar)
   -1.31516e+02

DD  load balancing is limited by minimum cell size in dimension X
DD  step 4999  vol min/aver 0.789! load imb.: force 102.4%

           Step           Time         Lambda
           5000        5.00000        0.00000

   Energies (kJ/mol)
           Bond          Angle            U-B    Proper Dih.  Improper Dih.
    3.52137e+03    2.12930e+03    3.35619e+01    1.82368e+01    2.28556e+00
          LJ-14     Coulomb-14        LJ (SR)   Coulomb (SR)   Coul. recip.
    4.68579e+01    9.31182e+00    5.22562e+03   -4.40798e+04    3.19286e+02
      Potential    Kinetic En.   Total Energy  Conserved En.    Temperature
   -3.27740e+04    9.97674e+03   -2.27972e+04   -2.34270e+04    3.02325e+02
 Pressure (bar)
    5.77363e+01

DD  load balancing is limited by minimum cell size in dimension X
DD  step 5999  vol min/aver 0.789! load imb.: force 108.7%

           Step           Time         Lambda
           6000        6.00000        0.00000

   Energies (kJ/mol)
           Bond          Angle            U-B    Proper Dih.  Improper Dih.
    3.61121e+03    1.97721e+03    3.96162e+01    2.75750e+01    1.06336e+00
          LJ-14     Coulomb-14        LJ (SR)   Coulomb (SR)   Coul. recip.
    4.75966e+01    1.04935e+01    5.61807e+03   -4.47366e+04    3.05173e+02
      Potential    Kinetic En.   Total Energy  Conserved En.    Temperature
   -3.30986e+04    1.00137e+04   -2.30848e+04   -2.34264e+04    3.03445e+02
 Pressure (bar)
    1.34415e+02

DD  load balancing is limited by minimum cell size in dimension X
DD  step 6999  vol min/aver 0.789! load imb.: force 108.8%

           Step           Time         Lambda
           7000        7.00000        0.00000

   Energies (kJ/mol)
           Bond          Angle            U-B    Proper Dih.  Improper Dih.
    3.59092e+03    2.00420e+03    3.41832e+01    1.98576e+01    2.97810e+00
          LJ-14     Coulomb-14        LJ (SR)   Coulomb (SR)   Coul. recip.
    5.24034e+01    1.10043e+01    5.43172e+03   -4.42753e+04    3.17372e+02
      Potential    Kinetic En.   Total Energy  Conserved En.    Temperature
   -3.28106e+04    9.88215e+03   -2.29285e+04   -2.34181e+04    2.99458e+02
 Pressure (bar)
    1.35589e+02

DD  load balancing is limited by minimum cell size in dimension X
DD  step 7999  vol min/aver 0.789! load imb.: force 115.3%

           Step           Time         Lambda
           8000        8.00000        0.00000

   Energies (kJ/mol)
           Bond          Angle            U-B    Proper Dih.  Improper Dih.
    3.55770e+03    2.22837e+03    3.44300e+01    3.56133e+01    4.54806e+00
          LJ-14     Coulomb-14        LJ (SR)   Coulomb (SR)   Coul. recip.
    4.55820e+01    1.07412e+01    5.46399e+03   -4.46651e+04    3.12535e+02
      Potential    Kinetic En.   Total Energy  Conserved En.    Temperature
   -3.29716e+04    9.88978e+03   -2.30818e+04   -2.34310e+04    2.99689e+02
 Pressure (bar)
    1.80579e+02

DD  load balancing is limited by minimum cell size in dimension X
DD  step 8999  vol min/aver 0.789! load imb.: force 116.5%

           Step           Time         Lambda
           9000        9.00000        0.00000

   Energies (kJ/mol)
           Bond          Angle            U-B    Proper Dih.  Improper Dih.
    3.68309e+03    2.10716e+03    2.74939e+01    2.15012e+01    7.66422e-01
          LJ-14     Coulomb-14        LJ (SR)   Coulomb (SR)   Coul. recip.
    5.16360e+01    1.00919e+01    5.23404e+03   -4.43142e+04    3.25347e+02
      Potential    Kinetic En.   Total Energy  Conserved En.    Temperature
   -3.28531e+04    9.87560e+03   -2.29775e+04   -2.34276e+04    2.99260e+02
 Pressure (bar)
    6.21872e+01

DD  load balancing is limited by minimum cell size in dimension X
DD  step 9999  vol min/aver 0.789! load imb.: force 112.0%

           Step           Time         Lambda
          10000       10.00000        0.00000

   Energies (kJ/mol)
           Bond          Angle            U-B    Proper Dih.  Improper Dih.
    3.68738e+03    1.87870e+03    3.05343e+01    2.27090e+01    9.77043e-01
          LJ-14     Coulomb-14        LJ (SR)   Coulomb (SR)   Coul. recip.
    4.29004e+01    9.22420e+00    5.23321e+03   -4.41872e+04    2.86673e+02
      Potential    Kinetic En.   Total Energy  Conserved En.    Temperature
   -3.29949e+04    9.83677e+03   -2.31582e+04   -2.34363e+04    2.98083e+02
 Pressure (bar)
   -1.26018e+02

DD  load balancing is limited by minimum cell size in dimension X
DD  step 10999  vol min/aver 0.789! load imb.: force 111.3%

           Step           Time         Lambda
          11000       11.00000        0.00000

   Energies (kJ/mol)
           Bond          Angle            U-B    Proper Dih.  Improper Dih.
    3.76270e+03    2.14800e+03    3.79684e+01    1.86411e+01    5.17403e-01
          LJ-14     Coulomb-14        LJ (SR)   Coulomb (SR)   Coul. recip.
    4.34873e+01    9.41185e+00    5.39681e+03   -4.43598e+04    2.84427e+02
      Potential    Kinetic En.   Total Energy  Conserved En.    Temperature
   -3.26578e+04    9.89151e+03   -2.27663e+04   -2.34171e+04    2.99742e+02
 Pressure (bar)
   -1.54980e+01

DD  load balancing is limited by minimum cell size in dimension X
DD  step 11999  vol min/aver 0.789! load imb.: force 111.0%

           Step           Time         Lambda
          12000       12.00000        0.00000

   Energies (kJ/mol)
           Bond          Angle            U-B    Proper Dih.  Improper Dih.
    3.58655e+03    1.97989e+03    3.10871e+01    2.90865e+01    3.85574e-01
          LJ-14     Coulomb-14        LJ (SR)   Coulomb (SR)   Coul. recip.
    4.46876e+01    9.54512e+00    5.26810e+03   -4.41474e+04    2.75259e+02
      Potential    Kinetic En.   Total Energy  Conserved En.    Temperature
   -3.29229e+04    9.80837e+03   -2.31145e+04   -2.34280e+04    2.97222e+02
 Pressure (bar)
    4.85355e+00

DD  load balancing is limited by minimum cell size in dimension X
DD  step 12999  vol min/aver 0.789! load imb.: force 121.5%

           Step           Time         Lambda
          13000       13.00000        0.00000

   Energies (kJ/mol)
           Bond          Angle            U-B    Proper Dih.  Improper Dih.
    3.66038e+03    2.02118e+03    2.72723e+01    1.95591e+01    5.66744e-01
          LJ-14     Coulomb-14        LJ (SR)   Coulomb (SR)   Coul. recip.
    4.88640e+01    1.12226e+01    5.21676e+03   -4.43242e+04    3.26161e+02
      Potential    Kinetic En.   Total Energy  Conserved En.    Temperature
   -3.29923e+04    1.00740e+04   -2.29183e+04   -2.34284e+04    3.05271e+02
 Pressure (bar)
   -6.83236e+01

DD  load balancing is limited by minimum cell size in dimension X
DD  step 13999  vol min/aver 0.789! load imb.: force 126.5%

           Step           Time         Lambda
          14000       14.00000        0.00000

   Energies (kJ/mol)
           Bond          Angle            U-B    Proper Dih.  Improper Dih.
    3.70663e+03    1.98656e+03    4.04745e+01    1.76972e+01    1.86736e-01
          LJ-14     Coulomb-14        LJ (SR)   Coulomb (SR)   Coul. recip.
    4.67826e+01    1.08952e+01    5.56711e+03   -4.47064e+04    3.25880e+02
      Potential    Kinetic En.   Total Energy  Conserved En.    Temperature
   -3.30042e+04    1.00547e+04   -2.29495e+04   -2.34297e+04    3.04687e+02
 Pressure (bar)
    4.05244e+01

DD  load balancing is limited by minimum cell size in dimension X
DD  step 14999  vol min/aver 0.789! load imb.: force 118.3%

           Step           Time         Lambda
          15000       15.00000        0.00000

   Energies (kJ/mol)
           Bond          Angle            U-B    Proper Dih.  Improper Dih.
    3.61947e+03    2.10078e+03    2.70114e+01    2.15459e+01    1.83599e+00
          LJ-14     Coulomb-14        LJ (SR)   Coulomb (SR)   Coul. recip.
    4.76323e+01    1.00986e+01    5.23149e+03   -4.46873e+04    2.93235e+02
      Potential    Kinetic En.   Total Energy  Conserved En.    Temperature
   -3.33342e+04    1.00397e+04   -2.32945e+04   -2.34353e+04    3.04231e+02
 Pressure (bar)
    3.51963e+01

DD  load balancing is limited by minimum cell size in dimension X
DD  step 15999  vol min/aver 0.789! load imb.: force 110.3%

           Step           Time         Lambda
          16000       16.00000        0.00000

   Energies (kJ/mol)
           Bond          Angle            U-B    Proper Dih.  Improper Dih.
    3.78990e+03    2.20378e+03    3.40404e+01    2.89903e+01    2.77307e+00
          LJ-14     Coulomb-14        LJ (SR)   Coulomb (SR)   Coul. recip.
    5.36793e+01    9.60210e+00    5.28920e+03   -4.45876e+04    3.05613e+02
      Potential    Kinetic En.   Total Energy  Conserved En.    Temperature
   -3.28700e+04    9.68371e+03   -2.31863e+04   -2.34238e+04    2.93445e+02
 Pressure (bar)
   -1.51369e+02

DD  load balancing is limited by minimum cell size in dimension X
DD  step 16999  vol min/aver 0.789! load imb.: force 111.2%

           Step           Time         Lambda
          17000       17.00000        0.00000

   Energies (kJ/mol)
           Bond          Angle            U-B    Proper Dih.  Improper Dih.
    3.74348e+03    2.01766e+03    4.16712e+01    2.30411e+01    2.40955e+00
          LJ-14     Coulomb-14        LJ (SR)   Coulomb (SR)   Coul. recip.
    4.64018e+01    1.12824e+01    5.54729e+03   -4.47328e+04    3.14252e+02
      Potential    Kinetic En.   Total Energy  Conserved En.    Temperature
   -3.29853e+04    9.90566e+03   -2.30796e+04   -2.34201e+04    3.00171e+02
 Pressure (bar)
    1.22408e+02

DD  load balancing is limited by minimum cell size in dimension X
DD  step 17999  vol min/aver 0.789! load imb.: force 110.9%

           Step           Time         Lambda
          18000       18.00000        0.00000

   Energies (kJ/mol)
           Bond          Angle            U-B    Proper Dih.  Improper Dih.
    3.54314e+03    2.03780e+03    2.95650e+01    2.48925e+01    2.10223e+00
          LJ-14     Coulomb-14        LJ (SR)   Coulomb (SR)   Coul. recip.
    5.19713e+01    1.11935e+01    5.24563e+03   -4.39771e+04    3.08985e+02
      Potential    Kinetic En.   Total Energy  Conserved En.    Temperature
   -3.27218e+04    9.75268e+03   -2.29692e+04   -2.34281e+04    2.95535e+02
 Pressure (bar)
    5.21960e+01

DD  load balancing is limited by minimum cell size in dimension X
DD  step 18999  vol min/aver 0.789! load imb.: force 120.0%

           Step           Time         Lambda
          19000       19.00000        0.00000

   Energies (kJ/mol)
           Bond          Angle            U-B    Proper Dih.  Improper Dih.
    3.68653e+03    2.12380e+03    2.24848e+01    2.40217e+01    3.43697e+00
          LJ-14     Coulomb-14        LJ (SR)   Coulomb (SR)   Coul. recip.
    4.93250e+01    1.38070e+01    5.34281e+03   -4.43422e+04    2.98608e+02
      Potential    Kinetic En.   Total Energy  Conserved En.    Temperature
   -3.27774e+04    9.58893e+03   -2.31884e+04   -2.34194e+04    2.90573e+02
 Pressure (bar)
   -2.24834e+01

DD  load balancing is limited by minimum cell size in dimension X
DD  step 19999  vol min/aver 0.789! load imb.: force 115.3%

           Step           Time         Lambda
          20000       20.00000        0.00000

   Energies (kJ/mol)
           Bond          Angle            U-B    Proper Dih.  Improper Dih.
    3.63729e+03    2.04392e+03    1.72973e+01    2.43395e+01    4.76307e+00
          LJ-14     Coulomb-14        LJ (SR)   Coulomb (SR)   Coul. recip.
    5.63797e+01    1.30810e+01    5.48840e+03   -4.49143e+04    2.80427e+02
      Potential    Kinetic En.   Total Energy  Conserved En.    Temperature
   -3.33484e+04    9.96182e+03   -2.33866e+04   -2.34330e+04    3.01872e+02
 Pressure (bar)
    5.10099e+01

DD  load balancing is limited by minimum cell size in dimension X
DD  step 20999  vol min/aver 0.789! load imb.: force 117.9%

           Step           Time         Lambda
          21000       21.00000        0.00000

   Energies (kJ/mol)
           Bond          Angle            U-B    Proper Dih.  Improper Dih.
    3.74741e+03    2.04737e+03    2.45509e+01    1.74251e+01    3.08269e-01
          LJ-14     Coulomb-14        LJ (SR)   Coulomb (SR)   Coul. recip.
    4.89244e+01    1.30299e+01    4.98868e+03   -4.40884e+04    2.85043e+02
      Potential    Kinetic En.   Total Energy  Conserved En.    Temperature
   -3.29157e+04    9.55674e+03   -2.33589e+04   -2.34180e+04    2.89597e+02
 Pressure (bar)
   -1.77528e+02

DD  load balancing is limited by minimum cell size in dimension X
DD  step 21999  vol min/aver 0.789! load imb.: force 119.5%

           Step           Time         Lambda
          22000       22.00000        0.00000

   Energies (kJ/mol)
           Bond          Angle            U-B    Proper Dih.  Improper Dih.
    3.77277e+03    2.05722e+03    3.80569e+01    1.90707e+01    3.08528e-01
          LJ-14     Coulomb-14        LJ (SR)   Coulomb (SR)   Coul. recip.
    5.25991e+01    1.63205e+01    5.31227e+03   -4.46416e+04    3.06539e+02
      Potential    Kinetic En.   Total Energy  Conserved En.    Temperature
   -3.30665e+04    9.83704e+03   -2.32294e+04   -2.34280e+04    2.98091e+02
 Pressure (bar)
   -2.12696e+02

DD  load balancing is limited by minimum cell size in dimension X
DD  step 22999  vol min/aver 0.789! load imb.: force 118.2%

           Step           Time         Lambda
          23000       23.00000        0.00000

   Energies (kJ/mol)
           Bond          Angle            U-B    Proper Dih.  Improper Dih.
    3.56433e+03    2.17280e+03    4.64128e+01    2.26024e+01    4.31688e+00
          LJ-14     Coulomb-14        LJ (SR)   Coulomb (SR)   Coul. recip.
    4.99333e+01    8.64359e+00    5.23398e+03   -4.41963e+04    2.85626e+02
      Potential    Kinetic En.   Total Energy  Conserved En.    Temperature
   -3.28076e+04    9.68130e+03   -2.31263e+04   -2.34282e+04    2.93372e+02
 Pressure (bar)
   -9.53500e+00

DD  load balancing is limited by minimum cell size in dimension X
DD  step 23999  vol min/aver 0.789! load imb.: force 110.5%

           Step           Time         Lambda
          24000       24.00000        0.00000

   Energies (kJ/mol)
           Bond          Angle            U-B    Proper Dih.  Improper Dih.
    3.66730e+03    2.17559e+03    3.98503e+01    1.73028e+01    2.76671e-01
          LJ-14     Coulomb-14        LJ (SR)   Coulomb (SR)   Coul. recip.
    5.17260e+01    9.89827e+00    5.39541e+03   -4.43183e+04    3.10430e+02
      Potential    Kinetic En.   Total Energy  Conserved En.    Temperature
   -3.26505e+04    9.94508e+03   -2.27054e+04   -2.34088e+04    3.01365e+02
 Pressure (bar)
    4.32972e+01

DD  load balancing is limited by minimum cell size in dimension X
DD  step 24999  vol min/aver 0.789! load imb.: force 119.0%

           Step           Time         Lambda
          25000       25.00000        0.00000

   Energies (kJ/mol)
           Bond          Angle            U-B    Proper Dih.  Improper Dih.
    3.61747e+03    2.03340e+03    3.35522e+01    1.64640e+01    1.13843e+00
          LJ-14     Coulomb-14        LJ (SR)   Coulomb (SR)   Coul. recip.
    4.79402e+01    7.87590e+00    5.28084e+03   -4.43445e+04    2.97443e+02
      Potential    Kinetic En.   Total Energy  Conserved En.    Temperature
   -3.30084e+04    1.00774e+04   -2.29310e+04   -2.34206e+04    3.05374e+02
 Pressure (bar)
    4.03342e+01

DD  load balancing is limited by minimum cell size in dimension X
DD  step 25999  vol min/aver 0.789! load imb.: force 130.8%

           Step           Time         Lambda
          26000       26.00000        0.00000

   Energies (kJ/mol)
           Bond          Angle            U-B    Proper Dih.  Improper Dih.
    3.52556e+03    2.10075e+03    3.99842e+01    2.81751e+01    4.36204e-01
          LJ-14     Coulomb-14        LJ (SR)   Coulomb (SR)   Coul. recip.
    4.42878e+01    1.33433e+01    5.01912e+03   -4.38449e+04    2.88618e+02
      Potential    Kinetic En.   Total Energy  Conserved En.    Temperature
   -3.27847e+04    1.00485e+04   -2.27361e+04   -2.34219e+04    3.04500e+02
 Pressure (bar)
    5.38634e+01

DD  load balancing is limited by minimum cell size in dimension X
DD  step 26999  vol min/aver 0.789! load imb.: force 126.4%

           Step           Time         Lambda
          27000       27.00000        0.00000

   Energies (kJ/mol)
           Bond          Angle            U-B    Proper Dih.  Improper Dih.
    3.76269e+03    2.10128e+03    5.28021e+01    1.57441e+01    3.75597e+00
          LJ-14     Coulomb-14        LJ (SR)   Coulomb (SR)   Coul. recip.
    5.13381e+01    9.36401e+00    5.26782e+03   -4.44390e+04    3.26125e+02
      Potential    Kinetic En.   Total Energy  Conserved En.    Temperature
   -3.28481e+04    9.88413e+03   -2.29640e+04   -2.34125e+04    2.99518e+02
 Pressure (bar)
    1.29215e+01

DD  load balancing is limited by minimum cell size in dimension X
DD  step 27999  vol min/aver 0.789! load imb.: force 119.8%

           Step           Time         Lambda
          28000       28.00000        0.00000

   Energies (kJ/mol)
           Bond          Angle            U-B    Proper Dih.  Improper Dih.
    3.64268e+03    2.21571e+03    3.18627e+01    2.09386e+01    2.17763e+00
          LJ-14     Coulomb-14        LJ (SR)   Coulomb (SR)   Coul. recip.
    4.80430e+01    9.66046e+00    5.27607e+03   -4.42203e+04    2.83137e+02
      Potential    Kinetic En.   Total Energy  Conserved En.    Temperature
   -3.26900e+04    9.83057e+03   -2.28595e+04   -2.34267e+04    2.97895e+02
 Pressure (bar)
   -8.93434e+01

DD  load balancing is limited by minimum cell size in dimension X
DD  step 28999  vol min/aver 0.789! load imb.: force 113.8%

           Step           Time         Lambda
          29000       29.00000        0.00000

   Energies (kJ/mol)
           Bond          Angle            U-B    Proper Dih.  Improper Dih.
    3.68692e+03    2.06522e+03    4.13559e+01    1.54511e+01    7.90945e-01
          LJ-14     Coulomb-14        LJ (SR)   Coulomb (SR)   Coul. recip.
    4.68478e+01    1.42626e+01    5.47183e+03   -4.50443e+04    3.04140e+02
      Potential    Kinetic En.   Total Energy  Conserved En.    Temperature
   -3.33975e+04    1.00025e+04   -2.33950e+04   -2.34297e+04    3.03106e+02
 Pressure (bar)
   -8.83970e+01

DD  load balancing is limited by minimum cell size in dimension X
DD  step 29999  vol min/aver 0.789! load imb.: force 108.4%

           Step           Time         Lambda
          30000       30.00000        0.00000

   Energies (kJ/mol)
           Bond          Angle            U-B    Proper Dih.  Improper Dih.
    3.58513e+03    2.04024e+03    3.30700e+01    1.72606e+01    1.06440e+00
          LJ-14     Coulomb-14        LJ (SR)   Coulomb (SR)   Coul. recip.
    5.65059e+01    1.32481e+01    5.34724e+03   -4.44072e+04    3.08981e+02
      Potential    Kinetic En.   Total Energy  Conserved En.    Temperature
   -3.30045e+04    1.01463e+04   -2.28582e+04   -2.34219e+04    3.07462e+02
 Pressure (bar)
    9.15412e+01

DD  load balancing is limited by minimum cell size in dimension X
DD  step 30999  vol min/aver 0.789! load imb.: force 119.1%

           Step           Time         Lambda
          31000       31.00000        0.00000

   Energies (kJ/mol)
           Bond          Angle            U-B    Proper Dih.  Improper Dih.
    3.58144e+03    1.96035e+03    3.08524e+01    3.05621e+01    8.96307e-02
          LJ-14     Coulomb-14        LJ (SR)   Coulomb (SR)   Coul. recip.
    4.58787e+01    1.21705e+01    5.24704e+03   -4.43869e+04    2.97647e+02
      Potential    Kinetic En.   Total Energy  Conserved En.    Temperature
   -3.31809e+04    9.94807e+03   -2.32328e+04   -2.34269e+04    3.01456e+02
 Pressure (bar)
   -4.10936e+01

DD  load balancing is limited by minimum cell size in dimension X
DD  step 31999  vol min/aver 0.789! load imb.: force 125.8%

           Step           Time         Lambda
          32000       32.00000        0.00000

   Energies (kJ/mol)
           Bond          Angle            U-B    Proper Dih.  Improper Dih.
    3.68324e+03    1.94198e+03    3.03860e+01    2.86964e+01    3.62299e-02
          LJ-14     Coulomb-14        LJ (SR)   Coulomb (SR)   Coul. recip.
    4.02577e+01    1.26870e+01    5.47862e+03   -4.43088e+04    2.85745e+02
      Potential    Kinetic En.   Total Energy  Conserved En.    Temperature
   -3.28072e+04    9.85325e+03   -2.29539e+04   -2.34154e+04    2.98582e+02
 Pressure (bar)
    7.38188e+01

DD  load balancing is limited by minimum cell size in dimension X
DD  step 32999  vol min/aver 0.789! load imb.: force 123.6%

           Step           Time         Lambda
          33000       33.00000        0.00000

   Energies (kJ/mol)
           Bond          Angle            U-B    Proper Dih.  Improper Dih.
    3.61854e+03    1.95456e+03    3.33671e+01    2.29157e+01    3.84254e-01
          LJ-14     Coulomb-14        LJ (SR)   Coulomb (SR)   Coul. recip.
    4.75079e+01    7.83801e+00    5.06348e+03   -4.37992e+04    2.75194e+02
      Potential    Kinetic En.   Total Energy  Conserved En.    Temperature
   -3.27754e+04    1.01754e+04   -2.26000e+04   -2.34245e+04    3.08345e+02
 Pressure (bar)
   -1.54441e+01

DD  load balancing is limited by minimum cell size in dimension X
DD  step 33999  vol min/aver 0.789! load imb.: force 117.1%

           Step           Time         Lambda
          34000       34.00000        0.00000

   Energies (kJ/mol)
           Bond          Angle            U-B    Proper Dih.  Improper Dih.
    3.62147e+03    2.08050e+03    3.27062e+01    2.91563e+01    3.97221e-01
          LJ-14     Coulomb-14        LJ (SR)   Coulomb (SR)   Coul. recip.
    4.82300e+01    1.14173e+01    5.47624e+03   -4.45939e+04    3.42329e+02
      Potential    Kinetic En.   Total Energy  Conserved En.    Temperature
   -3.29515e+04    9.73448e+03   -2.32170e+04   -2.34130e+04    2.94983e+02
 Pressure (bar)
    5.94872e+01

DD  load balancing is limited by minimum cell size in dimension X
DD  step 34999  vol min/aver 0.789! load imb.: force 116.1%

           Step           Time         Lambda
          35000       35.00000        0.00000

   Energies (kJ/mol)
           Bond          Angle            U-B    Proper Dih.  Improper Dih.
    3.54967e+03    2.07694e+03    3.26781e+01    2.40890e+01    1.05759e+00
          LJ-14     Coulomb-14        LJ (SR)   Coulomb (SR)   Coul. recip.
    5.16163e+01    9.69385e+00    5.49971e+03   -4.45302e+04    2.86723e+02
      Potential    Kinetic En.   Total Energy  Conserved En.    Temperature
   -3.29981e+04    9.52776e+03   -2.34703e+04   -2.34222e+04    2.88719e+02
 Pressure (bar)
    1.02455e+02

DD  load balancing is limited by minimum cell size in dimension X
DD  step 35999  vol min/aver 0.789! load imb.: force 121.5%

           Step           Time         Lambda
          36000       36.00000        0.00000

   Energies (kJ/mol)
           Bond          Angle            U-B    Proper Dih.  Improper Dih.
    3.46778e+03    2.08826e+03    4.30300e+01    2.71503e+01    5.69622e-01
          LJ-14     Coulomb-14        LJ (SR)   Coulomb (SR)   Coul. recip.
    4.25084e+01    1.26416e+01    5.02985e+03   -4.40265e+04    3.07098e+02
      Potential    Kinetic En.   Total Energy  Conserved En.    Temperature
   -3.30076e+04    1.00196e+04   -2.29880e+04   -2.34289e+04    3.03623e+02
 Pressure (bar)
   -8.31851e+01

DD  load balancing is limited by minimum cell size in dimension X
DD  step 36999  vol min/aver 0.789! load imb.: force 120.3%

           Step           Time         Lambda
          37000       37.00000        0.00000

   Energies (kJ/mol)
           Bond          Angle            U-B    Proper Dih.  Improper Dih.
    3.57023e+03    2.10267e+03    4.82773e+01    2.48686e+01    1.35695e+00
          LJ-14     Coulomb-14        LJ (SR)   Coulomb (SR)   Coul. recip.
    3.98976e+01    1.29549e+01    4.59162e+03   -4.34158e+04    3.18421e+02
      Potential    Kinetic En.   Total Energy  Conserved En.    Temperature
   -3.27055e+04    9.77231e+03   -2.29332e+04   -2.34207e+04    2.96130e+02
 Pressure (bar)
   -2.07842e+02

DD  load balancing is limited by minimum cell size in dimension X
DD  step 37999  vol min/aver 0.789! load imb.: force 114.6%

           Step           Time         Lambda
          38000       38.00000        0.00000

   Energies (kJ/mol)
           Bond          Angle            U-B    Proper Dih.  Improper Dih.
    3.55237e+03    1.92511e+03    5.82805e+01    2.26039e+01    1.68787e+00
          LJ-14     Coulomb-14        LJ (SR)   Coulomb (SR)   Coul. recip.
    4.62120e+01    1.32552e+01    5.21112e+03   -4.38800e+04    2.99953e+02
      Potential    Kinetic En.   Total Energy  Conserved En.    Temperature
   -3.27494e+04    1.00407e+04   -2.27087e+04   -2.34167e+04    3.04262e+02
 Pressure (bar)
    4.09511e+01

DD  load balancing is limited by minimum cell size in dimension X
DD  step 38999  vol min/aver 0.789! load imb.: force 104.9%

           Step           Time         Lambda
          39000       39.00000        0.00000

   Energies (kJ/mol)
           Bond          Angle            U-B    Proper Dih.  Improper Dih.
    3.53751e+03    2.06361e+03    4.62542e+01    1.96020e+01    1.11399e-03
          LJ-14     Coulomb-14        LJ (SR)   Coulomb (SR)   Coul. recip.
    4.04117e+01    9.44227e+00    5.35387e+03   -4.39794e+04    3.42230e+02
      Potential    Kinetic En.   Total Energy  Conserved En.    Temperature
   -3.25665e+04    1.00286e+04   -2.25379e+04   -2.34109e+04    3.03897e+02
 Pressure (bar)
    1.40246e+02

DD  load balancing is limited by minimum cell size in dimension X
DD  step 39999  vol min/aver 0.789! load imb.: force 120.4%

           Step           Time         Lambda
          40000       40.00000        0.00000

   Energies (kJ/mol)
           Bond          Angle            U-B    Proper Dih.  Improper Dih.
    3.50029e+03    1.98340e+03    4.61124e+01    3.22299e+01    4.90534e-01
          LJ-14     Coulomb-14        LJ (SR)   Coulomb (SR)   Coul. recip.
    4.73297e+01    5.31729e+00    4.89654e+03   -4.39315e+04    3.19250e+02
      Potential    Kinetic En.   Total Energy  Conserved En.    Temperature
   -3.31006e+04    9.72443e+03   -2.33761e+04   -2.34259e+04    2.94679e+02
 Pressure (bar)
   -1.08005e+02

DD  load balancing is limited by minimum cell size in dimension X
DD  step 40999  vol min/aver 0.789! load imb.: force 111.8%

           Step           Time         Lambda
          41000       41.00000        0.00000

   Energies (kJ/mol)
           Bond          Angle            U-B    Proper Dih.  Improper Dih.
    3.53586e+03    2.05525e+03    5.26535e+01    3.30313e+01    6.58414e-01
          LJ-14     Coulomb-14        LJ (SR)   Coulomb (SR)   Coul. recip.
    4.61183e+01    1.17616e+01    5.24571e+03   -4.41788e+04    2.93083e+02
      Potential    Kinetic En.   Total Energy  Conserved En.    Temperature
   -3.29046e+04    9.86958e+03   -2.30351e+04   -2.34256e+04    2.99077e+02
 Pressure (bar)
   -6.69960e+01

DD  load balancing is limited by minimum cell size in dimension X
DD  step 41999  vol min/aver 0.789! load imb.: force 120.0%

           Step           Time         Lambda
          42000       42.00000        0.00000

   Energies (kJ/mol)
           Bond          Angle            U-B    Proper Dih.  Improper Dih.
    3.59555e+03    2.13162e+03    3.47931e+01    2.41066e+01    4.87124e+00
          LJ-14     Coulomb-14        LJ (SR)   Coulomb (SR)   Coul. recip.
    4.87365e+01    4.40901e+00    5.35207e+03   -4.42540e+04    3.13101e+02
      Potential    Kinetic En.   Total Energy  Conserved En.    Temperature
   -3.27448e+04    9.95456e+03   -2.27902e+04   -2.34191e+04    3.01652e+02
 Pressure (bar)
   -6.31390e+01

DD  load balancing is limited by minimum cell size in dimension X
DD  step 42999  vol min/aver 0.789! load imb.: force 111.4%

           Step           Time         Lambda
          43000       43.00000        0.00000

   Energies (kJ/mol)
           Bond          Angle            U-B    Proper Dih.  Improper Dih.
    3.49893e+03    2.11847e+03    4.37361e+01    3.77553e+01    1.33717e-01
          LJ-14     Coulomb-14        LJ (SR)   Coulomb (SR)   Coul. recip.
    4.25840e+01    1.10660e+01    5.26659e+03   -4.42191e+04    3.03590e+02
      Potential    Kinetic En.   Total Energy  Conserved En.    Temperature
   -3.28963e+04    1.00085e+04   -2.28878e+04   -2.34236e+04    3.03287e+02
 Pressure (bar)
   -4.76995e+01

DD  load balancing is limited by minimum cell size in dimension X
DD  step 43999  vol min/aver 0.789! load imb.: force 116.5%

           Step           Time         Lambda
          44000       44.00000        0.00000

   Energies (kJ/mol)
           Bond          Angle            U-B    Proper Dih.  Improper Dih.
    3.45394e+03    1.99168e+03    2.93800e+01    2.65279e+01    5.53766e+00
          LJ-14     Coulomb-14        LJ (SR)   Coulomb (SR)   Coul. recip.
    5.53348e+01    1.17863e+01    5.22317e+03   -4.39771e+04    3.20464e+02
      Potential    Kinetic En.   Total Energy  Conserved En.    Temperature
   -3.28593e+04    9.58713e+03   -2.32722e+04   -2.34196e+04    2.90518e+02
 Pressure (bar)
    6.14109e+01

DD  load balancing is limited by minimum cell size in dimension X
DD  step 44999  vol min/aver 0.789! load imb.: force 115.9%

           Step           Time         Lambda
          45000       45.00000        0.00000

   Energies (kJ/mol)
           Bond          Angle            U-B    Proper Dih.  Improper Dih.
    3.32739e+03    2.11943e+03    3.63903e+01    2.40765e+01    1.33327e+00
          LJ-14     Coulomb-14        LJ (SR)   Coulomb (SR)   Coul. recip.
    5.18643e+01    1.20695e+01    5.03945e+03   -4.40049e+04    2.80626e+02
      Potential    Kinetic En.   Total Energy  Conserved En.    Temperature
   -3.31123e+04    9.93151e+03   -2.31808e+04   -2.34181e+04    3.00954e+02
 Pressure (bar)
    7.04380e+01

DD  load balancing is limited by minimum cell size in dimension X
DD  step 45999  vol min/aver 0.789! load imb.: force 119.1%

           Step           Time         Lambda
          46000       46.00000        0.00000

   Energies (kJ/mol)
           Bond          Angle            U-B    Proper Dih.  Improper Dih.
    3.34801e+03    2.10973e+03    3.41854e+01    2.08229e+01    1.55777e+00
          LJ-14     Coulomb-14        LJ (SR)   Coulomb (SR)   Coul. recip.
    5.96900e+01    1.28481e+01    5.24332e+03   -4.42251e+04    2.72017e+02
      Potential    Kinetic En.   Total Energy  Conserved En.    Temperature
   -3.31229e+04    9.76485e+03   -2.33580e+04   -2.34238e+04    2.95904e+02
 Pressure (bar)
    5.70855e+01

DD  load balancing is limited by minimum cell size in dimension X
DD  step 46999  vol min/aver 0.789! load imb.: force 127.2%

           Step           Time         Lambda
          47000       47.00000        0.00000

   Energies (kJ/mol)
           Bond          Angle            U-B    Proper Dih.  Improper Dih.
    3.39343e+03    2.09916e+03    5.13211e+01    2.16995e+01    1.89633e+00
          LJ-14     Coulomb-14        LJ (SR)   Coulomb (SR)   Coul. recip.
    4.36485e+01    8.59765e+00    5.28843e+03   -4.43749e+04    3.03784e+02
      Potential    Kinetic En.   Total Energy  Conserved En.    Temperature
   -3.31629e+04    9.56987e+03   -2.35930e+04   -2.34321e+04    2.89995e+02
 Pressure (bar)
   -8.10519e+01

DD  load balancing is limited by minimum cell size in dimension X
DD  step 47999  vol min/aver 0.789! load imb.: force 124.9%

           Step           Time         Lambda
          48000       48.00000        0.00000

   Energies (kJ/mol)
           Bond          Angle            U-B    Proper Dih.  Improper Dih.
    3.55967e+03    2.15107e+03    3.86136e+01    2.36002e+01    2.74560e+00
          LJ-14     Coulomb-14        LJ (SR)   Coulomb (SR)   Coul. recip.
    4.45431e+01    1.31874e+01    5.56434e+03   -4.48401e+04    3.05802e+02
      Potential    Kinetic En.   Total Energy  Conserved En.    Temperature
   -3.31365e+04    9.79050e+03   -2.33460e+04   -2.34237e+04    2.96681e+02
 Pressure (bar)
    5.19195e+01

DD  load balancing is limited by minimum cell size in dimension X
DD  step 48999  vol min/aver 0.789! load imb.: force 117.2%

           Step           Time         Lambda
          49000       49.00000        0.00000

   Energies (kJ/mol)
           Bond          Angle            U-B    Proper Dih.  Improper Dih.
    3.57757e+03    2.16818e+03    2.59534e+01    3.11353e+01    1.79354e+00
          LJ-14     Coulomb-14        LJ (SR)   Coulomb (SR)   Coul. recip.
    4.31046e+01    1.39027e+01    5.11247e+03   -4.45444e+04    2.97548e+02
      Potential    Kinetic En.   Total Energy  Conserved En.    Temperature
   -3.32727e+04    9.96004e+03   -2.33127e+04   -2.34194e+04    3.01819e+02
 Pressure (bar)
   -1.61523e+02

DD  load balancing is limited by minimum cell size in dimension X
DD  step 49999  vol min/aver 0.789! load imb.: force 123.9%

           Step           Time         Lambda
          50000       50.00000        0.00000

   Energies (kJ/mol)
           Bond          Angle            U-B    Proper Dih.  Improper Dih.
    3.63244e+03    2.12088e+03    3.13111e+01    2.76835e+01    6.48034e-01
          LJ-14     Coulomb-14        LJ (SR)   Coulomb (SR)   Coul. recip.
    4.05550e+01    1.13521e+01    5.45833e+03   -4.44778e+04    3.06073e+02
      Potential    Kinetic En.   Total Energy  Conserved En.    Temperature
   -3.28485e+04    9.84497e+03   -2.30035e+04   -2.34109e+04    2.98331e+02
 Pressure (bar)
    7.24052e+01

DD  load balancing is limited by minimum cell size in dimension X
DD  step 50999  vol min/aver 0.789! load imb.: force 124.6%

           Step           Time         Lambda
          51000       51.00000        0.00000

   Energies (kJ/mol)
           Bond          Angle            U-B    Proper Dih.  Improper Dih.
    3.53510e+03    1.99843e+03    4.15791e+01    2.21171e+01    1.31766e+00
          LJ-14     Coulomb-14        LJ (SR)   Coulomb (SR)   Coul. recip.
    5.30509e+01    1.64045e+01    5.14693e+03   -4.41254e+04    3.21637e+02
      Potential    Kinetic En.   Total Energy  Conserved En.    Temperature
   -3.29888e+04    1.00900e+04   -2.28988e+04   -2.34222e+04    3.05757e+02
 Pressure (bar)
   -5.72256e+01

DD  load balancing is limited by minimum cell size in dimension X
DD  step 51999  vol min/aver 0.789! load imb.: force 129.4%

           Step           Time         Lambda
          52000       52.00000        0.00000

   Energies (kJ/mol)
           Bond          Angle            U-B    Proper Dih.  Improper Dih.
    3.63822e+03    1.95940e+03    2.76417e+01    3.15775e+01    7.73049e-02
          LJ-14     Coulomb-14        LJ (SR)   Coulomb (SR)   Coul. recip.
    5.01086e+01    1.60317e+01    5.30568e+03   -4.42924e+04    3.07136e+02
      Potential    Kinetic En.   Total Energy  Conserved En.    Temperature
   -3.29565e+04    9.80423e+03   -2.31523e+04   -2.34238e+04    2.97097e+02
 Pressure (bar)
   -1.32521e+02

DD  load balancing is limited by minimum cell size in dimension X
DD  step 52999  vol min/aver 0.789! load imb.: force 125.2%

           Step           Time         Lambda
          53000       53.00000        0.00000

   Energies (kJ/mol)
           Bond          Angle            U-B    Proper Dih.  Improper Dih.
    3.60372e+03    1.96018e+03    3.13235e+01    3.76832e+01    3.91931e+00
          LJ-14     Coulomb-14        LJ (SR)   Coulomb (SR)   Coul. recip.
    4.39801e+01    1.54851e+01    5.25146e+03   -4.38808e+04    2.86324e+02
      Potential    Kinetic En.   Total Energy  Conserved En.    Temperature
   -3.26467e+04    9.76099e+03   -2.28857e+04   -2.34195e+04    2.95787e+02
 Pressure (bar)
   -6.29753e+01

DD  load balancing is limited by minimum cell size in dimension X
DD  step 53999  vol min/aver 0.789! load imb.: force 129.2%

           Step           Time         Lambda
          54000       54.00000        0.00000

   Energies (kJ/mol)
           Bond          Angle            U-B    Proper Dih.  Improper Dih.
    3.65674e+03    1.72566e+03    2.38752e+01    2.14791e+01    9.67330e+00
          LJ-14     Coulomb-14        LJ (SR)   Coulomb (SR)   Coul. recip.
    5.11471e+01    1.43889e+01    4.92920e+03   -4.35015e+04    3.09862e+02
      Potential    Kinetic En.   Total Energy  Conserved En.    Temperature
   -3.27594e+04    9.87255e+03   -2.28869e+04   -2.34146e+04    2.99167e+02
 Pressure (bar)
   -3.91085e+01

DD  load balancing is limited by minimum cell size in dimension X
DD  step 54999  vol min/aver 0.789! load imb.: force 132.6%

           Step           Time         Lambda
          55000       55.00000        0.00000

   Energies (kJ/mol)
           Bond          Angle            U-B    Proper Dih.  Improper Dih.
    3.56291e+03    2.12017e+03    3.09621e+01    2.72371e+01    5.65840e-01
          LJ-14     Coulomb-14        LJ (SR)   Coulomb (SR)   Coul. recip.
    4.92942e+01    1.13374e+01    4.89108e+03   -4.35098e+04    3.16239e+02
      Potential    Kinetic En.   Total Energy  Conserved En.    Temperature
   -3.25000e+04    9.71717e+03   -2.27828e+04   -2.34186e+04    2.94459e+02
 Pressure (bar)
   -2.29323e+02

DD  load balancing is limited by minimum cell size in dimension X
DD  step 55999  vol min/aver 0.789! load imb.: force 119.5%

           Step           Time         Lambda
          56000       56.00000        0.00000

   Energies (kJ/mol)
           Bond          Angle            U-B    Proper Dih.  Improper Dih.
    3.55282e+03    2.07640e+03    2.42729e+01    2.43854e+01    6.42710e-01
          LJ-14     Coulomb-14        LJ (SR)   Coulomb (SR)   Coul. recip.
    4.50439e+01    1.57228e+01    5.41040e+03   -4.41918e+04    3.10400e+02
      Potential    Kinetic En.   Total Energy  Conserved En.    Temperature
   -3.27318e+04    9.85307e+03   -2.28787e+04   -2.34188e+04    2.98577e+02
 Pressure (bar)
    1.29093e+02

DD  load balancing is limited by minimum cell size in dimension X
DD  step 56999  vol min/aver 0.789! load imb.: force 123.8%

           Step           Time         Lambda
          57000       57.00000        0.00000

   Energies (kJ/mol)
           Bond          Angle            U-B    Proper Dih.  Improper Dih.
    3.78502e+03    1.88250e+03    2.95661e+01    1.84623e+01    6.50563e-01
          LJ-14     Coulomb-14        LJ (SR)   Coulomb (SR)   Coul. recip.
    4.64966e+01    8.90525e+00    4.90342e+03   -4.39304e+04    2.82798e+02
      Potential    Kinetic En.   Total Energy  Conserved En.    Temperature
   -3.29726e+04    9.92044e+03   -2.30521e+04   -2.34200e+04    3.00619e+02
 Pressure (bar)
   -2.71328e+02

DD  load balancing is limited by minimum cell size in dimension X
DD  step 57999  vol min/aver 0.789! load imb.: force 119.4%

           Step           Time         Lambda
          58000       58.00000        0.00000

   Energies (kJ/mol)
           Bond          Angle            U-B    Proper Dih.  Improper Dih.
    3.72703e+03    1.96352e+03    2.87503e+01    1.57694e+01    1.91824e+00
          LJ-14     Coulomb-14        LJ (SR)   Coulomb (SR)   Coul. recip.
    5.31072e+01    7.67329e+00    5.38648e+03   -4.45769e+04    3.23811e+02
      Potential    Kinetic En.   Total Energy  Conserved En.    Temperature
   -3.30689e+04    9.67679e+03   -2.33921e+04   -2.34293e+04    2.93235e+02
 Pressure (bar)
   -5.99484e+01

DD  load balancing is limited by minimum cell size in dimension X
DD  step 58999  vol min/aver 0.789! load imb.: force 110.0%

           Step           Time         Lambda
          59000       59.00000        0.00000

   Energies (kJ/mol)
           Bond          Angle            U-B    Proper Dih.  Improper Dih.
    3.55910e+03    2.04120e+03    3.75227e+01    2.24734e+01    1.59242e+00
          LJ-14     Coulomb-14        LJ (SR)   Coulomb (SR)   Coul. recip.
    4.07423e+01    6.47749e+00    5.39895e+03   -4.42868e+04    3.00089e+02
      Potential    Kinetic En.   Total Energy  Conserved En.    Temperature
   -3.28786e+04    9.67849e+03   -2.32002e+04   -2.34253e+04    2.93287e+02
 Pressure (bar)
    6.50158e+01

DD  load balancing is limited by minimum cell size in dimension X
DD  step 59999  vol min/aver 0.789! load imb.: force 103.7%

           Step           Time         Lambda
          60000       60.00000        0.00000

   Energies (kJ/mol)
           Bond          Angle            U-B    Proper Dih.  Improper Dih.
    3.50951e+03    1.97308e+03    3.67581e+01    2.42049e+01    9.17967e-01
          LJ-14     Coulomb-14        LJ (SR)   Coulomb (SR)   Coul. recip.
    4.49736e+01    9.38347e+00    5.00411e+03   -4.36936e+04    2.79074e+02
      Potential    Kinetic En.   Total Energy  Conserved En.    Temperature
   -3.28116e+04    9.69500e+03   -2.31166e+04   -2.34236e+04    2.93787e+02
 Pressure (bar)
    4.75545e+01

DD  load balancing is limited by minimum cell size in dimension X
DD  step 60999  vol min/aver 0.789! load imb.: force 107.3%

           Step           Time         Lambda
          61000       61.00000        0.00000

   Energies (kJ/mol)
           Bond          Angle            U-B    Proper Dih.  Improper Dih.
    3.35393e+03    1.98856e+03    3.87037e+01    2.89394e+01    4.40232e+00
          LJ-14     Coulomb-14        LJ (SR)   Coulomb (SR)   Coul. recip.
    5.12921e+01    1.28765e+01    5.15260e+03   -4.39456e+04    3.15823e+02
      Potential    Kinetic En.   Total Energy  Conserved En.    Temperature
   -3.29985e+04    9.71510e+03   -2.32834e+04   -2.34282e+04    2.94396e+02
 Pressure (bar)
    2.00868e+02

DD  load balancing is limited by minimum cell size in dimension X
DD  step 61999  vol min/aver 0.789! load imb.: force 105.9%

           Step           Time         Lambda
          62000       62.00000        0.00000

   Energies (kJ/mol)
           Bond          Angle            U-B    Proper Dih.  Improper Dih.
    3.50764e+03    2.01345e+03    3.60010e+01    2.16974e+01    1.93447e+00
          LJ-14     Coulomb-14        LJ (SR)   Coulomb (SR)   Coul. recip.
    5.27929e+01    9.45517e+00    5.39844e+03   -4.42938e+04    3.14046e+02
      Potential    Kinetic En.   Total Energy  Conserved En.    Temperature
   -3.29384e+04    9.82887e+03   -2.31095e+04   -2.34295e+04    2.97844e+02
 Pressure (bar)
    1.21584e+02

DD  load balancing is limited by minimum cell size in dimension X
DD  step 62999  vol min/aver 0.789! load imb.: force 106.4%

           Step           Time         Lambda
          63000       63.00000        0.00000

   Energies (kJ/mol)
           Bond          Angle            U-B    Proper Dih.  Improper Dih.
    3.67396e+03    2.03134e+03    3.98838e+01    1.62189e+01    1.01471e+00
          LJ-14     Coulomb-14        LJ (SR)   Coulomb (SR)   Coul. recip.
    4.67957e+01    8.24121e+00    5.45879e+03   -4.48214e+04    2.74355e+02
      Potential    Kinetic En.   Total Energy  Conserved En.    Temperature
   -3.32708e+04    9.99478e+03   -2.32760e+04   -2.34203e+04    3.02871e+02
 Pressure (bar)
    2.82954e+01

DD  load balancing is limited by minimum cell size in dimension X
DD  step 63999  vol min/aver 0.789! load imb.: force 107.4%

           Step           Time         Lambda
          64000       64.00000        0.00000

   Energies (kJ/mol)
           Bond          Angle            U-B    Proper Dih.  Improper Dih.
    3.64672e+03    1.96273e+03    4.85756e+01    1.66299e+01    1.46414e+00
          LJ-14     Coulomb-14        LJ (SR)   Coulomb (SR)   Coul. recip.
    5.34883e+01    1.64020e+01    5.29433e+03   -4.41536e+04    3.20584e+02
      Potential    Kinetic En.   Total Energy  Conserved En.    Temperature
   -3.27926e+04    9.81311e+03   -2.29795e+04   -2.34212e+04    2.97366e+02
 Pressure (bar)
   -1.22474e+02

DD  load balancing is limited by minimum cell size in dimension X
DD  step 64999  vol min/aver 0.789! load imb.: force 110.5%

           Step           Time         Lambda
          65000       65.00000        0.00000

   Energies (kJ/mol)
           Bond          Angle            U-B    Proper Dih.  Improper Dih.
    3.55215e+03    2.08190e+03    3.28472e+01    1.22470e+01    3.11898e-01
          LJ-14     Coulomb-14        LJ (SR)   Coulomb (SR)   Coul. recip.
    3.79618e+01    1.81953e+01    5.07603e+03   -4.39676e+04    3.08509e+02
      Potential    Kinetic En.   Total Energy  Conserved En.    Temperature
   -3.28475e+04    1.00622e+04   -2.27852e+04   -2.34172e+04    3.04915e+02
 Pressure (bar)
    2.53268e+01

DD  load balancing is limited by minimum cell size in dimension X
DD  step 65999  vol min/aver 0.789! load imb.: force 114.2%

           Step           Time         Lambda
          66000       66.00000        0.00000

   Energies (kJ/mol)
           Bond          Angle            U-B    Proper Dih.  Improper Dih.
    3.77569e+03    2.03698e+03    2.36198e+01    2.19052e+01    6.22571e+00
          LJ-14     Coulomb-14        LJ (SR)   Coulomb (SR)   Coul. recip.
    5.17641e+01    1.55487e+01    5.05167e+03   -4.39548e+04    3.24353e+02
      Potential    Kinetic En.   Total Energy  Conserved En.    Temperature
   -3.26470e+04    9.99853e+03   -2.26485e+04   -2.34002e+04    3.02985e+02
 Pressure (bar)
   -1.13393e+02

DD  load balancing is limited by minimum cell size in dimension X
DD  step 66999  vol min/aver 0.789! load imb.: force 99.0%

           Step           Time         Lambda
          67000       67.00000        0.00000

   Energies (kJ/mol)
           Bond          Angle            U-B    Proper Dih.  Improper Dih.
    3.59469e+03    2.07425e+03    3.00513e+01    2.10096e+01    6.11994e-01
          LJ-14     Coulomb-14        LJ (SR)   Coulomb (SR)   Coul. recip.
    5.70844e+01    8.96665e+00    5.39091e+03   -4.44864e+04    2.91699e+02
      Potential    Kinetic En.   Total Energy  Conserved En.    Temperature
   -3.30172e+04    9.63446e+03   -2.33827e+04   -2.34209e+04    2.91952e+02
 Pressure (bar)
   -6.24402e+01

DD  load balancing is limited by minimum cell size in dimension X
DD  step 67999  vol min/aver 0.789! load imb.: force 111.9%

           Step           Time         Lambda
          68000       68.00000        0.00000

   Energies (kJ/mol)
           Bond          Angle            U-B    Proper Dih.  Improper Dih.
    3.75956e+03    2.02243e+03    3.11767e+01    2.72209e+01    1.12426e+00
          LJ-14     Coulomb-14        LJ (SR)   Coulomb (SR)   Coul. recip.
    5.05795e+01    1.39115e+01    4.99316e+03   -4.37834e+04    3.08200e+02
      Potential    Kinetic En.   Total Energy  Conserved En.    Temperature
   -3.25760e+04    1.00538e+04   -2.25223e+04   -2.34084e+04    3.04659e+02
 Pressure (bar)
   -2.06392e+02

DD  load balancing is limited by minimum cell size in dimension X
DD  step 68999  vol min/aver 0.789! load imb.: force 106.8%

           Step           Time         Lambda
          69000       69.00000        0.00000

   Energies (kJ/mol)
           Bond          Angle            U-B    Proper Dih.  Improper Dih.
    3.64104e+03    2.01583e+03    3.59317e+01    1.14405e+01    1.13544e-01
          LJ-14     Coulomb-14        LJ (SR)   Coulomb (SR)   Coul. recip.
    5.67176e+01    1.43350e+01    4.96351e+03   -4.38951e+04    3.23631e+02
      Potential    Kinetic En.   Total Energy  Conserved En.    Temperature
   -3.28325e+04    9.68855e+03   -2.31440e+04   -2.34135e+04    2.93591e+02
 Pressure (bar)
   -1.55972e+02

DD  load balancing is limited by minimum cell size in dimension X
DD  step 69999  vol min/aver 0.789! load imb.: force 102.3%

           Step           Time         Lambda
          70000       70.00000        0.00000

   Energies (kJ/mol)
           Bond          Angle            U-B    Proper Dih.  Improper Dih.
    3.68128e+03    2.06401e+03    2.98653e+01    1.87901e+01    1.02485e+00
          LJ-14     Coulomb-14        LJ (SR)   Coulomb (SR)   Coul. recip.
    4.41209e+01    1.13882e+01    4.74943e+03   -4.37701e+04    3.51660e+02
      Potential    Kinetic En.   Total Energy  Conserved En.    Temperature
   -3.28186e+04    9.91804e+03   -2.29005e+04   -2.34086e+04    3.00546e+02
 Pressure (bar)
   -2.91145e+02

DD  load balancing is limited by minimum cell size in dimension X
DD  step 70999  vol min/aver 0.789! load imb.: force 110.9%

           Step           Time         Lambda
          71000       71.00000        0.00000

   Energies (kJ/mol)
           Bond          Angle            U-B    Proper Dih.  Improper Dih.
    3.62254e+03    2.06698e+03    3.15582e+01    1.92146e+01    5.64745e-01
          LJ-14     Coulomb-14        LJ (SR)   Coulomb (SR)   Coul. recip.
    4.23554e+01    1.62321e+01    5.19818e+03   -4.41581e+04    2.85038e+02
      Potential    Kinetic En.   Total Energy  Conserved En.    Temperature
   -3.28754e+04    9.72149e+03   -2.31539e+04   -2.34168e+04    2.94590e+02
 Pressure (bar)
   -1.49268e+02

DD  load balancing is limited by minimum cell size in dimension X
DD  step 71999  vol min/aver 0.789! load imb.: force 104.9%

           Step           Time         Lambda
          72000       72.00000        0.00000

   Energies (kJ/mol)
           Bond          Angle            U-B    Proper Dih.  Improper Dih.
    3.62209e+03    1.88335e+03    2.30707e+01    2.19738e+01    3.56191e+00
          LJ-14     Coulomb-14        LJ (SR)   Coulomb (SR)   Coul. recip.
    4.55627e+01    1.37458e+01    5.07777e+03   -4.40691e+04    3.33815e+02
      Potential    Kinetic En.   Total Energy  Conserved En.    Temperature
   -3.30441e+04    9.53425e+03   -2.35099e+04   -2.34183e+04    2.88916e+02
 Pressure (bar)
   -2.23763e+02

DD  load balancing is limited by minimum cell size in dimension X
DD  step 72999  vol min/aver 0.789! load imb.: force 116.3%

           Step           Time         Lambda
          73000       73.00000        0.00000

   Energies (kJ/mol)
           Bond          Angle            U-B    Proper Dih.  Improper Dih.
    3.74259e+03    2.13050e+03    2.89707e+01    2.04485e+01    7.24269e-02
          LJ-14     Coulomb-14        LJ (SR)   Coulomb (SR)   Coul. recip.
    4.11008e+01    1.16107e+01    5.03058e+03   -4.38422e+04    3.08524e+02
      Potential    Kinetic En.   Total Energy  Conserved En.    Temperature
   -3.25278e+04    9.80454e+03   -2.27232e+04   -2.34044e+04    2.97107e+02
 Pressure (bar)
   -2.34258e+02

DD  load balancing is limited by minimum cell size in dimension X
DD  step 73999  vol min/aver 0.789! load imb.: force 126.3%

           Step           Time         Lambda
          74000       74.00000        0.00000

   Energies (kJ/mol)
           Bond          Angle            U-B    Proper Dih.  Improper Dih.
    3.59403e+03    2.15109e+03    3.78527e+01    1.63201e+01    1.03795e+00
          LJ-14     Coulomb-14        LJ (SR)   Coulomb (SR)   Coul. recip.
    4.80569e+01    1.35236e+01    5.47476e+03   -4.44293e+04    3.06370e+02
      Potential    Kinetic En.   Total Energy  Conserved En.    Temperature
   -3.27863e+04    9.90126e+03   -2.28850e+04   -2.34096e+04    3.00037e+02
 Pressure (bar)
    8.14133e+01

DD  load balancing is limited by minimum cell size in dimension X
DD  step 74999  vol min/aver 0.789! load imb.: force 122.7%

           Step           Time         Lambda
          75000       75.00000        0.00000

   Energies (kJ/mol)
           Bond          Angle            U-B    Proper Dih.  Improper Dih.
    3.57862e+03    1.98523e+03    3.53862e+01    2.02820e+01    2.00594e+00
          LJ-14     Coulomb-14        LJ (SR)   Coulomb (SR)   Coul. recip.
    5.40668e+01    1.55213e+01    5.19426e+03   -4.37809e+04    3.16229e+02
      Potential    Kinetic En.   Total Energy  Conserved En.    Temperature
   -3.25793e+04    9.98198e+03   -2.25973e+04   -2.34105e+04    3.02483e+02
 Pressure (bar)
    1.20216e+02

DD  load balancing is limited by minimum cell size in dimension X
DD  step 75999  vol min/aver 0.789! load imb.: force 127.0%

           Step           Time         Lambda
          76000       76.00000        0.00000

   Energies (kJ/mol)
           Bond          Angle            U-B    Proper Dih.  Improper Dih.
    3.44609e+03    2.20256e+03    3.54283e+01    2.09789e+01    2.23547e+00
          LJ-14     Coulomb-14        LJ (SR)   Coulomb (SR)   Coul. recip.
    5.39553e+01    1.17950e+01    5.36459e+03   -4.41947e+04    3.01386e+02
      Potential    Kinetic En.   Total Energy  Conserved En.    Temperature
   -3.27557e+04    9.84412e+03   -2.29116e+04   -2.34165e+04    2.98306e+02
 Pressure (bar)
    9.77776e+01

DD  load balancing is limited by minimum cell size in dimension X
DD  step 76999  vol min/aver 0.789! load imb.: force 123.3%

           Step           Time         Lambda
          77000       77.00000        0.00000

   Energies (kJ/mol)
           Bond          Angle            U-B    Proper Dih.  Improper Dih.
    3.42426e+03    2.13660e+03    3.42167e+01    2.00305e+01    2.74072e+00
          LJ-14     Coulomb-14        LJ (SR)   Coulomb (SR)   Coul. recip.
    4.84944e+01    1.15958e+01    4.96953e+03   -4.37779e+04    3.34504e+02
      Potential    Kinetic En.   Total Energy  Conserved En.    Temperature
   -3.27960e+04    1.00849e+04   -2.27110e+04   -2.34139e+04    3.05603e+02
 Pressure (bar)
    4.39745e+01

DD  load balancing is limited by minimum cell size in dimension X
DD  step 77999  vol min/aver 0.789! load imb.: force 115.1%

           Step           Time         Lambda
          78000       78.00000        0.00000

   Energies (kJ/mol)
           Bond          Angle            U-B    Proper Dih.  Improper Dih.
    3.49699e+03    2.05355e+03    2.16492e+01    3.99283e+01    2.79249e-02
          LJ-14     Coulomb-14        LJ (SR)   Coulomb (SR)   Coul. recip.
    4.56558e+01    1.28869e+01    5.25391e+03   -4.41762e+04    3.22326e+02
      Potential    Kinetic En.   Total Energy  Conserved En.    Temperature
   -3.29292e+04    9.80944e+03   -2.31198e+04   -2.34188e+04    2.97255e+02
 Pressure (bar)
    1.46092e+02

DD  load balancing is limited by minimum cell size in dimension X
DD  step 78999  vol min/aver 0.789! load imb.: force 117.2%

           Step           Time         Lambda
          79000       79.00000        0.00000

   Energies (kJ/mol)
           Bond          Angle            U-B    Proper Dih.  Improper Dih.
    3.48226e+03    2.07345e+03    4.73909e+01    1.61382e+01    4.10940e-01
          LJ-14     Coulomb-14        LJ (SR)   Coulomb (SR)   Coul. recip.
    4.97936e+01    1.26524e+01    4.97550e+03   -4.37475e+04    2.54761e+02
      Potential    Kinetic En.   Total Energy  Conserved En.    Temperature
   -3.28351e+04    1.00742e+04   -2.27609e+04   -2.34172e+04    3.05278e+02
 Pressure (bar)
   -1.40142e+01

DD  load balancing is limited by minimum cell size in dimension X
DD  step 79999  vol min/aver 0.789! load imb.: force 112.1%

           Step           Time         Lambda
          80000       80.00000        0.00000

   Energies (kJ/mol)
           Bond          Angle            U-B    Proper Dih.  Improper Dih.
    3.57524e+03    1.99247e+03    2.31309e+01    2.17142e+01    2.53533e-01
          LJ-14     Coulomb-14        LJ (SR)   Coulomb (SR)   Coul. recip.
    4.65080e+01    1.15436e+01    4.89375e+03   -4.34760e+04    3.20766e+02
      Potential    Kinetic En.   Total Energy  Conserved En.    Temperature
   -3.25907e+04    9.62869e+03   -2.29620e+04   -2.34036e+04    2.91778e+02
 Pressure (bar)
   -3.63518e+01

DD  load balancing is limited by minimum cell size in dimension X
DD  step 80999  vol min/aver 0.789! load imb.: force 122.8%

           Step           Time         Lambda
          81000       81.00000        0.00000

   Energies (kJ/mol)
           Bond          Angle            U-B    Proper Dih.  Improper Dih.
    3.50668e+03    1.84029e+03    2.54474e+01    2.34552e+01    3.62081e-01
          LJ-14     Coulomb-14        LJ (SR)   Coulomb (SR)   Coul. recip.
    4.39585e+01    1.13442e+01    5.17028e+03   -4.36203e+04    3.11193e+02
      Potential    Kinetic En.   Total Energy  Conserved En.    Temperature
   -3.26873e+04    9.92595e+03   -2.27613e+04   -2.34018e+04    3.00785e+02
 Pressure (bar)
    1.67685e+02

DD  load balancing is limited by minimum cell size in dimension X
DD  step 81999  vol min/aver 0.789! load imb.: force 125.1%

           Step           Time         Lambda
          82000       82.00000        0.00000

   Energies (kJ/mol)
           Bond          Angle            U-B    Proper Dih.  Improper Dih.
    3.39293e+03    1.97821e+03    4.34414e+01    1.74210e+01    7.82286e-01
          LJ-14     Coulomb-14        LJ (SR)   Coulomb (SR)   Coul. recip.
    3.68867e+01    9.26976e+00    4.92885e+03   -4.33872e+04    2.88416e+02
      Potential    Kinetic En.   Total Energy  Conserved En.    Temperature
   -3.26910e+04    9.71716e+03   -2.29738e+04   -2.34108e+04    2.94458e+02
 Pressure (bar)
    1.19901e+02

DD  load balancing is limited by minimum cell size in dimension X
DD  step 82999  vol min/aver 0.789! load imb.: force 109.8%

           Step           Time         Lambda
          83000       83.00000        0.00000

   Energies (kJ/mol)
           Bond          Angle            U-B    Proper Dih.  Improper Dih.
    3.29097e+03    2.09939e+03    4.15805e+01    1.73567e+01    2.00547e-01
          LJ-14     Coulomb-14        LJ (SR)   Coulomb (SR)   Coul. recip.
    5.74405e+01    8.93538e+00    5.31696e+03   -4.39581e+04    3.23754e+02
      Potential    Kinetic En.   Total Energy  Conserved En.    Temperature
   -3.28015e+04    9.87902e+03   -2.29225e+04   -2.34163e+04    2.99363e+02
 Pressure (bar)
    2.12203e+02

DD  load balancing is limited by minimum cell size in dimension X
DD  step 83999  vol min/aver 0.789! load imb.: force 123.6%

           Step           Time         Lambda
          84000       84.00000        0.00000

   Energies (kJ/mol)
           Bond          Angle            U-B    Proper Dih.  Improper Dih.
    3.51276e+03    2.04488e+03    3.11682e+01    1.94956e+01    2.74767e+00
          LJ-14     Coulomb-14        LJ (SR)   Coulomb (SR)   Coul. recip.
    4.13979e+01    9.25262e+00    5.35208e+03   -4.39107e+04    3.08359e+02
      Potential    Kinetic En.   Total Energy  Conserved En.    Temperature
   -3.25886e+04    9.71348e+03   -2.28751e+04   -2.34040e+04    2.94347e+02
 Pressure (bar)
    7.22874e+01

DD  load balancing is limited by minimum cell size in dimension X
DD  step 84999  vol min/aver 0.789! load imb.: force 127.3%

           Step           Time         Lambda
          85000       85.00000        0.00000

   Energies (kJ/mol)
           Bond          Angle            U-B    Proper Dih.  Improper Dih.
    3.34841e+03    1.93141e+03    3.11816e+01    2.07385e+01    1.26868e+00
          LJ-14     Coulomb-14        LJ (SR)   Coulomb (SR)   Coul. recip.
    4.66382e+01    7.65066e+00    4.95507e+03   -4.38356e+04    2.92405e+02
      Potential    Kinetic En.   Total Energy  Conserved En.    Temperature
   -3.32009e+04    9.84126e+03   -2.33596e+04   -2.34241e+04    2.98219e+02
 Pressure (bar)
   -6.93303e+01

DD  load balancing is limited by minimum cell size in dimension X
DD  step 85999  vol min/aver 0.789! load imb.: force 112.9%

           Step           Time         Lambda
          86000       86.00000        0.00000

   Energies (kJ/mol)
           Bond          Angle            U-B    Proper Dih.  Improper Dih.
    3.42938e+03    2.03880e+03    3.82690e+01    1.79881e+01    7.46578e-01
          LJ-14     Coulomb-14        LJ (SR)   Coulomb (SR)   Coul. recip.
    5.89358e+01    7.21345e+00    4.85314e+03   -4.31700e+04    2.95839e+02
      Potential    Kinetic En.   Total Energy  Conserved En.    Temperature
   -3.24297e+04    1.00268e+04   -2.24029e+04   -2.34073e+04    3.03841e+02
 Pressure (bar)
   -2.11217e+01

DD  load balancing is limited by minimum cell size in dimension X
DD  step 86999  vol min/aver 0.789! load imb.: force 115.9%

           Step           Time         Lambda
          87000       87.00000        0.00000

   Energies (kJ/mol)
           Bond          Angle            U-B    Proper Dih.  Improper Dih.
    3.55940e+03    2.06064e+03    3.29536e+01    1.99912e+01    7.12222e+00
          LJ-14     Coulomb-14        LJ (SR)   Coulomb (SR)   Coul. recip.
    4.52992e+01    9.86835e+00    5.08063e+03   -4.38223e+04    2.87408e+02
      Potential    Kinetic En.   Total Energy  Conserved En.    Temperature
   -3.27190e+04    9.62396e+03   -2.30950e+04   -2.34112e+04    2.91634e+02
 Pressure (bar)
   -9.44226e+01

DD  load balancing is limited by minimum cell size in dimension X
DD  step 87999  vol min/aver 0.789! load imb.: force 115.4%

           Step           Time         Lambda
          88000       88.00000        0.00000

   Energies (kJ/mol)
           Bond          Angle            U-B    Proper Dih.  Improper Dih.
    3.48050e+03    2.00269e+03    2.37778e+01    4.52294e+01    3.08346e+00
          LJ-14     Coulomb-14        LJ (SR)   Coulomb (SR)   Coul. recip.
    5.02627e+01    1.00755e+01    5.39700e+03   -4.38979e+04    2.86427e+02
      Potential    Kinetic En.   Total Energy  Conserved En.    Temperature
   -3.25988e+04    9.92890e+03   -2.26699e+04   -2.34093e+04    3.00875e+02
 Pressure (bar)
    1.01659e+02

DD  load balancing is limited by minimum cell size in dimension X
DD  step 88999  vol min/aver 0.789! load imb.: force 116.2%

           Step           Time         Lambda
          89000       89.00000        0.00000

   Energies (kJ/mol)
           Bond          Angle            U-B    Proper Dih.  Improper Dih.
    3.41074e+03    2.07266e+03    4.08442e+01    2.77967e+01    5.63828e-01
          LJ-14     Coulomb-14        LJ (SR)   Coulomb (SR)   Coul. recip.
    5.01207e+01    1.48120e+01    5.00111e+03   -4.39632e+04    3.00459e+02
      Potential    Kinetic En.   Total Energy  Conserved En.    Temperature
   -3.30441e+04    9.65566e+03   -2.33885e+04   -2.34079e+04    2.92595e+02
 Pressure (bar)
   -2.93548e+01

DD  load balancing is limited by minimum cell size in dimension X
DD  step 89999  vol min/aver 0.789! load imb.: force 102.8%

           Step           Time         Lambda
          90000       90.00000        0.00000

   Energies (kJ/mol)
           Bond          Angle            U-B    Proper Dih.  Improper Dih.
    3.23827e+03    2.06697e+03    2.36840e+01    2.50035e+01    1.89957e+00
          LJ-14     Coulomb-14        LJ (SR)   Coulomb (SR)   Coul. recip.
    4.76378e+01    1.59054e+01    5.38835e+03   -4.41611e+04    3.15981e+02
      Potential    Kinetic En.   Total Energy  Conserved En.    Temperature
   -3.30374e+04    1.01203e+04   -2.29171e+04   -2.34259e+04    3.06675e+02
 Pressure (bar)
    1.66760e+02

DD  load balancing is limited by minimum cell size in dimension X
DD  step 90999  vol min/aver 0.789! load imb.: force 108.5%

           Step           Time         Lambda
          91000       91.00000        0.00000

   Energies (kJ/mol)
           Bond          Angle            U-B    Proper Dih.  Improper Dih.
    3.30299e+03    1.86433e+03    5.00362e+01    1.55950e+01    5.64777e-01
          LJ-14     Coulomb-14        LJ (SR)   Coulomb (SR)   Coul. recip.
    5.01405e+01    1.41167e+01    5.13236e+03   -4.34784e+04    3.16990e+02
      Potential    Kinetic En.   Total Energy  Conserved En.    Temperature
   -3.27312e+04    1.00961e+04   -2.26352e+04   -2.34039e+04    3.05940e+02
 Pressure (bar)
    2.36336e+02

DD  load balancing is limited by minimum cell size in dimension X
DD  step 91999  vol min/aver 0.789! load imb.: force 116.9%

           Step           Time         Lambda
          92000       92.00000        0.00000

   Energies (kJ/mol)
           Bond          Angle            U-B    Proper Dih.  Improper Dih.
    3.48131e+03    2.11912e+03    3.40006e+01    1.96248e+01    9.40271e-01
          LJ-14     Coulomb-14        LJ (SR)   Coulomb (SR)   Coul. recip.
    4.85304e+01    1.33902e+01    5.11078e+03   -4.39695e+04    3.10284e+02
      Potential    Kinetic En.   Total Energy  Conserved En.    Temperature
   -3.28315e+04    9.96609e+03   -2.28654e+04   -2.34032e+04    3.02002e+02
 Pressure (bar)
   -3.52309e+01

DD  load balancing is limited by minimum cell size in dimension X
DD  step 92999  vol min/aver 0.789! load imb.: force 113.7%

           Step           Time         Lambda
          93000       93.00000        0.00000

   Energies (kJ/mol)
           Bond          Angle            U-B    Proper Dih.  Improper Dih.
    3.37282e+03    2.02210e+03    2.33218e+01    2.18730e+01    1.84002e-01
          LJ-14     Coulomb-14        LJ (SR)   Coulomb (SR)   Coul. recip.
    4.49830e+01    9.75072e+00    4.76217e+03   -4.34864e+04    3.00403e+02
      Potential    Kinetic En.   Total Energy  Conserved En.    Temperature
   -3.29288e+04    9.64450e+03   -2.32843e+04   -2.34147e+04    2.92257e+02
 Pressure (bar)
   -9.87028e+01

DD  load balancing is limited by minimum cell size in dimension X
DD  step 93999  vol min/aver 0.789! load imb.: force 111.8%

           Step           Time         Lambda
          94000       94.00000        0.00000

   Energies (kJ/mol)
           Bond          Angle            U-B    Proper Dih.  Improper Dih.
    3.45958e+03    1.98972e+03    3.58956e+01    1.89270e+01    1.27504e+00
          LJ-14     Coulomb-14        LJ (SR)   Coulomb (SR)   Coul. recip.
    5.16164e+01    5.60345e+00    5.07730e+03   -4.37880e+04    2.91885e+02
      Potential    Kinetic En.   Total Energy  Conserved En.    Temperature
   -3.28562e+04    9.69477e+03   -2.31614e+04   -2.34166e+04    2.93780e+02
 Pressure (bar)
   -1.12910e+02

DD  load balancing is limited by minimum cell size in dimension X
DD  step 94999  vol min/aver 0.789! load imb.: force 105.9%

           Step           Time         Lambda
          95000       95.00000        0.00000

   Energies (kJ/mol)
           Bond          Angle            U-B    Proper Dih.  Improper Dih.
    3.47816e+03    1.97189e+03    3.42929e+01    2.31194e+01    1.42149e+00
          LJ-14     Coulomb-14        LJ (SR)   Coulomb (SR)   Coul. recip.
    5.64255e+01    1.05499e+01    5.48630e+03   -4.43657e+04    3.21060e+02
      Potential    Kinetic En.   Total Energy  Conserved En.    Temperature
   -3.29825e+04    9.76814e+03   -2.32144e+04   -2.34156e+04    2.96003e+02
 Pressure (bar)
   -2.33932e+01

DD  load balancing is limited by minimum cell size in dimension X
DD  step 95999  vol min/aver 0.789! load imb.: force 103.1%

           Step           Time         Lambda
          96000       96.00000        0.00000

   Energies (kJ/mol)
           Bond          Angle            U-B    Proper Dih.  Improper Dih.
    3.57773e+03    2.07921e+03    2.95960e+01    3.82666e+01    5.49413e+00
          LJ-14     Coulomb-14        LJ (SR)   Coulomb (SR)   Coul. recip.
    4.25487e+01    1.16275e+01    4.88544e+03   -4.36411e+04    3.05770e+02
      Potential    Kinetic En.   Total Energy  Conserved En.    Temperature
   -3.26654e+04    9.75485e+03   -2.29106e+04   -2.34068e+04    2.95601e+02
 Pressure (bar)
   -1.63587e+02

DD  load balancing is limited by minimum cell size in dimension X
DD  step 96999  vol min/aver 0.789! load imb.: force 120.1%

           Step           Time         Lambda
          97000       97.00000        0.00000

   Energies (kJ/mol)
           Bond          Angle            U-B    Proper Dih.  Improper Dih.
    3.31693e+03    2.03970e+03    5.01793e+01    2.05835e+01    9.15774e-01
          LJ-14     Coulomb-14        LJ (SR)   Coulomb (SR)   Coul. recip.
    3.93372e+01    4.70337e+00    5.39753e+03   -4.43131e+04    3.27700e+02
      Potential    Kinetic En.   Total Energy  Conserved En.    Temperature
   -3.31155e+04    9.75124e+03   -2.33643e+04   -2.34176e+04    2.95491e+02
 Pressure (bar)
    2.41715e+02

DD  load balancing is limited by minimum cell size in dimension X
DD  step 97999  vol min/aver 0.789! load imb.: force 117.1%

           Step           Time         Lambda
          98000       98.00000        0.00000

   Energies (kJ/mol)
           Bond          Angle            U-B    Proper Dih.  Improper Dih.
    3.32139e+03    2.06601e+03    5.09182e+01    2.24653e+01    3.71031e-01
          LJ-14     Coulomb-14        LJ (SR)   Coulomb (SR)   Coul. recip.
    4.56720e+01    3.64571e+00    5.08360e+03   -4.39085e+04    2.92554e+02
      Potential    Kinetic En.   Total Energy  Conserved En.    Temperature
   -3.30219e+04    9.93446e+03   -2.30874e+04   -2.34253e+04    3.01043e+02
 Pressure (bar)
   -2.16351e+00

DD  load balancing is limited by minimum cell size in dimension X
DD  step 98999  vol min/aver 0.789! load imb.: force 115.7%

           Step           Time         Lambda
          99000       99.00000        0.00000

   Energies (kJ/mol)
           Bond          Angle            U-B    Proper Dih.  Improper Dih.
    3.42866e+03    2.17860e+03    3.93946e+01    1.92387e+01    4.44154e-01
          LJ-14     Coulomb-14        LJ (SR)   Coulomb (SR)   Coul. recip.
    4.43235e+01    1.19631e+01    5.34215e+03   -4.42578e+04    3.32160e+02
      Potential    Kinetic En.   Total Energy  Conserved En.    Temperature
   -3.28608e+04    9.62219e+03   -2.32386e+04   -2.34132e+04    2.91581e+02
 Pressure (bar)
    9.47846e+01

DD  load balancing is limited by minimum cell size in dimension X
DD  step 99999  vol min/aver 0.789! load imb.: force 123.4%

           Step           Time         Lambda
         100000      100.00000        0.00000

Writing checkpoint, step 100000 at Wed Feb 12 17:18:47 2020


   Energies (kJ/mol)
           Bond          Angle            U-B    Proper Dih.  Improper Dih.
    3.48554e+03    2.21988e+03    6.21583e+01    2.15624e+01    2.60846e+00
          LJ-14     Coulomb-14        LJ (SR)   Coulomb (SR)   Coul. recip.
    4.96523e+01    1.44115e+01    5.04799e+03   -4.38895e+04    3.50572e+02
      Potential    Kinetic En.   Total Energy  Conserved En.    Temperature
   -3.26351e+04    9.62361e+03   -2.30115e+04   -2.34055e+04    2.91624e+02
 Pressure (bar)
   -4.52640e+00

	<======  ###############  ==>
	<====  A V E R A G E S  ====>
	<==  ###############  ======>

	Statistics over 100001 steps using 1001 frames

   Energies (kJ/mol)
           Bond          Angle            U-B    Proper Dih.  Improper Dih.
    3.56748e+03    2.05007e+03    3.65017e+01    2.31760e+01    1.67058e+00
          LJ-14     Coulomb-14        LJ (SR)   Coulomb (SR)   Coul. recip.
    4.84935e+01    1.14391e+01    5.19599e+03   -4.41037e+04    3.05942e+02
      Potential    Kinetic En.   Total Energy  Conserved En.    Temperature
   -3.28630e+04    9.83583e+03   -2.30271e+04   -2.34187e+04    2.98054e+02
 Pressure (bar)
   -1.12250e+01

   Total Virial (kJ/mol)
    3.37407e+03   -1.90720e+01   -4.94590e+00
   -1.90719e+01    3.33811e+03   -7.98226e+00
   -4.94602e+00   -7.98227e+00    3.35180e+03

   Pressure (bar)
   -1.42365e+01    2.91043e+00    5.83490e-01
    2.91041e+00   -8.76071e+00    1.49265e+00
    5.83507e-01    1.49265e+00   -1.06776e+01


	M E G A - F L O P S   A C C O U N T I N G

 NB=Group-cutoff nonbonded kernels    NxN=N-by-N cluster Verlet kernels
 RF=Reaction-Field  VdW=Van der Waals  QSTab=quadratic-spline table
 W3=SPC/TIP3p  W4=TIP4p (single or pairs)
 V&F=Potential and force  V=Potential only  F=Force only

 Computing:                               M-Number         M-Flops  % Flops
-----------------------------------------------------------------------------
 NB VdW [V&F]                             4.200042           4.200     0.0
 Pair Search distance check            1105.811138        9952.300     0.0
 NxN Ewald Elec. + LJ [F]            131941.674016    12270575.683    43.4
 NxN Ewald Elec. + LJ [V&F]            1468.860384      186545.269     0.7
 NxN Ewald Elec. [F]                   1004.507872       61274.980     0.2
 NxN Ewald Elec. [V&F]                   11.130848         934.991     0.0
 1,4 nonbonded interactions               4.900049         441.004     0.0
 Calc Weights                           794.107941       28587.886     0.1
 Spread Q Bspline                     16940.969408       33881.939     0.1
 Gather F Bspline                     16940.969408      101645.816     0.4
 3D-FFT                             1942115.620962    15536924.968    54.9
 Solve PME                              640.006400       40960.410     0.1
 Reset In Box                             6.620147          19.860     0.0
 CG-CoM                                   6.622794          19.868     0.0
 Bonds                                  177.301773       10460.805     0.0
 Angles                                  87.400874       14683.347     0.1
 Propers                                  3.600036         824.408     0.0
 Impropers                                0.200002          41.600     0.0
 Virial                                   3.310707          59.593     0.0
 Stop-CM                                  2.652294          26.523     0.0
 Calc-Ekin                               52.942647        1429.451     0.0
-----------------------------------------------------------------------------
 Total                                                28299294.903   100.0
-----------------------------------------------------------------------------


    D O M A I N   D E C O M P O S I T I O N   S T A T I S T I C S

 av. #atoms communicated per step for force:  2 x 5246.4

 Average load imbalance: 116.2 %
 Part of the total run time spent waiting due to load imbalance: 14.9 %
 Steps where the load balancing was limited by -rdd, -rcon and/or -dds: X 2 %

NOTE: 14.9 % of the available CPU time was lost due to load imbalance
      in the domain decomposition.


     R E A L   C Y C L E   A N D   T I M E   A C C O U N T I N G

On 8 MPI ranks, each using 5 OpenMP threads

 Computing:          Num   Num      Call    Wall time         Giga-Cycles
                     Ranks Threads  Count      (s)         total sum    %
-----------------------------------------------------------------------------
 Domain decomp.         8    5       2501       0.323         27.064   0.3
 DD comm. load          8    5       2500       0.043          3.581   0.0
 DD comm. bounds        8    5       2500       0.072          6.046   0.1
 Neighbor search        8    5       2501       0.266         22.314   0.3
 Comm. coord.           8    5      97500       2.460        206.166   2.4
 Force                  8    5     100001      12.384       1037.787  12.2
 Wait + Comm. F         8    5     100001       2.778        232.831   2.7
 PME mesh               8    5     100001      78.324       6563.815  77.5
 NB X/F buffer ops.     8    5     295001       1.185         99.279   1.2
 Write traj.            8    5        101       0.058          4.821   0.1
 Update                 8    5     320004       1.478        123.837   1.5
 Comm. energies         8    5      40002       1.338        112.149   1.3
 Rest                                           0.411         34.408   0.4
-----------------------------------------------------------------------------
 Total                                        101.119       8474.098 100.0
-----------------------------------------------------------------------------
 Breakdown of PME mesh computation
-----------------------------------------------------------------------------
 PME redist. X/F        8    5     200002      20.751       1739.028  20.5
 PME spread/gather      8    5     200002      14.085       1180.362  13.9
 PME 3D-FFT             8    5     200002      19.847       1663.243  19.6
 PME 3D-FFT Comm.       8    5     200002      20.750       1738.883  20.5
 PME solve Elec         8    5     100001       2.694        225.795   2.7
-----------------------------------------------------------------------------

               Core t (s)   Wall t (s)        (%)
       Time:     4030.664      101.119     3986.1
                 (ns/day)    (hour/ns)
Performance:       85.445        0.281
Finished mdrun on rank 0 Wed Feb 12 17:18:47 2020
