Log file opened on Wed Feb 12 12:26:24 2020
Host: n2224.hyak.local  pid: 19010  rank ID: 0  number of ranks:  8
                   :-) GROMACS - gmx mdrun, VERSION 5.1.4 (-:

                            GROMACS is written by:
     Emile Apol      Rossen Apostolov  Herman J.C. Berendsen    Par Bjelkmar   
 Aldert van Buuren   Rudi van Drunen     Anton Feenstra   Sebastian Fritsch 
  Gerrit Groenhof   Christoph Junghans   Anca Hamuraru    Vincent Hindriksen
 Dimitrios Karkoulis    Peter Kasson        Jiri Kraus      Carsten Kutzner  
    Per Larsson      Justin A. Lemkul   Magnus Lundborg   Pieter Meulenhoff 
   Erik Marklund      Teemu Murtola       Szilard Pall       Sander Pronk   
   Roland Schulz     Alexey Shvetsov     Michael Shirts     Alfons Sijbers  
   Peter Tieleman    Teemu Virolainen  Christian Wennberg    Maarten Wolf   
                           and the project leaders:
        Mark Abraham, Berk Hess, Erik Lindahl, and David van der Spoel

Copyright (c) 1991-2000, University of Groningen, The Netherlands.
Copyright (c) 2001-2015, The GROMACS development team at
Uppsala University, Stockholm University and
the Royal Institute of Technology, Sweden.
check out http://www.gromacs.org for more information.

GROMACS is free software; you can redistribute it and/or modify it
under the terms of the GNU Lesser General Public License
as published by the Free Software Foundation; either version 2.1
of the License, or (at your option) any later version.

GROMACS:      gmx mdrun, VERSION 5.1.4
Executable:   /sw/contrib/gromacs-5.1.4-with-plumed-2.4.3-with-impi/gromacs-5.1.4-with-plumed-2.4.3-withimpi//bin/gmx_mpi
Data prefix:  /sw/contrib/gromacs-5.1.4-with-plumed-2.4.3-with-impi/gromacs-5.1.4-with-plumed-2.4.3-withimpi/
Command line:
  gmx_mpi mdrun -s equil_npt.tpr -c equil_npt.gro -e equil_npt.edr -o equil_npt.trr -g equil_npt.log -v

GROMACS version:    VERSION 5.1.4
Precision:          single
Memory model:       64 bit
MPI library:        MPI
OpenMP support:     enabled (GMX_OPENMP_MAX_THREADS = 32)
GPU support:        disabled
OpenCL support:     disabled
invsqrt routine:    gmx_software_invsqrt(x)
SIMD instructions:  AVX2_256
FFT library:        fftw-3.3.3-sse2
RDTSCP usage:       enabled
C++11 compilation:  enabled
TNG support:        enabled
Tracing support:    disabled
Built on:           Mon Dec  3 13:49:27 PST 2018
Built by:           npokhrel@n2232.hyak.local [CMAKE]
Build OS/arch:      Linux 3.10.0-693.21.1.el7.x86_64 x86_64
Build CPU vendor:   GenuineIntel
Build CPU brand:    Intel(R) Xeon(R) CPU E5-2680 v4 @ 2.40GHz
Build CPU family:   6   Model: 79   Stepping: 1
Build CPU features: aes apic avx avx2 clfsh cmov cx8 cx16 f16c fma htt lahf_lm mmx msr nonstop_tsc pcid pclmuldq pdcm pdpe1gb popcnt pse rdrnd rdtscp sse2 sse3 sse4.1 sse4.2 ssse3 tdt x2apic
C compiler:         /sw/intel-201703/compilers_and_libraries_2017.2.174/linux/mpi/intel64/bin/mpicc GNU 4.8.5
C compiler flags:    -march=core-avx2    -Wundef -Wextra -Wno-missing-field-initializers -Wno-sign-compare -Wpointer-arith -Wall -Wno-unused -Wunused-value -Wunused-parameter  -O3 -DNDEBUG -funroll-all-loops -fexcess-precision=fast  -Wno-array-bounds 
C++ compiler:       /sw/intel-201703/compilers_and_libraries_2017.2.174/linux/mpi/intel64/bin/mpicxx GNU 4.8.5
C++ compiler flags:  -march=core-avx2   -std=c++0x  -Wundef -Wextra -Wno-missing-field-initializers -Wpointer-arith -Wall -Wno-unused-function  -O3 -DNDEBUG -funroll-all-loops -fexcess-precision=fast  -Wno-array-bounds 
Boost version:      1.53.0 (external)


Number of logical cores detected (28) does not match the number reported by OpenMP (3).
Consider setting the launch configuration manually!

Running on 1 node with total 28 cores, 28 logical cores
Hardware detected on host n2224.hyak.local (the node of MPI rank 0):
  CPU info:
    Vendor: GenuineIntel
    Brand:  Intel(R) Xeon(R) CPU E5-2680 v4 @ 2.40GHz
    Family:  6  model: 79  stepping:  1
    CPU features: aes apic avx avx2 clfsh cmov cx8 cx16 f16c fma htt lahf_lm mmx msr nonstop_tsc pcid pclmuldq pdcm pdpe1gb popcnt pse rdrnd rdtscp sse2 sse3 sse4.1 sse4.2 ssse3 tdt x2apic
    SIMD instructions most likely to fit this hardware: AVX2_256
    SIMD instructions selected at GROMACS compile time: AVX2_256


++++ PLEASE READ AND CITE THE FOLLOWING REFERENCE ++++
M. J. Abraham, T. Murtola, R. Schulz, S. Páll, J. C. Smith, B. Hess, E.
Lindahl
GROMACS: High performance molecular simulations through multi-level
parallelism from laptops to supercomputers
SoftwareX 1 (2015) pp. 19-25
-------- -------- --- Thank You --- -------- --------


++++ PLEASE READ AND CITE THE FOLLOWING REFERENCE ++++
S. Páll, M. J. Abraham, C. Kutzner, B. Hess, E. Lindahl
Tackling Exascale Software Challenges in Molecular Dynamics Simulations with
GROMACS
In S. Markidis & E. Laure (Eds.), Solving Software Challenges for Exascale 8759 (2015) pp. 3-27
-------- -------- --- Thank You --- -------- --------


++++ PLEASE READ AND CITE THE FOLLOWING REFERENCE ++++
S. Pronk, S. Páll, R. Schulz, P. Larsson, P. Bjelkmar, R. Apostolov, M. R.
Shirts, J. C. Smith, P. M. Kasson, D. van der Spoel, B. Hess, and E. Lindahl
GROMACS 4.5: a high-throughput and highly parallel open source molecular
simulation toolkit
Bioinformatics 29 (2013) pp. 845-54
-------- -------- --- Thank You --- -------- --------


++++ PLEASE READ AND CITE THE FOLLOWING REFERENCE ++++
B. Hess and C. Kutzner and D. van der Spoel and E. Lindahl
GROMACS 4: Algorithms for highly efficient, load-balanced, and scalable
molecular simulation
J. Chem. Theory Comput. 4 (2008) pp. 435-447
-------- -------- --- Thank You --- -------- --------


++++ PLEASE READ AND CITE THE FOLLOWING REFERENCE ++++
D. van der Spoel, E. Lindahl, B. Hess, G. Groenhof, A. E. Mark and H. J. C.
Berendsen
GROMACS: Fast, Flexible and Free
J. Comp. Chem. 26 (2005) pp. 1701-1719
-------- -------- --- Thank You --- -------- --------


++++ PLEASE READ AND CITE THE FOLLOWING REFERENCE ++++
E. Lindahl and B. Hess and D. van der Spoel
GROMACS 3.0: A package for molecular simulation and trajectory analysis
J. Mol. Mod. 7 (2001) pp. 306-317
-------- -------- --- Thank You --- -------- --------


++++ PLEASE READ AND CITE THE FOLLOWING REFERENCE ++++
H. J. C. Berendsen, D. van der Spoel and R. van Drunen
GROMACS: A message-passing parallel molecular dynamics implementation
Comp. Phys. Comm. 91 (1995) pp. 43-56
-------- -------- --- Thank You --- -------- --------

Changing nstlist from 10 to 40, rlist from 1.2 to 1.2

Input Parameters:
   integrator                     = md
   tinit                          = 0
   dt                             = 0.001
   nsteps                         = 100000
   init-step                      = 0
   simulation-part                = 1
   comm-mode                      = Linear
   nstcomm                        = 100
   bd-fric                        = 0
   ld-seed                        = 1763614809
   emtol                          = 10
   emstep                         = 0.01
   niter                          = 20
   fcstep                         = 0
   nstcgsteep                     = 1000
   nbfgscorr                      = 10
   rtpi                           = 0.05
   nstxout                        = 1000
   nstvout                        = 0
   nstfout                        = 1000
   nstlog                         = 1000
   nstcalcenergy                  = 100
   nstenergy                      = 1000
   nstxout-compressed             = 0
   compressed-x-precision         = 1000
   cutoff-scheme                  = Verlet
   nstlist                        = 40
   ns-type                        = Grid
   pbc                            = xyz
   periodic-molecules             = FALSE
   verlet-buffer-tolerance        = 0.005
   rlist                          = 1.2
   rlistlong                      = 1.2
   nstcalclr                      = 10
   coulombtype                    = PME
   coulomb-modifier               = Potential-shift
   rcoulomb-switch                = 0
   rcoulomb                       = 1.2
   epsilon-r                      = 1
   epsilon-rf                     = inf
   vdw-type                       = Cut-off
   vdw-modifier                   = Potential-switch
   rvdw-switch                    = 1
   rvdw                           = 1.2
   DispCorr                       = No
   table-extension                = 1
   fourierspacing                 = 0.08
   fourier-nx                     = 40
   fourier-ny                     = 40
   fourier-nz                     = 40
   pme-order                      = 4
   ewald-rtol                     = 1e-06
   ewald-rtol-lj                  = 0.001
   lj-pme-comb-rule               = Geometric
   ewald-geometry                 = 0
   epsilon-surface                = 0
   implicit-solvent               = No
   gb-algorithm                   = Still
   nstgbradii                     = 1
   rgbradii                       = 1
   gb-epsilon-solvent             = 80
   gb-saltconc                    = 0
   gb-obc-alpha                   = 1
   gb-obc-beta                    = 0.8
   gb-obc-gamma                   = 4.85
   gb-dielectric-offset           = 0.009
   sa-algorithm                   = Ace-approximation
   sa-surface-tension             = 2.05016
   tcoupl                         = V-rescale
   nsttcouple                     = 10
   nh-chain-length                = 0
   print-nose-hoover-chain-variables = FALSE
   pcoupl                         = Berendsen
   pcoupltype                     = Isotropic
   nstpcouple                     = 10
   tau-p                          = 1
   compressibility (3x3):
      compressibility[    0]={ 4.50000e-05,  0.00000e+00,  0.00000e+00}
      compressibility[    1]={ 0.00000e+00,  4.50000e-05,  0.00000e+00}
      compressibility[    2]={ 0.00000e+00,  0.00000e+00,  4.50000e-05}
   ref-p (3x3):
      ref-p[    0]={ 1.00000e+00,  0.00000e+00,  0.00000e+00}
      ref-p[    1]={ 0.00000e+00,  1.00000e+00,  0.00000e+00}
      ref-p[    2]={ 0.00000e+00,  0.00000e+00,  1.00000e+00}
   refcoord-scaling               = No
   posres-com (3):
      posres-com[0]= 0.00000e+00
      posres-com[1]= 0.00000e+00
      posres-com[2]= 0.00000e+00
   posres-comB (3):
      posres-comB[0]= 0.00000e+00
      posres-comB[1]= 0.00000e+00
      posres-comB[2]= 0.00000e+00
   QMMM                           = FALSE
   QMconstraints                  = 0
   QMMMscheme                     = 0
   MMChargeScaleFactor            = 1
qm-opts:
   ngQM                           = 0
   constraint-algorithm           = Lincs
   continuation                   = FALSE
   Shake-SOR                      = FALSE
   shake-tol                      = 0.0001
   lincs-order                    = 4
   lincs-iter                     = 1
   lincs-warnangle                = 30
   nwall                          = 0
   wall-type                      = 9-3
   wall-r-linpot                  = -1
   wall-atomtype[0]               = -1
   wall-atomtype[1]               = -1
   wall-density[0]                = 0
   wall-density[1]                = 0
   wall-ewald-zfac                = 3
   pull                           = FALSE
   rotation                       = FALSE
   interactiveMD                  = FALSE
   disre                          = No
   disre-weighting                = Conservative
   disre-mixed                    = FALSE
   dr-fc                          = 1000
   dr-tau                         = 0
   nstdisreout                    = 100
   orire-fc                       = 0
   orire-tau                      = 0
   nstorireout                    = 100
   free-energy                    = no
   cos-acceleration               = 0
   deform (3x3):
      deform[    0]={ 0.00000e+00,  0.00000e+00,  0.00000e+00}
      deform[    1]={ 0.00000e+00,  0.00000e+00,  0.00000e+00}
      deform[    2]={ 0.00000e+00,  0.00000e+00,  0.00000e+00}
   simulated-tempering            = FALSE
   E-x:
      n = 0
   E-xt:
      n = 0
   E-y:
      n = 0
   E-yt:
      n = 0
   E-z:
      n = 0
   E-zt:
      n = 0
   swapcoords                     = no
   adress                         = FALSE
   userint1                       = 0
   userint2                       = 0
   userint3                       = 0
   userint4                       = 0
   userreal1                      = 0
   userreal2                      = 0
   userreal3                      = 0
   userreal4                      = 0
grpopts:
   nrdf:        7938
   ref-t:         298
   tau-t:         0.1
annealing:          No
annealing-npoints:           0
   acc:	           0           0           0
   nfreeze:           N           N           N
   energygrp-flags[  0]: 0


Initializing Domain Decomposition on 8 ranks
Dynamic load balancing: auto
Will sort the charge groups at every domain (re)decomposition
Initial maximum inter charge-group distances:
    two-body bonded interactions: 0.382 nm, LJ-14, atoms 8 19
  multi-body bonded interactions: 0.382 nm, Proper Dih., atoms 8 19
Minimum cell size due to bonded interactions: 0.420 nm
Using 0 separate PME ranks, as there are too few total
 ranks for efficient splitting
Scaling the initial minimum size with 1/0.8 (option -dds) = 1.25
Optimizing the DD grid for 8 cells with a minimum initial size of 0.525 nm
The maximum allowed number of cells is: X 5 Y 5 Z 5
Domain decomposition grid 4 x 2 x 1, separate PME ranks 0
PME domain decomposition: 4 x 2 x 1
Domain decomposition rank 0, coordinates 0 0 0

Using 8 MPI processes
Using 3 OpenMP threads per MPI process

Will do PME sum in reciprocal space for electrostatic interactions.

++++ PLEASE READ AND CITE THE FOLLOWING REFERENCE ++++
U. Essmann, L. Perera, M. L. Berkowitz, T. Darden, H. Lee and L. G. Pedersen 
A smooth particle mesh Ewald method
J. Chem. Phys. 103 (1995) pp. 8577-8592
-------- -------- --- Thank You --- -------- --------

Will do ordinary reciprocal space Ewald sum.
Using a Gaussian width (1/beta) of 0.34693 nm for Ewald
Cut-off's:   NS: 1.2   Coulomb: 1.2   LJ: 1.2
System total charge: 0.000
Generated table with 1100 data points for Ewald.
Tabscale = 500 points/nm
Generated table with 1100 data points for LJ6Switch.
Tabscale = 500 points/nm
Generated table with 1100 data points for LJ12Switch.
Tabscale = 500 points/nm
Generated table with 1100 data points for 1-4 COUL.
Tabscale = 500 points/nm
Generated table with 1100 data points for 1-4 LJ6.
Tabscale = 500 points/nm
Generated table with 1100 data points for 1-4 LJ12.
Tabscale = 500 points/nm
Potential shift: LJ r^-12: 0.000e+00 r^-6: 0.000e+00, Ewald -1.000e-06
Initialized non-bonded Ewald correction tables, spacing: 9.71e-04 size: 1237


Using AVX2_256 4x8 non-bonded kernels

Removing pbc first time

Non-default thread affinity set probably by the OpenMP library,
disabling internal thread affinity

Linking all bonded interactions to atoms

The initial number of communication pulses is: X 2 Y 1
The initial domain decomposition cell size is: X 0.75 nm Y 1.50 nm

The maximum allowed distance for charge groups involved in interactions is:
                 non-bonded interactions           1.200 nm
(the following are initial values, they could change due to box deformation)
            two-body bonded interactions  (-rdd)   1.200 nm
          multi-body bonded interactions  (-rdd)   0.750 nm

When dynamic load balancing gets turned on, these settings will change to:
The maximum number of communication pulses is: X 3 Y 1
The minimum size for domain decomposition cells is 0.566 nm
The requested allowed shrink of DD cells (option -dds) is: 0.80
The allowed shrink of domain decomposition cells is: X 0.75 Y 0.80
The maximum allowed distance for charge groups involved in interactions is:
                 non-bonded interactions           1.200 nm
            two-body bonded interactions  (-rdd)   1.200 nm
          multi-body bonded interactions  (-rdd)   0.566 nm


Making 2D domain decomposition grid 4 x 2 x 1, home cell index 0 0 0

Center of mass motion removal mode is Linear
We have the following groups for center of mass motion removal:
  0:  rest

++++ PLEASE READ AND CITE THE FOLLOWING REFERENCE ++++
G. Bussi, D. Donadio and M. Parrinello
Canonical sampling through velocity rescaling
J. Chem. Phys. 126 (2007) pp. 014101
-------- -------- --- Thank You --- -------- --------

There are: 2647 Atoms
Atom distribution over 8 domains: av 330 stddev 27 min 315 max 352
Initial temperature: 297.826 K

Started mdrun on rank 0 Wed Feb 12 12:26:24 2020
           Step           Time         Lambda
              0        0.00000        0.00000

   Energies (kJ/mol)
           Bond          Angle            U-B    Proper Dih.  Improper Dih.
    6.22176e+01    8.45199e+00    1.03325e+01    2.78284e+01    1.40715e-01
          LJ-14     Coulomb-14        LJ (SR)   Coulomb (SR)   Coul. recip.
    4.64461e+01    9.51561e+00    4.06222e+03   -4.51116e+04    1.25652e+02
      Potential    Kinetic En.   Total Energy    Temperature Pressure (bar)
   -4.07588e+04    1.00952e+04   -3.06637e+04    3.05913e+02    2.26244e+04

DD  step 39 load imb.: force  8.3%

At step 40 the performance loss due to force load imbalance is 3.4 %

NOTE: Turning on dynamic load balancing

DD  step 999  vol min/aver 0.927  load imb.: force  4.7%

           Step           Time         Lambda
           1000        1.00000        0.00000

   Energies (kJ/mol)
           Bond          Angle            U-B    Proper Dih.  Improper Dih.
    3.34997e+03    1.84218e+03    1.72253e+01    1.38517e+01    1.34164e-02
          LJ-14     Coulomb-14        LJ (SR)   Coulomb (SR)   Coul. recip.
    4.69925e+01    1.35668e+01    4.78430e+03   -4.68813e+04    1.50412e+02
      Potential    Kinetic En.   Total Energy    Temperature Pressure (bar)
   -3.66628e+04    1.02629e+04   -2.63999e+04    3.10995e+02    2.16826e+03

DD  step 1999  vol min/aver 0.938  load imb.: force  5.5%

           Step           Time         Lambda
           2000        2.00000        0.00000

   Energies (kJ/mol)
           Bond          Angle            U-B    Proper Dih.  Improper Dih.
    4.05679e+03    1.55766e+03    1.87912e+01    1.25100e+01    5.29640e-01
          LJ-14     Coulomb-14        LJ (SR)   Coulomb (SR)   Coul. recip.
    4.58760e+01    1.10422e+01    4.85141e+03   -4.64743e+04    2.06522e+02
      Potential    Kinetic En.   Total Energy    Temperature Pressure (bar)
   -3.57132e+04    1.05333e+04   -2.51799e+04    3.19189e+02    4.31951e+03

DD  step 2999  vol min/aver 0.879  load imb.: force  3.8%

           Step           Time         Lambda
           3000        3.00000        0.00000

   Energies (kJ/mol)
           Bond          Angle            U-B    Proper Dih.  Improper Dih.
    4.56543e+03    1.47267e+03    1.51099e+01    1.26864e+01    1.31169e-01
          LJ-14     Coulomb-14        LJ (SR)   Coulomb (SR)   Coul. recip.
    4.43966e+01    1.08500e+01    5.41866e+03   -4.68286e+04    2.93338e+02
      Potential    Kinetic En.   Total Energy    Temperature Pressure (bar)
   -3.49954e+04    1.13304e+04   -2.36650e+04    3.43344e+02    5.47402e+03

DD  step 3999  vol min/aver 0.737  load imb.: force  6.4%

           Step           Time         Lambda
           4000        4.00000        0.00000

   Energies (kJ/mol)
           Bond          Angle            U-B    Proper Dih.  Improper Dih.
    5.88025e+03    1.40836e+03    1.16340e+01    1.25167e+01    2.25549e-01
          LJ-14     Coulomb-14        LJ (SR)   Coulomb (SR)   Coul. recip.
    4.64242e+01    1.08113e+01    5.90333e+03   -4.69710e+04    3.24039e+02
      Potential    Kinetic En.   Total Energy    Temperature Pressure (bar)
   -3.33734e+04    1.11897e+04   -2.21838e+04    3.39080e+02    5.55730e+03

DD  step 4999  vol min/aver 0.612  load imb.: force  6.9%

           Step           Time         Lambda
           5000        5.00000        0.00000

   Energies (kJ/mol)
           Bond          Angle            U-B    Proper Dih.  Improper Dih.
    6.42352e+03    1.44761e+03    8.64421e+00    1.16285e+01    4.15750e-01
          LJ-14     Coulomb-14        LJ (SR)   Coulomb (SR)   Coul. recip.
    4.94034e+01    1.22266e+01    6.45185e+03   -4.76442e+04    3.89615e+02
      Potential    Kinetic En.   Total Energy    Temperature Pressure (bar)
   -3.28493e+04    1.10627e+04   -2.17866e+04    3.35233e+02    5.16398e+03

DD  step 5999  vol min/aver 0.534  load imb.: force  7.2%

           Step           Time         Lambda
           6000        6.00000        0.00000

   Energies (kJ/mol)
           Bond          Angle            U-B    Proper Dih.  Improper Dih.
    6.35986e+03    1.63109e+03    9.07506e+00    1.02697e+01    1.26333e-01
          LJ-14     Coulomb-14        LJ (SR)   Coulomb (SR)   Coul. recip.
    4.75693e+01    1.21524e+01    6.68704e+03   -4.78094e+04    3.81691e+02
      Potential    Kinetic En.   Total Energy    Temperature Pressure (bar)
   -3.26705e+04    1.02638e+04   -2.24066e+04    3.11024e+02    4.71041e+03

DD  step 6999  vol min/aver 0.444  load imb.: force  9.7%

           Step           Time         Lambda
           7000        7.00000        0.00000

   Energies (kJ/mol)
           Bond          Angle            U-B    Proper Dih.  Improper Dih.
    6.95447e+03    1.71853e+03    1.02698e+01    1.15731e+01    1.05348e-01
          LJ-14     Coulomb-14        LJ (SR)   Coulomb (SR)   Coul. recip.
    4.58458e+01    9.98121e+00    6.85863e+03   -4.77431e+04    3.81950e+02
      Potential    Kinetic En.   Total Energy    Temperature Pressure (bar)
   -3.17517e+04    1.03672e+04   -2.13846e+04    3.14155e+02    4.02679e+03

DD  step 7999  vol min/aver 0.342  load imb.: force  5.7%

           Step           Time         Lambda
           8000        8.00000        0.00000

   Energies (kJ/mol)
           Bond          Angle            U-B    Proper Dih.  Improper Dih.
    6.64783e+03    1.81391e+03    1.19509e+01    1.13959e+01    4.78263e-01
          LJ-14     Coulomb-14        LJ (SR)   Coulomb (SR)   Coul. recip.
    4.66955e+01    1.04544e+01    6.85717e+03   -4.79421e+04    3.30881e+02
      Potential    Kinetic En.   Total Energy    Temperature Pressure (bar)
   -3.22114e+04    1.00763e+04   -2.21351e+04    3.05341e+02    3.01032e+03

DD  load balancing is limited by minimum cell size in dimension X
DD  step 8999  vol min/aver 0.294! load imb.: force  4.6%

           Step           Time         Lambda
           9000        9.00000        0.00000

   Energies (kJ/mol)
           Bond          Angle            U-B    Proper Dih.  Improper Dih.
    6.60122e+03    1.80900e+03    7.57497e+00    1.43428e+01    7.19857e-01
          LJ-14     Coulomb-14        LJ (SR)   Coulomb (SR)   Coul. recip.
    4.58090e+01    1.03205e+01    6.89179e+03   -4.82544e+04    3.59305e+02
      Potential    Kinetic En.   Total Energy    Temperature Pressure (bar)
   -3.25144e+04    9.87561e+03   -2.26388e+04    2.99260e+02    2.20276e+03

DD  load balancing is limited by minimum cell size in dimension X
DD  step 9999  vol min/aver 0.246! load imb.: force 24.0%

           Step           Time         Lambda
          10000       10.00000        0.00000

   Energies (kJ/mol)
           Bond          Angle            U-B    Proper Dih.  Improper Dih.
    6.29811e+03    1.86722e+03    9.13689e+00    1.04090e+01    5.50863e-02
          LJ-14     Coulomb-14        LJ (SR)   Coulomb (SR)   Coul. recip.
    4.72156e+01    1.02478e+01    7.16394e+03   -4.85202e+04    3.52429e+02
      Potential    Kinetic En.   Total Energy    Temperature Pressure (bar)
   -3.27615e+04    9.91794e+03   -2.28435e+04    3.00543e+02    1.67933e+03

DD  load balancing is limited by minimum cell size in dimension X
DD  step 10999  vol min/aver 0.249! load imb.: force 36.2%

           Step           Time         Lambda
          11000       11.00000        0.00000

   Energies (kJ/mol)
           Bond          Angle            U-B    Proper Dih.  Improper Dih.
    5.77282e+03    1.84969e+03    1.06857e+01    1.30653e+01    2.86598e-01
          LJ-14     Coulomb-14        LJ (SR)   Coulomb (SR)   Coul. recip.
    4.84296e+01    1.08922e+01    6.79591e+03   -4.82232e+04    3.17792e+02
      Potential    Kinetic En.   Total Energy    Temperature Pressure (bar)
   -3.34036e+04    9.92224e+03   -2.34814e+04    3.00673e+02    1.29759e+03

DD  load balancing is limited by minimum cell size in dimension X
DD  step 11999  vol min/aver 0.247! load imb.: force 33.3%

           Step           Time         Lambda
          12000       12.00000        0.00000

   Energies (kJ/mol)
           Bond          Angle            U-B    Proper Dih.  Improper Dih.
    5.63878e+03    2.04081e+03    9.41695e+00    1.49229e+01    4.10367e-02
          LJ-14     Coulomb-14        LJ (SR)   Coulomb (SR)   Coul. recip.
    4.55058e+01    8.15264e+00    7.07912e+03   -4.88974e+04    3.40568e+02
      Potential    Kinetic En.   Total Energy    Temperature Pressure (bar)
   -3.37201e+04    1.00389e+04   -2.36812e+04    3.04207e+02    8.84929e+02

DD  load balancing is limited by minimum cell size in dimension X
DD  step 12999  vol min/aver 0.262! load imb.: force 28.2%

           Step           Time         Lambda
          13000       13.00000        0.00000

   Energies (kJ/mol)
           Bond          Angle            U-B    Proper Dih.  Improper Dih.
    5.74475e+03    1.93010e+03    6.60619e+00    1.30716e+01    4.42731e-01
          LJ-14     Coulomb-14        LJ (SR)   Coulomb (SR)   Coul. recip.
    4.71654e+01    9.43420e+00    7.06915e+03   -4.88221e+04    3.31260e+02
      Potential    Kinetic En.   Total Energy    Temperature Pressure (bar)
   -3.36701e+04    9.70428e+03   -2.39659e+04    2.94068e+02    6.83665e+02

DD  load balancing is limited by minimum cell size in dimension X
DD  step 13999  vol min/aver 0.255! load imb.: force 37.2%

           Step           Time         Lambda
          14000       14.00000        0.00000

   Energies (kJ/mol)
           Bond          Angle            U-B    Proper Dih.  Improper Dih.
    5.37210e+03    1.93081e+03    1.03762e+01    1.24089e+01    3.92308e-01
          LJ-14     Coulomb-14        LJ (SR)   Coulomb (SR)   Coul. recip.
    4.36280e+01    1.19967e+01    6.74216e+03   -4.83292e+04    3.11216e+02
      Potential    Kinetic En.   Total Energy    Temperature Pressure (bar)
   -3.38942e+04    9.90769e+03   -2.39865e+04    3.00232e+02    5.17984e+02

DD  load balancing is limited by minimum cell size in dimension X
DD  step 14999  vol min/aver 0.256! load imb.: force 41.4%

           Step           Time         Lambda
          15000       15.00000        0.00000

   Energies (kJ/mol)
           Bond          Angle            U-B    Proper Dih.  Improper Dih.
    5.13867e+03    1.94137e+03    1.56696e+01    1.13289e+01    3.10511e-01
          LJ-14     Coulomb-14        LJ (SR)   Coulomb (SR)   Coul. recip.
    4.56951e+01    1.13449e+01    6.75147e+03   -4.82617e+04    3.14917e+02
      Potential    Kinetic En.   Total Energy    Temperature Pressure (bar)
   -3.40309e+04    9.74611e+03   -2.42848e+04    2.95336e+02    4.75143e+02

DD  load balancing is limited by minimum cell size in dimension X
DD  step 15999  vol min/aver 0.253! load imb.: force 47.5%

           Step           Time         Lambda
          16000       16.00000        0.00000

   Energies (kJ/mol)
           Bond          Angle            U-B    Proper Dih.  Improper Dih.
    5.10643e+03    1.92674e+03    8.99666e+00    1.49365e+01    3.34747e-01
          LJ-14     Coulomb-14        LJ (SR)   Coulomb (SR)   Coul. recip.
    4.52850e+01    1.04753e+01    6.57883e+03   -4.81359e+04    2.90169e+02
      Potential    Kinetic En.   Total Energy    Temperature Pressure (bar)
   -3.41538e+04    9.92047e+03   -2.42333e+04    3.00619e+02    3.94904e+02

DD  load balancing is limited by minimum cell size in dimension X
DD  step 16999  vol min/aver 0.249! load imb.: force 51.8%

           Step           Time         Lambda
          17000       17.00000        0.00000

   Energies (kJ/mol)
           Bond          Angle            U-B    Proper Dih.  Improper Dih.
    5.14881e+03    1.91882e+03    9.77749e+00    1.55886e+01    3.22769e-01
          LJ-14     Coulomb-14        LJ (SR)   Coulomb (SR)   Coul. recip.
    4.72036e+01    1.13949e+01    6.54527e+03   -4.78994e+04    3.22183e+02
      Potential    Kinetic En.   Total Energy    Temperature Pressure (bar)
   -3.38800e+04    9.50794e+03   -2.43721e+04    2.88118e+02    3.23041e+02

DD  load balancing is limited by minimum cell size in dimension X
DD  step 17999  vol min/aver 0.254! load imb.: force 54.3%

           Step           Time         Lambda
          18000       18.00000        0.00000

   Energies (kJ/mol)
           Bond          Angle            U-B    Proper Dih.  Improper Dih.
    4.76684e+03    1.97219e+03    1.67159e+01    1.27754e+01    9.52311e-01
          LJ-14     Coulomb-14        LJ (SR)   Coulomb (SR)   Coul. recip.
    4.88227e+01    9.39212e+00    6.48013e+03   -4.78074e+04    3.04996e+02
      Potential    Kinetic En.   Total Energy    Temperature Pressure (bar)
   -3.41946e+04    1.01278e+04   -2.40668e+04    3.06903e+02    3.78962e+02

DD  load balancing is limited by minimum cell size in dimension X
DD  step 18999  vol min/aver 0.257! load imb.: force 56.2%

           Step           Time         Lambda
          19000       19.00000        0.00000

   Energies (kJ/mol)
           Bond          Angle            U-B    Proper Dih.  Improper Dih.
    4.78538e+03    2.00033e+03    1.45212e+01    1.77592e+01    1.46356e+00
          LJ-14     Coulomb-14        LJ (SR)   Coulomb (SR)   Coul. recip.
    5.03916e+01    1.11216e+01    6.00969e+03   -4.69858e+04    3.12248e+02
      Potential    Kinetic En.   Total Energy    Temperature Pressure (bar)
   -3.37829e+04    9.98639e+03   -2.37965e+04    3.02617e+02    1.78635e+02

DD  load balancing is limited by minimum cell size in dimension X
DD  step 19999  vol min/aver 0.258! load imb.: force 59.3%

           Step           Time         Lambda
          20000       20.00000        0.00000

   Energies (kJ/mol)
           Bond          Angle            U-B    Proper Dih.  Improper Dih.
    4.52409e+03    2.04476e+03    1.30557e+01    1.41032e+01    2.36667e+00
          LJ-14     Coulomb-14        LJ (SR)   Coulomb (SR)   Coul. recip.
    4.58764e+01    9.31806e+00    6.36559e+03   -4.73184e+04    3.14417e+02
      Potential    Kinetic En.   Total Energy    Temperature Pressure (bar)
   -3.39849e+04    1.00257e+04   -2.39592e+04    3.03807e+02    3.99058e+02

DD  load balancing is limited by minimum cell size in dimension X
DD  step 20999  vol min/aver 0.224! load imb.: force 67.5%

           Step           Time         Lambda
          21000       21.00000        0.00000

   Energies (kJ/mol)
           Bond          Angle            U-B    Proper Dih.  Improper Dih.
    4.74826e+03    2.20211e+03    1.24189e+01    1.60801e+01    3.06463e+00
          LJ-14     Coulomb-14        LJ (SR)   Coulomb (SR)   Coul. recip.
    4.21335e+01    1.12307e+01    6.25619e+03   -4.72348e+04    3.28899e+02
      Potential    Kinetic En.   Total Energy    Temperature Pressure (bar)
   -3.36144e+04    9.77696e+03   -2.38374e+04    2.96271e+02    7.91837e+01

DD  load balancing is limited by minimum cell size in dimension X
DD  step 21999  vol min/aver 0.219! load imb.: force 64.0%

           Step           Time         Lambda
          22000       22.00000        0.00000

   Energies (kJ/mol)
           Bond          Angle            U-B    Proper Dih.  Improper Dih.
    4.73237e+03    2.21411e+03    1.38513e+01    1.59095e+01    8.72442e-01
          LJ-14     Coulomb-14        LJ (SR)   Coulomb (SR)   Coul. recip.
    4.60952e+01    1.13492e+01    6.18139e+03   -4.67782e+04    3.11052e+02
      Potential    Kinetic En.   Total Energy    Temperature Pressure (bar)
   -3.32512e+04    9.76070e+03   -2.34905e+04    2.95778e+02   -6.06584e+01

DD  load balancing is limited by minimum cell size in dimension X
DD  step 22999  vol min/aver 0.216! load imb.: force 60.4%

           Step           Time         Lambda
          23000       23.00000        0.00000

   Energies (kJ/mol)
           Bond          Angle            U-B    Proper Dih.  Improper Dih.
    4.53104e+03    2.10350e+03    1.51714e+01    2.16423e+01    1.45930e-01
          LJ-14     Coulomb-14        LJ (SR)   Coulomb (SR)   Coul. recip.
    4.86616e+01    8.68299e+00    6.12334e+03   -4.67088e+04    3.54414e+02
      Potential    Kinetic En.   Total Energy    Temperature Pressure (bar)
   -3.35022e+04    9.98016e+03   -2.35221e+04    3.02428e+02    1.16351e+02

DD  load balancing is limited by minimum cell size in dimension X
DD  step 23999  vol min/aver 0.203! load imb.: force 62.1%

           Step           Time         Lambda
          24000       24.00000        0.00000

   Energies (kJ/mol)
           Bond          Angle            U-B    Proper Dih.  Improper Dih.
    4.40214e+03    2.13388e+03    1.98543e+01    1.46971e+01    2.19394e+00
          LJ-14     Coulomb-14        LJ (SR)   Coulomb (SR)   Coul. recip.
    4.74426e+01    1.09473e+01    6.02546e+03   -4.66017e+04    3.11852e+02
      Potential    Kinetic En.   Total Energy    Temperature Pressure (bar)
   -3.36332e+04    9.96474e+03   -2.36685e+04    3.01961e+02   -9.98367e+00

DD  load balancing is limited by minimum cell size in dimension X
DD  step 24999  vol min/aver 0.204! load imb.: force 61.3%

           Step           Time         Lambda
          25000       25.00000        0.00000

   Energies (kJ/mol)
           Bond          Angle            U-B    Proper Dih.  Improper Dih.
    4.45503e+03    2.03586e+03    2.19038e+01    1.30322e+01    1.07704e+00
          LJ-14     Coulomb-14        LJ (SR)   Coulomb (SR)   Coul. recip.
    4.68208e+01    1.13198e+01    6.17724e+03   -4.67273e+04    3.01741e+02
      Potential    Kinetic En.   Total Energy    Temperature Pressure (bar)
   -3.36633e+04    1.00333e+04   -2.36300e+04    3.04037e+02    1.22629e+02

DD  load balancing is limited by minimum cell size in dimension X
DD  step 25999  vol min/aver 0.195! load imb.: force 58.4%

           Step           Time         Lambda
          26000       26.00000        0.00000

   Energies (kJ/mol)
           Bond          Angle            U-B    Proper Dih.  Improper Dih.
    4.51230e+03    2.02236e+03    2.16352e+01    1.35017e+01    1.93884e+00
          LJ-14     Coulomb-14        LJ (SR)   Coulomb (SR)   Coul. recip.
    5.13526e+01    1.13010e+01    5.97375e+03   -4.63655e+04    3.18670e+02
      Potential    Kinetic En.   Total Energy    Temperature Pressure (bar)
   -3.34387e+04    9.72307e+03   -2.37156e+04    2.94638e+02   -1.01283e+02

DD  load balancing is limited by minimum cell size in dimension X
DD  step 26999  vol min/aver 0.213! load imb.: force 59.1%

           Step           Time         Lambda
          27000       27.00000        0.00000

   Energies (kJ/mol)
           Bond          Angle            U-B    Proper Dih.  Improper Dih.
    4.39789e+03    2.09370e+03    1.43449e+01    1.64034e+01    1.88230e+00
          LJ-14     Coulomb-14        LJ (SR)   Coulomb (SR)   Coul. recip.
    4.86826e+01    9.62467e+00    5.81941e+03   -4.59916e+04    3.39419e+02
      Potential    Kinetic En.   Total Energy    Temperature Pressure (bar)
   -3.32502e+04    9.71587e+03   -2.35343e+04    2.94419e+02   -4.35216e+01

DD  load balancing is limited by minimum cell size in dimension X
DD  step 27999  vol min/aver 0.199! load imb.: force 57.4%

           Step           Time         Lambda
          28000       28.00000        0.00000

   Energies (kJ/mol)
           Bond          Angle            U-B    Proper Dih.  Improper Dih.
    4.03921e+03    1.94346e+03    1.69009e+01    1.46354e+01    2.11926e+00
          LJ-14     Coulomb-14        LJ (SR)   Coulomb (SR)   Coul. recip.
    5.10332e+01    1.10617e+01    5.81223e+03   -4.57713e+04    3.11497e+02
      Potential    Kinetic En.   Total Energy    Temperature Pressure (bar)
   -3.35692e+04    1.00308e+04   -2.35384e+04    3.03962e+02   -1.20860e+01

DD  load balancing is limited by minimum cell size in dimension X
DD  step 28999  vol min/aver 0.194! load imb.: force 58.2%

           Step           Time         Lambda
          29000       29.00000        0.00000

   Energies (kJ/mol)
           Bond          Angle            U-B    Proper Dih.  Improper Dih.
    4.03699e+03    1.99816e+03    1.84716e+01    2.42496e+01    8.96278e-01
          LJ-14     Coulomb-14        LJ (SR)   Coulomb (SR)   Coul. recip.
    4.93538e+01    1.05541e+01    5.68132e+03   -4.56298e+04    2.90693e+02
      Potential    Kinetic En.   Total Energy    Temperature Pressure (bar)
   -3.35191e+04    1.00466e+04   -2.34725e+04    3.04441e+02    6.35085e+01

DD  load balancing is limited by minimum cell size in dimension X
DD  step 29999  vol min/aver 0.193! load imb.: force 63.6%

           Step           Time         Lambda
          30000       30.00000        0.00000

   Energies (kJ/mol)
           Bond          Angle            U-B    Proper Dih.  Improper Dih.
    4.06862e+03    1.96916e+03    1.60478e+01    2.14143e+01    3.04850e-01
          LJ-14     Coulomb-14        LJ (SR)   Coulomb (SR)   Coul. recip.
    4.98624e+01    8.84423e+00    5.84032e+03   -4.55089e+04    2.96654e+02
      Potential    Kinetic En.   Total Energy    Temperature Pressure (bar)
   -3.32377e+04    9.86175e+03   -2.33759e+04    2.98840e+02    1.60079e+02

DD  load balancing is limited by minimum cell size in dimension X
DD  step 30999  vol min/aver 0.201! load imb.: force 59.0%

           Step           Time         Lambda
          31000       31.00000        0.00000

   Energies (kJ/mol)
           Bond          Angle            U-B    Proper Dih.  Improper Dih.
    3.93053e+03    2.10895e+03    2.55747e+01    1.84660e+01    2.54894e+00
          LJ-14     Coulomb-14        LJ (SR)   Coulomb (SR)   Coul. recip.
    4.94718e+01    8.37295e+00    5.91184e+03   -4.60156e+04    3.09733e+02
      Potential    Kinetic En.   Total Energy    Temperature Pressure (bar)
   -3.36501e+04    9.93132e+03   -2.37188e+04    3.00948e+02    8.04186e+01

DD  load balancing is limited by minimum cell size in dimension X
DD  step 31999  vol min/aver 0.226! load imb.: force 53.0%

           Step           Time         Lambda
          32000       32.00000        0.00000

   Energies (kJ/mol)
           Bond          Angle            U-B    Proper Dih.  Improper Dih.
    4.07386e+03    1.85833e+03    2.21583e+01    2.17696e+01    1.65150e+00
          LJ-14     Coulomb-14        LJ (SR)   Coulomb (SR)   Coul. recip.
    4.55791e+01    7.50000e+00    5.64805e+03   -4.52680e+04    3.28142e+02
      Potential    Kinetic En.   Total Energy    Temperature Pressure (bar)
   -3.32609e+04    1.01253e+04   -2.31357e+04    3.06826e+02    6.50600e+01

DD  load balancing is limited by minimum cell size in dimension X
DD  step 32999  vol min/aver 0.235! load imb.: force 50.3%

           Step           Time         Lambda
          33000       33.00000        0.00000

   Energies (kJ/mol)
           Bond          Angle            U-B    Proper Dih.  Improper Dih.
    3.96277e+03    2.07513e+03    1.76745e+01    1.57598e+01    1.42138e+00
          LJ-14     Coulomb-14        LJ (SR)   Coulomb (SR)   Coul. recip.
    4.81958e+01    6.20701e+00    5.48571e+03   -4.50851e+04    3.05191e+02
      Potential    Kinetic En.   Total Energy    Temperature Pressure (bar)
   -3.31671e+04    9.69563e+03   -2.34714e+04    2.93806e+02   -2.05798e+00

DD  load balancing is limited by minimum cell size in dimension X
DD  step 33999  vol min/aver 0.226! load imb.: force 44.9%

           Step           Time         Lambda
          34000       34.00000        0.00000

   Energies (kJ/mol)
           Bond          Angle            U-B    Proper Dih.  Improper Dih.
    3.93951e+03    1.91825e+03    2.46205e+01    1.56334e+01    7.36800e-01
          LJ-14     Coulomb-14        LJ (SR)   Coulomb (SR)   Coul. recip.
    4.39881e+01    9.15590e+00    5.65184e+03   -4.52922e+04    2.75024e+02
      Potential    Kinetic En.   Total Energy    Temperature Pressure (bar)
   -3.34135e+04    9.67683e+03   -2.37366e+04    2.93236e+02   -7.70230e+01

DD  load balancing is limited by minimum cell size in dimension X
DD  step 34999  vol min/aver 0.224! load imb.: force 51.1%

           Step           Time         Lambda
          35000       35.00000        0.00000

   Energies (kJ/mol)
           Bond          Angle            U-B    Proper Dih.  Improper Dih.
    3.95950e+03    2.14021e+03    1.97400e+01    1.75674e+01    3.68842e-01
          LJ-14     Coulomb-14        LJ (SR)   Coulomb (SR)   Coul. recip.
    4.79467e+01    1.15258e+01    5.69580e+03   -4.48400e+04    3.25589e+02
      Potential    Kinetic En.   Total Energy    Temperature Pressure (bar)
   -3.26217e+04    9.92052e+03   -2.27012e+04    3.00621e+02    5.64598e+01

DD  load balancing is limited by minimum cell size in dimension X
DD  step 35999  vol min/aver 0.226! load imb.: force 50.2%

           Step           Time         Lambda
          36000       36.00000        0.00000

   Energies (kJ/mol)
           Bond          Angle            U-B    Proper Dih.  Improper Dih.
    3.93406e+03    1.91326e+03    2.95432e+01    2.57923e+01    1.80401e-01
          LJ-14     Coulomb-14        LJ (SR)   Coulomb (SR)   Coul. recip.
    4.07341e+01    8.94358e+00    5.23225e+03   -4.46506e+04    3.09440e+02
      Potential    Kinetic En.   Total Energy    Temperature Pressure (bar)
   -3.31564e+04    9.89861e+03   -2.32578e+04    2.99957e+02   -7.50771e+01

DD  load balancing is limited by minimum cell size in dimension X
DD  step 36999  vol min/aver 0.220! load imb.: force 50.2%

           Step           Time         Lambda
          37000       37.00000        0.00000

   Energies (kJ/mol)
           Bond          Angle            U-B    Proper Dih.  Improper Dih.
    3.82057e+03    2.07860e+03    3.47142e+01    2.83551e+01    2.24023e-01
          LJ-14     Coulomb-14        LJ (SR)   Coulomb (SR)   Coul. recip.
    4.79919e+01    1.06620e+01    5.44677e+03   -4.50818e+04    3.18216e+02
      Potential    Kinetic En.   Total Energy    Temperature Pressure (bar)
   -3.32957e+04    9.88477e+03   -2.34110e+04    2.99538e+02    1.18358e+01

DD  load balancing is limited by minimum cell size in dimension X
DD  step 37999  vol min/aver 0.225! load imb.: force 50.3%

           Step           Time         Lambda
          38000       38.00000        0.00000

   Energies (kJ/mol)
           Bond          Angle            U-B    Proper Dih.  Improper Dih.
    3.86138e+03    1.92140e+03    2.78194e+01    2.11374e+01    2.74757e+00
          LJ-14     Coulomb-14        LJ (SR)   Coulomb (SR)   Coul. recip.
    4.65973e+01    8.01934e+00    5.58555e+03   -4.49569e+04    3.33128e+02
      Potential    Kinetic En.   Total Energy    Temperature Pressure (bar)
   -3.31492e+04    9.88793e+03   -2.32612e+04    2.99633e+02   -7.92065e+01

DD  load balancing is limited by minimum cell size in dimension X
DD  step 38999  vol min/aver 0.224! load imb.: force 45.3%

           Step           Time         Lambda
          39000       39.00000        0.00000

   Energies (kJ/mol)
           Bond          Angle            U-B    Proper Dih.  Improper Dih.
    3.91147e+03    1.87314e+03    3.22274e+01    2.76361e+01    6.21096e-01
          LJ-14     Coulomb-14        LJ (SR)   Coulomb (SR)   Coul. recip.
    4.89048e+01    1.24912e+01    5.56899e+03   -4.49948e+04    3.22541e+02
      Potential    Kinetic En.   Total Energy    Temperature Pressure (bar)
   -3.31968e+04    9.87566e+03   -2.33211e+04    2.99261e+02   -2.19627e+01

DD  load balancing is limited by minimum cell size in dimension X
DD  step 39999  vol min/aver 0.223! load imb.: force 42.5%

           Step           Time         Lambda
          40000       40.00000        0.00000

   Energies (kJ/mol)
           Bond          Angle            U-B    Proper Dih.  Improper Dih.
    3.87114e+03    2.13599e+03    2.17377e+01    1.85627e+01    1.71975e-01
          LJ-14     Coulomb-14        LJ (SR)   Coulomb (SR)   Coul. recip.
    5.12700e+01    1.43765e+01    5.57268e+03   -4.49307e+04    3.06993e+02
      Potential    Kinetic En.   Total Energy    Temperature Pressure (bar)
   -3.29377e+04    9.89666e+03   -2.30411e+04    2.99898e+02    6.93350e+01

DD  load balancing is limited by minimum cell size in dimension X
DD  step 40999  vol min/aver 0.221! load imb.: force 39.4%

           Step           Time         Lambda
          41000       41.00000        0.00000

   Energies (kJ/mol)
           Bond          Angle            U-B    Proper Dih.  Improper Dih.
    3.69071e+03    1.99955e+03    2.01680e+01    2.19708e+01    5.19621e+00
          LJ-14     Coulomb-14        LJ (SR)   Coulomb (SR)   Coul. recip.
    5.03260e+01    1.34213e+01    5.82601e+03   -4.52416e+04    3.35191e+02
      Potential    Kinetic En.   Total Energy    Temperature Pressure (bar)
   -3.32791e+04    1.01814e+04   -2.30977e+04    3.08527e+02    2.20058e+01

DD  load balancing is limited by minimum cell size in dimension X
DD  step 41999  vol min/aver 0.220! load imb.: force 37.4%

           Step           Time         Lambda
          42000       42.00000        0.00000

   Energies (kJ/mol)
           Bond          Angle            U-B    Proper Dih.  Improper Dih.
    3.75480e+03    1.98399e+03    1.74371e+01    2.13401e+01    2.89045e-01
          LJ-14     Coulomb-14        LJ (SR)   Coulomb (SR)   Coul. recip.
    4.52232e+01    1.40479e+01    5.25348e+03   -4.44921e+04    2.97448e+02
      Potential    Kinetic En.   Total Energy    Temperature Pressure (bar)
   -3.31040e+04    9.87264e+03   -2.32314e+04    2.99170e+02    6.85075e+01

DD  load balancing is limited by minimum cell size in dimension X
DD  step 42999  vol min/aver 0.217! load imb.: force 37.9%

           Step           Time         Lambda
          43000       43.00000        0.00000

   Energies (kJ/mol)
           Bond          Angle            U-B    Proper Dih.  Improper Dih.
    3.74894e+03    1.97626e+03    3.21067e+01    2.10201e+01    2.12361e-02
          LJ-14     Coulomb-14        LJ (SR)   Coulomb (SR)   Coul. recip.
    5.15912e+01    6.42708e+00    5.79253e+03   -4.51619e+04    3.18143e+02
      Potential    Kinetic En.   Total Energy    Temperature Pressure (bar)
   -3.32149e+04    9.81424e+03   -2.34007e+04    2.97400e+02    1.14916e+02

DD  load balancing is limited by minimum cell size in dimension X
DD  step 43999  vol min/aver 0.217! load imb.: force 34.8%

           Step           Time         Lambda
          44000       44.00000        0.00000

   Energies (kJ/mol)
           Bond          Angle            U-B    Proper Dih.  Improper Dih.
    3.89949e+03    2.07587e+03    2.18945e+01    2.09600e+01    5.47198e-02
          LJ-14     Coulomb-14        LJ (SR)   Coulomb (SR)   Coul. recip.
    4.87510e+01    1.06052e+01    5.18914e+03   -4.45265e+04    3.08972e+02
      Potential    Kinetic En.   Total Energy    Temperature Pressure (bar)
   -3.29508e+04    9.68513e+03   -2.32656e+04    2.93488e+02   -1.39290e+02

DD  load balancing is limited by minimum cell size in dimension X
DD  step 44999  vol min/aver 0.210! load imb.: force 33.0%

           Step           Time         Lambda
          45000       45.00000        0.00000

   Energies (kJ/mol)
           Bond          Angle            U-B    Proper Dih.  Improper Dih.
    3.62431e+03    1.93121e+03    1.94938e+01    2.51274e+01    1.40772e-03
          LJ-14     Coulomb-14        LJ (SR)   Coulomb (SR)   Coul. recip.
    4.39536e+01    1.54901e+01    5.19980e+03   -4.43776e+04    3.11910e+02
      Potential    Kinetic En.   Total Energy    Temperature Pressure (bar)
   -3.32063e+04    9.83321e+03   -2.33731e+04    2.97975e+02   -9.22303e+01

DD  load balancing is limited by minimum cell size in dimension X
DD  step 45999  vol min/aver 0.210! load imb.: force 40.4%

           Step           Time         Lambda
          46000       46.00000        0.00000

   Energies (kJ/mol)
           Bond          Angle            U-B    Proper Dih.  Improper Dih.
    3.73122e+03    2.09633e+03    2.70859e+01    1.32335e+01    2.28819e-02
          LJ-14     Coulomb-14        LJ (SR)   Coulomb (SR)   Coul. recip.
    4.95511e+01    7.41327e+00    5.36615e+03   -4.46162e+04    3.12774e+02
      Potential    Kinetic En.   Total Energy    Temperature Pressure (bar)
   -3.30125e+04    9.50901e+03   -2.35034e+04    2.88151e+02   -3.72561e+00

DD  load balancing is limited by minimum cell size in dimension X
DD  step 46999  vol min/aver 0.210! load imb.: force 34.2%

           Step           Time         Lambda
          47000       47.00000        0.00000

   Energies (kJ/mol)
           Bond          Angle            U-B    Proper Dih.  Improper Dih.
    3.50512e+03    1.99406e+03    2.38154e+01    1.39259e+01    8.90650e-02
          LJ-14     Coulomb-14        LJ (SR)   Coulomb (SR)   Coul. recip.
    4.55560e+01    1.04279e+01    5.27762e+03   -4.44832e+04    3.02120e+02
      Potential    Kinetic En.   Total Energy    Temperature Pressure (bar)
   -3.33104e+04    9.76294e+03   -2.35475e+04    2.95846e+02    4.51306e+01

DD  load balancing is limited by minimum cell size in dimension X
DD  step 47999  vol min/aver 0.209! load imb.: force 35.8%

           Step           Time         Lambda
          48000       48.00000        0.00000

   Energies (kJ/mol)
           Bond          Angle            U-B    Proper Dih.  Improper Dih.
    3.60155e+03    2.15121e+03    2.63101e+01    2.39322e+01    2.64410e+00
          LJ-14     Coulomb-14        LJ (SR)   Coulomb (SR)   Coul. recip.
    3.99793e+01    6.08261e+00    5.48391e+03   -4.47998e+04    3.30296e+02
      Potential    Kinetic En.   Total Energy    Temperature Pressure (bar)
   -3.31339e+04    9.59537e+03   -2.35385e+04    2.90768e+02    3.70659e+01

DD  load balancing is limited by minimum cell size in dimension X
DD  step 48999  vol min/aver 0.209! load imb.: force 30.7%

           Step           Time         Lambda
          49000       49.00000        0.00000

   Energies (kJ/mol)
           Bond          Angle            U-B    Proper Dih.  Improper Dih.
    3.41440e+03    2.00933e+03    2.64927e+01    1.67688e+01    7.27218e-02
          LJ-14     Coulomb-14        LJ (SR)   Coulomb (SR)   Coul. recip.
    5.31214e+01    1.09045e+01    5.37609e+03   -4.44672e+04    3.41250e+02
      Potential    Kinetic En.   Total Energy    Temperature Pressure (bar)
   -3.32187e+04    9.62958e+03   -2.35892e+04    2.91805e+02    9.37609e+01

DD  load balancing is limited by minimum cell size in dimension X
DD  step 49999  vol min/aver 0.213! load imb.: force 32.8%

           Step           Time         Lambda
          50000       50.00000        0.00000

   Energies (kJ/mol)
           Bond          Angle            U-B    Proper Dih.  Improper Dih.
    3.60413e+03    2.04055e+03    2.99884e+01    2.22962e+01    3.18771e-01
          LJ-14     Coulomb-14        LJ (SR)   Coulomb (SR)   Coul. recip.
    4.11217e+01    1.04995e+01    5.62574e+03   -4.50383e+04    3.35869e+02
      Potential    Kinetic En.   Total Energy    Temperature Pressure (bar)
   -3.33278e+04    9.66267e+03   -2.36651e+04    2.92807e+02   -5.29479e+01

DD  load balancing is limited by minimum cell size in dimension X
DD  step 50999  vol min/aver 0.212! load imb.: force 31.2%

           Step           Time         Lambda
          51000       51.00000        0.00000

   Energies (kJ/mol)
           Bond          Angle            U-B    Proper Dih.  Improper Dih.
    3.74076e+03    1.99344e+03    2.47898e+01    2.06625e+01    8.09243e-02
          LJ-14     Coulomb-14        LJ (SR)   Coulomb (SR)   Coul. recip.
    5.50116e+01    1.42442e+01    5.04414e+03   -4.39043e+04    2.88215e+02
      Potential    Kinetic En.   Total Energy    Temperature Pressure (bar)
   -3.27229e+04    9.93077e+03   -2.27921e+04    3.00931e+02   -8.66381e+01

DD  load balancing is limited by minimum cell size in dimension X
DD  step 51999  vol min/aver 0.207! load imb.: force 31.0%

           Step           Time         Lambda
          52000       52.00000        0.00000

   Energies (kJ/mol)
           Bond          Angle            U-B    Proper Dih.  Improper Dih.
    3.67823e+03    1.95993e+03    1.80359e+01    1.94846e+01    6.27517e+00
          LJ-14     Coulomb-14        LJ (SR)   Coulomb (SR)   Coul. recip.
    4.72706e+01    1.27226e+01    5.34732e+03   -4.45782e+04    3.37208e+02
      Potential    Kinetic En.   Total Energy    Temperature Pressure (bar)
   -3.31517e+04    9.72509e+03   -2.34266e+04    2.94699e+02    3.10408e+01

DD  load balancing is limited by minimum cell size in dimension X
DD  step 52999  vol min/aver 0.203! load imb.: force 28.2%

           Step           Time         Lambda
          53000       53.00000        0.00000

   Energies (kJ/mol)
           Bond          Angle            U-B    Proper Dih.  Improper Dih.
    3.51133e+03    1.97634e+03    3.20302e+01    1.69355e+01    3.26471e-02
          LJ-14     Coulomb-14        LJ (SR)   Coulomb (SR)   Coul. recip.
    4.55800e+01    1.14639e+01    5.49742e+03   -4.47737e+04    2.60702e+02
      Potential    Kinetic En.   Total Energy    Temperature Pressure (bar)
   -3.34218e+04    9.81846e+03   -2.36034e+04    2.97528e+02    9.65093e+01

DD  load balancing is limited by minimum cell size in dimension X
DD  step 53999  vol min/aver 0.205! load imb.: force 31.6%

           Step           Time         Lambda
          54000       54.00000        0.00000

   Energies (kJ/mol)
           Bond          Angle            U-B    Proper Dih.  Improper Dih.
    3.55992e+03    1.83886e+03    2.97545e+01    1.36770e+01    7.57765e-01
          LJ-14     Coulomb-14        LJ (SR)   Coulomb (SR)   Coul. recip.
    4.92381e+01    1.13363e+01    5.18892e+03   -4.42456e+04    3.01879e+02
      Potential    Kinetic En.   Total Energy    Temperature Pressure (bar)
   -3.32513e+04    9.81324e+03   -2.34381e+04    2.97370e+02   -3.86808e+01

DD  load balancing is limited by minimum cell size in dimension X
DD  step 54999  vol min/aver 0.208! load imb.: force 36.3%

           Step           Time         Lambda
          55000       55.00000        0.00000

   Energies (kJ/mol)
           Bond          Angle            U-B    Proper Dih.  Improper Dih.
    3.65866e+03    2.03574e+03    2.34806e+01    1.91439e+01    1.46061e+00
          LJ-14     Coulomb-14        LJ (SR)   Coulomb (SR)   Coul. recip.
    4.63704e+01    9.93549e+00    5.54055e+03   -4.46810e+04    3.24735e+02
      Potential    Kinetic En.   Total Energy    Temperature Pressure (bar)
   -3.30209e+04    9.81489e+03   -2.32060e+04    2.97420e+02   -3.91986e+01

DD  load balancing is limited by minimum cell size in dimension X
DD  step 55999  vol min/aver 0.212! load imb.: force 36.1%

           Step           Time         Lambda
          56000       56.00000        0.00000

   Energies (kJ/mol)
           Bond          Angle            U-B    Proper Dih.  Improper Dih.
    3.65156e+03    1.98569e+03    3.68220e+01    2.04861e+01    3.43715e-01
          LJ-14     Coulomb-14        LJ (SR)   Coulomb (SR)   Coul. recip.
    4.40238e+01    6.66208e+00    5.58483e+03   -4.47950e+04    3.26077e+02
      Potential    Kinetic En.   Total Energy    Temperature Pressure (bar)
   -3.31385e+04    9.71737e+03   -2.34211e+04    2.94465e+02    2.13655e+01

DD  load balancing is limited by minimum cell size in dimension X
DD  step 56999  vol min/aver 0.215! load imb.: force 31.6%

           Step           Time         Lambda
          57000       57.00000        0.00000

   Energies (kJ/mol)
           Bond          Angle            U-B    Proper Dih.  Improper Dih.
    3.55986e+03    1.95879e+03    2.59726e+01    2.31473e+01    8.08365e-01
          LJ-14     Coulomb-14        LJ (SR)   Coulomb (SR)   Coul. recip.
    4.56030e+01    1.12462e+01    5.63637e+03   -4.45120e+04    2.98260e+02
      Potential    Kinetic En.   Total Energy    Temperature Pressure (bar)
   -3.29519e+04    9.55216e+03   -2.33998e+04    2.89459e+02    1.29720e+02

DD  load balancing is limited by minimum cell size in dimension X
DD  step 57999  vol min/aver 0.216! load imb.: force 32.6%

           Step           Time         Lambda
          58000       58.00000        0.00000

   Energies (kJ/mol)
           Bond          Angle            U-B    Proper Dih.  Improper Dih.
    3.56947e+03    2.07684e+03    3.21529e+01    1.69803e+01    3.89544e+00
          LJ-14     Coulomb-14        LJ (SR)   Coulomb (SR)   Coul. recip.
    5.24197e+01    1.09800e+01    5.31074e+03   -4.44443e+04    2.80585e+02
      Potential    Kinetic En.   Total Energy    Temperature Pressure (bar)
   -3.30903e+04    9.74754e+03   -2.33427e+04    2.95379e+02   -2.15996e+01

DD  load balancing is limited by minimum cell size in dimension X
DD  step 58999  vol min/aver 0.237! load imb.: force 32.0%

           Step           Time         Lambda
          59000       59.00000        0.00000

   Energies (kJ/mol)
           Bond          Angle            U-B    Proper Dih.  Improper Dih.
    3.55567e+03    2.17326e+03    2.53120e+01    2.42702e+01    1.04357e+00
          LJ-14     Coulomb-14        LJ (SR)   Coulomb (SR)   Coul. recip.
    4.58789e+01    8.95145e+00    5.20420e+03   -4.43959e+04    3.03545e+02
      Potential    Kinetic En.   Total Energy    Temperature Pressure (bar)
   -3.30538e+04    9.90289e+03   -2.31509e+04    3.00087e+02   -1.97066e+01

DD  load balancing is limited by minimum cell size in dimension X
DD  step 59999  vol min/aver 0.227! load imb.: force 29.7%

           Step           Time         Lambda
          60000       60.00000        0.00000

   Energies (kJ/mol)
           Bond          Angle            U-B    Proper Dih.  Improper Dih.
    3.55971e+03    2.00857e+03    3.35644e+01    2.57567e+01    1.94799e+00
          LJ-14     Coulomb-14        LJ (SR)   Coulomb (SR)   Coul. recip.
    5.51534e+01    1.06660e+01    5.43914e+03   -4.44852e+04    3.11829e+02
      Potential    Kinetic En.   Total Energy    Temperature Pressure (bar)
   -3.30388e+04    9.93313e+03   -2.31057e+04    3.01003e+02    2.64383e+01

DD  load balancing is limited by minimum cell size in dimension X
DD  step 60999  vol min/aver 0.232! load imb.: force 28.3%

           Step           Time         Lambda
          61000       61.00000        0.00000

   Energies (kJ/mol)
           Bond          Angle            U-B    Proper Dih.  Improper Dih.
    3.41188e+03    1.80514e+03    3.15961e+01    1.73564e+01    1.48742e+00
          LJ-14     Coulomb-14        LJ (SR)   Coulomb (SR)   Coul. recip.
    4.07659e+01    1.08438e+01    5.24738e+03   -4.40384e+04    3.06729e+02
      Potential    Kinetic En.   Total Energy    Temperature Pressure (bar)
   -3.31653e+04    9.85967e+03   -2.33056e+04    2.98777e+02   -3.44368e+01

DD  load balancing is limited by minimum cell size in dimension X
DD  step 61999  vol min/aver 0.224! load imb.: force 29.1%

           Step           Time         Lambda
          62000       62.00000        0.00000

   Energies (kJ/mol)
           Bond          Angle            U-B    Proper Dih.  Improper Dih.
    3.50318e+03    2.05123e+03    2.57093e+01    1.83857e+01    5.96359e-01
          LJ-14     Coulomb-14        LJ (SR)   Coulomb (SR)   Coul. recip.
    4.57125e+01    1.52838e+01    5.12391e+03   -4.42937e+04    3.00446e+02
      Potential    Kinetic En.   Total Energy    Temperature Pressure (bar)
   -3.32093e+04    1.02303e+04   -2.29790e+04    3.10007e+02   -9.84889e+01

DD  load balancing is limited by minimum cell size in dimension X
DD  step 62999  vol min/aver 0.220! load imb.: force 32.0%

           Step           Time         Lambda
          63000       63.00000        0.00000

   Energies (kJ/mol)
           Bond          Angle            U-B    Proper Dih.  Improper Dih.
    3.51676e+03    1.91205e+03    3.31243e+01    2.14872e+01    1.37214e+00
          LJ-14     Coulomb-14        LJ (SR)   Coulomb (SR)   Coul. recip.
    5.22504e+01    1.49902e+01    5.22675e+03   -4.40884e+04    3.08838e+02
      Potential    Kinetic En.   Total Energy    Temperature Pressure (bar)
   -3.30008e+04    9.92890e+03   -2.30719e+04    3.00875e+02    4.05670e+01

DD  load balancing is limited by minimum cell size in dimension X
DD  step 63999  vol min/aver 0.213! load imb.: force 30.0%

           Step           Time         Lambda
          64000       64.00000        0.00000

   Energies (kJ/mol)
           Bond          Angle            U-B    Proper Dih.  Improper Dih.
    3.54747e+03    2.00517e+03    3.10469e+01    1.91005e+01    5.97721e-01
          LJ-14     Coulomb-14        LJ (SR)   Coulomb (SR)   Coul. recip.
    4.65696e+01    1.00946e+01    5.70999e+03   -4.51231e+04    3.15224e+02
      Potential    Kinetic En.   Total Energy    Temperature Pressure (bar)
   -3.34379e+04    9.73851e+03   -2.36994e+04    2.95105e+02    8.38188e+01

DD  load balancing is limited by minimum cell size in dimension X
DD  step 64999  vol min/aver 0.218! load imb.: force 28.8%

           Step           Time         Lambda
          65000       65.00000        0.00000

   Energies (kJ/mol)
           Bond          Angle            U-B    Proper Dih.  Improper Dih.
    3.55328e+03    1.92513e+03    2.69859e+01    2.13205e+01    2.83857e-01
          LJ-14     Coulomb-14        LJ (SR)   Coulomb (SR)   Coul. recip.
    4.57367e+01    9.19253e+00    5.29065e+03   -4.43667e+04    2.80075e+02
      Potential    Kinetic En.   Total Energy    Temperature Pressure (bar)
   -3.32140e+04    1.00261e+04   -2.31879e+04    3.03819e+02   -6.19742e-01

DD  load balancing is limited by minimum cell size in dimension X
DD  step 65999  vol min/aver 0.212! load imb.: force 22.2%

           Step           Time         Lambda
          66000       66.00000        0.00000

   Energies (kJ/mol)
           Bond          Angle            U-B    Proper Dih.  Improper Dih.
    3.43490e+03    2.09624e+03    3.50885e+01    1.77889e+01    8.66984e-01
          LJ-14     Coulomb-14        LJ (SR)   Coulomb (SR)   Coul. recip.
    4.74897e+01    9.21819e+00    5.13368e+03   -4.44267e+04    3.06802e+02
      Potential    Kinetic En.   Total Energy    Temperature Pressure (bar)
   -3.33446e+04    9.82717e+03   -2.35174e+04    2.97792e+02   -3.08383e+01

DD  load balancing is limited by minimum cell size in dimension X
DD  step 66999  vol min/aver 0.212! load imb.: force 25.3%

           Step           Time         Lambda
          67000       67.00000        0.00000

   Energies (kJ/mol)
           Bond          Angle            U-B    Proper Dih.  Improper Dih.
    3.70171e+03    2.10483e+03    2.99875e+01    1.94267e+01    8.45721e-01
          LJ-14     Coulomb-14        LJ (SR)   Coulomb (SR)   Coul. recip.
    4.15328e+01    1.12971e+01    5.34526e+03   -4.46704e+04    2.94974e+02
      Potential    Kinetic En.   Total Energy    Temperature Pressure (bar)
   -3.31206e+04    9.84955e+03   -2.32710e+04    2.98470e+02   -9.62160e+01

DD  load balancing is limited by minimum cell size in dimension X
DD  step 67999  vol min/aver 0.220! load imb.: force 25.1%

           Step           Time         Lambda
          68000       68.00000        0.00000

   Energies (kJ/mol)
           Bond          Angle            U-B    Proper Dih.  Improper Dih.
    3.54541e+03    2.00591e+03    2.48823e+01    1.52041e+01    4.66805e-01
          LJ-14     Coulomb-14        LJ (SR)   Coulomb (SR)   Coul. recip.
    4.66681e+01    1.48609e+01    5.10420e+03   -4.40952e+04    3.17003e+02
      Potential    Kinetic En.   Total Energy    Temperature Pressure (bar)
   -3.30206e+04    9.71548e+03   -2.33051e+04    2.94408e+02   -6.50528e+01

DD  load balancing is limited by minimum cell size in dimension X
DD  step 68999  vol min/aver 0.215! load imb.: force 17.7%

           Step           Time         Lambda
          69000       69.00000        0.00000

   Energies (kJ/mol)
           Bond          Angle            U-B    Proper Dih.  Improper Dih.
    3.31890e+03    1.89558e+03    4.06118e+01    2.55723e+01    3.72091e+00
          LJ-14     Coulomb-14        LJ (SR)   Coulomb (SR)   Coul. recip.
    5.05299e+01    8.87085e+00    5.22555e+03   -4.42157e+04    3.04875e+02
      Potential    Kinetic En.   Total Energy    Temperature Pressure (bar)
   -3.33415e+04    1.02142e+04   -2.31273e+04    3.09521e+02    8.68432e+01

DD  load balancing is limited by minimum cell size in dimension X
DD  step 69999  vol min/aver 0.219! load imb.: force 16.5%

           Step           Time         Lambda
          70000       70.00000        0.00000

   Energies (kJ/mol)
           Bond          Angle            U-B    Proper Dih.  Improper Dih.
    3.55805e+03    2.04582e+03    3.06498e+01    2.26546e+01    2.06713e+00
          LJ-14     Coulomb-14        LJ (SR)   Coulomb (SR)   Coul. recip.
    4.94661e+01    7.90112e+00    5.17199e+03   -4.43965e+04    3.37161e+02
      Potential    Kinetic En.   Total Energy    Temperature Pressure (bar)
   -3.31707e+04    9.69322e+03   -2.34775e+04    2.93733e+02   -6.12166e+01

DD  load balancing is limited by minimum cell size in dimension X
DD  step 70999  vol min/aver 0.227! load imb.: force 18.0%

           Step           Time         Lambda
          71000       71.00000        0.00000

   Energies (kJ/mol)
           Bond          Angle            U-B    Proper Dih.  Improper Dih.
    3.50003e+03    1.91166e+03    2.97964e+01    3.20322e+01    3.47645e-01
          LJ-14     Coulomb-14        LJ (SR)   Coulomb (SR)   Coul. recip.
    5.39613e+01    1.00510e+01    5.07432e+03   -4.42515e+04    2.83743e+02
      Potential    Kinetic En.   Total Energy    Temperature Pressure (bar)
   -3.33556e+04    9.60591e+03   -2.37497e+04    2.91087e+02    2.68553e+00

DD  load balancing is limited by minimum cell size in dimension X
DD  step 71999  vol min/aver 0.222! load imb.: force 20.5%

           Step           Time         Lambda
          72000       72.00000        0.00000

   Energies (kJ/mol)
           Bond          Angle            U-B    Proper Dih.  Improper Dih.
    3.46948e+03    2.02004e+03    4.06735e+01    4.95190e+01    1.03178e+00
          LJ-14     Coulomb-14        LJ (SR)   Coulomb (SR)   Coul. recip.
    4.30977e+01    1.03671e+01    5.27307e+03   -4.40292e+04    2.90276e+02
      Potential    Kinetic En.   Total Energy    Temperature Pressure (bar)
   -3.28316e+04    9.87143e+03   -2.29602e+04    2.99133e+02    1.09939e+02

DD  load balancing is limited by minimum cell size in dimension X
DD  step 72999  vol min/aver 0.218! load imb.: force 22.9%

           Step           Time         Lambda
          73000       73.00000        0.00000

   Energies (kJ/mol)
           Bond          Angle            U-B    Proper Dih.  Improper Dih.
    3.44397e+03    1.98262e+03    2.52958e+01    2.03974e+01    1.90247e-01
          LJ-14     Coulomb-14        LJ (SR)   Coulomb (SR)   Coul. recip.
    4.93891e+01    9.53726e+00    5.49985e+03   -4.43686e+04    2.85822e+02
      Potential    Kinetic En.   Total Energy    Temperature Pressure (bar)
   -3.30515e+04    9.89270e+03   -2.31588e+04    2.99778e+02    7.60888e+01

DD  load balancing is limited by minimum cell size in dimension X
DD  step 73999  vol min/aver 0.225! load imb.: force 15.6%

           Step           Time         Lambda
          74000       74.00000        0.00000

   Energies (kJ/mol)
           Bond          Angle            U-B    Proper Dih.  Improper Dih.
    3.47590e+03    1.88895e+03    3.88226e+01    1.48664e+01    1.52070e+00
          LJ-14     Coulomb-14        LJ (SR)   Coulomb (SR)   Coul. recip.
    3.90379e+01    9.17219e+00    5.58920e+03   -4.47071e+04    3.19196e+02
      Potential    Kinetic En.   Total Energy    Temperature Pressure (bar)
   -3.33304e+04    9.99012e+03   -2.33403e+04    3.02730e+02    9.77522e+01

DD  load balancing is limited by minimum cell size in dimension X
DD  step 74999  vol min/aver 0.224! load imb.: force 15.8%

           Step           Time         Lambda
          75000       75.00000        0.00000

   Energies (kJ/mol)
           Bond          Angle            U-B    Proper Dih.  Improper Dih.
    3.52283e+03    1.96043e+03    4.01793e+01    2.12531e+01    1.69987e-01
          LJ-14     Coulomb-14        LJ (SR)   Coulomb (SR)   Coul. recip.
    3.97896e+01    1.24068e+01    5.29451e+03   -4.43427e+04    2.89283e+02
      Potential    Kinetic En.   Total Energy    Temperature Pressure (bar)
   -3.31618e+04    1.00606e+04   -2.31012e+04    3.04867e+02    1.33330e+01

DD  load balancing is limited by minimum cell size in dimension X
DD  step 75999  vol min/aver 0.223! load imb.: force 17.7%

           Step           Time         Lambda
          76000       76.00000        0.00000

   Energies (kJ/mol)
           Bond          Angle            U-B    Proper Dih.  Improper Dih.
    3.58765e+03    2.01334e+03    3.19206e+01    1.53236e+01    9.14880e-01
          LJ-14     Coulomb-14        LJ (SR)   Coulomb (SR)   Coul. recip.
    4.34012e+01    9.06363e+00    5.36346e+03   -4.46504e+04    2.75385e+02
      Potential    Kinetic En.   Total Energy    Temperature Pressure (bar)
   -3.33100e+04    9.98068e+03   -2.33293e+04    3.02444e+02   -2.93564e+01

DD  load balancing is limited by minimum cell size in dimension X Y
DD  step 76999  vol min/aver 0.225! load imb.: force 24.3%

           Step           Time         Lambda
          77000       77.00000        0.00000

   Energies (kJ/mol)
           Bond          Angle            U-B    Proper Dih.  Improper Dih.
    3.52177e+03    2.09707e+03    2.39522e+01    1.56133e+01    2.32106e+00
          LJ-14     Coulomb-14        LJ (SR)   Coulomb (SR)   Coul. recip.
    4.74898e+01    8.69347e+00    5.24388e+03   -4.48271e+04    3.01558e+02
      Potential    Kinetic En.   Total Energy    Temperature Pressure (bar)
   -3.35648e+04    9.70363e+03   -2.38612e+04    2.94049e+02   -8.45219e+01

DD  load balancing is limited by minimum cell size in dimension X
DD  step 77999  vol min/aver 0.216! load imb.: force 19.0%

           Step           Time         Lambda
          78000       78.00000        0.00000

   Energies (kJ/mol)
           Bond          Angle            U-B    Proper Dih.  Improper Dih.
    3.39806e+03    2.05563e+03    3.45270e+01    2.87939e+01    1.54207e+00
          LJ-14     Coulomb-14        LJ (SR)   Coulomb (SR)   Coul. recip.
    4.36892e+01    1.09746e+01    5.54828e+03   -4.46708e+04    3.15609e+02
      Potential    Kinetic En.   Total Energy    Temperature Pressure (bar)
   -3.32337e+04    9.94743e+03   -2.32863e+04    3.01436e+02    1.47021e+02

DD  load balancing is limited by minimum cell size in dimension X
DD  step 78999  vol min/aver 0.207! load imb.: force 17.8%

           Step           Time         Lambda
          79000       79.00000        0.00000

   Energies (kJ/mol)
           Bond          Angle            U-B    Proper Dih.  Improper Dih.
    3.48803e+03    2.05118e+03    3.95925e+01    2.59079e+01    9.04036e-01
          LJ-14     Coulomb-14        LJ (SR)   Coulomb (SR)   Coul. recip.
    4.99834e+01    7.15052e+00    5.35232e+03   -4.48597e+04    2.94885e+02
      Potential    Kinetic En.   Total Energy    Temperature Pressure (bar)
   -3.35497e+04    9.96809e+03   -2.35816e+04    3.02062e+02   -2.16249e+01

DD  load balancing is limited by minimum cell size in dimension X
DD  step 79999  vol min/aver 0.205! load imb.: force 17.2%

           Step           Time         Lambda
          80000       80.00000        0.00000

   Energies (kJ/mol)
           Bond          Angle            U-B    Proper Dih.  Improper Dih.
    3.60534e+03    1.90345e+03    3.57824e+01    2.08933e+01    2.03605e+00
          LJ-14     Coulomb-14        LJ (SR)   Coulomb (SR)   Coul. recip.
    4.52469e+01    9.07050e+00    5.45578e+03   -4.46965e+04    3.07235e+02
      Potential    Kinetic En.   Total Energy    Temperature Pressure (bar)
   -3.33117e+04    9.89312e+03   -2.34186e+04    2.99791e+02    3.87766e+01

DD  load balancing is limited by minimum cell size in dimension X
DD  step 80999  vol min/aver 0.213! load imb.: force 15.1%

           Step           Time         Lambda
          81000       81.00000        0.00000

   Energies (kJ/mol)
           Bond          Angle            U-B    Proper Dih.  Improper Dih.
    3.58782e+03    2.11404e+03    3.53417e+01    2.41380e+01    1.74735e-01
          LJ-14     Coulomb-14        LJ (SR)   Coulomb (SR)   Coul. recip.
    5.27886e+01    9.64203e+00    5.43710e+03   -4.47456e+04    2.98909e+02
      Potential    Kinetic En.   Total Energy    Temperature Pressure (bar)
   -3.31857e+04    9.98517e+03   -2.32005e+04    3.02580e+02    9.94630e+01

DD  load balancing is limited by minimum cell size in dimension X
DD  step 81999  vol min/aver 0.211! load imb.: force 13.0%

           Step           Time         Lambda
          82000       82.00000        0.00000

   Energies (kJ/mol)
           Bond          Angle            U-B    Proper Dih.  Improper Dih.
    3.64069e+03    2.03156e+03    3.53236e+01    2.44593e+01    1.82339e-01
          LJ-14     Coulomb-14        LJ (SR)   Coulomb (SR)   Coul. recip.
    5.29469e+01    1.02937e+01    5.39756e+03   -4.45659e+04    2.88093e+02
      Potential    Kinetic En.   Total Energy    Temperature Pressure (bar)
   -3.30848e+04    1.00321e+04   -2.30527e+04    3.04001e+02    1.13894e+02

DD  load balancing is limited by minimum cell size in dimension X
DD  step 82999  vol min/aver 0.210! load imb.: force 19.1%

           Step           Time         Lambda
          83000       83.00000        0.00000

   Energies (kJ/mol)
           Bond          Angle            U-B    Proper Dih.  Improper Dih.
    3.41569e+03    2.00415e+03    3.65037e+01    2.57343e+01    3.32739e+00
          LJ-14     Coulomb-14        LJ (SR)   Coulomb (SR)   Coul. recip.
    5.22681e+01    1.05375e+01    5.26596e+03   -4.45851e+04    3.00210e+02
      Potential    Kinetic En.   Total Energy    Temperature Pressure (bar)
   -3.34707e+04    9.81803e+03   -2.36527e+04    2.97515e+02    7.82920e+01

DD  load balancing is limited by minimum cell size in dimension X
DD  step 83999  vol min/aver 0.222! load imb.: force 19.2%

           Step           Time         Lambda
          84000       84.00000        0.00000

   Energies (kJ/mol)
           Bond          Angle            U-B    Proper Dih.  Improper Dih.
    3.49048e+03    1.95264e+03    5.12564e+01    1.65337e+01    1.38558e+00
          LJ-14     Coulomb-14        LJ (SR)   Coulomb (SR)   Coul. recip.
    4.26511e+01    1.08268e+01    5.21907e+03   -4.43345e+04    2.87977e+02
      Potential    Kinetic En.   Total Energy    Temperature Pressure (bar)
   -3.32617e+04    9.93933e+03   -2.33224e+04    3.01191e+02    4.43839e+01

DD  load balancing is limited by minimum cell size in dimension X
DD  step 84999  vol min/aver 0.210! load imb.: force 22.4%

           Step           Time         Lambda
          85000       85.00000        0.00000

   Energies (kJ/mol)
           Bond          Angle            U-B    Proper Dih.  Improper Dih.
    3.52608e+03    2.06356e+03    5.07655e+01    2.26209e+01    1.10721e+00
          LJ-14     Coulomb-14        LJ (SR)   Coulomb (SR)   Coul. recip.
    5.05536e+01    6.39525e+00    4.84957e+03   -4.42266e+04    2.95789e+02
      Potential    Kinetic En.   Total Energy    Temperature Pressure (bar)
   -3.33601e+04    9.81499e+03   -2.35452e+04    2.97423e+02   -1.79042e+02

DD  load balancing is limited by minimum cell size in dimension X
DD  step 85999  vol min/aver 0.206! load imb.: force 29.8%

           Step           Time         Lambda
          86000       86.00000        0.00000

   Energies (kJ/mol)
           Bond          Angle            U-B    Proper Dih.  Improper Dih.
    3.48155e+03    1.95655e+03    2.79967e+01    1.97251e+01    2.06393e+00
          LJ-14     Coulomb-14        LJ (SR)   Coulomb (SR)   Coul. recip.
    4.23250e+01    7.91883e+00    5.16776e+03   -4.39829e+04    2.83553e+02
      Potential    Kinetic En.   Total Energy    Temperature Pressure (bar)
   -3.29935e+04    9.85324e+03   -2.31402e+04    2.98582e+02    5.07789e+01

DD  load balancing is limited by minimum cell size in dimension X
DD  step 86999  vol min/aver 0.217! load imb.: force 29.2%

           Step           Time         Lambda
          87000       87.00000        0.00000

   Energies (kJ/mol)
           Bond          Angle            U-B    Proper Dih.  Improper Dih.
    3.61232e+03    2.05512e+03    2.46858e+01    2.55105e+01    1.81794e+00
          LJ-14     Coulomb-14        LJ (SR)   Coulomb (SR)   Coul. recip.
    4.70640e+01    1.30919e+01    5.38874e+03   -4.46530e+04    2.89670e+02
      Potential    Kinetic En.   Total Energy    Temperature Pressure (bar)
   -3.31950e+04    9.76841e+03   -2.34266e+04    2.96011e+02    1.58720e+01

DD  load balancing is limited by minimum cell size in dimension X
DD  step 87999  vol min/aver 0.208! load imb.: force 20.6%

           Step           Time         Lambda
          88000       88.00000        0.00000

   Energies (kJ/mol)
           Bond          Angle            U-B    Proper Dih.  Improper Dih.
    3.44213e+03    2.05973e+03    3.94347e+01    2.52163e+01    2.52315e-01
          LJ-14     Coulomb-14        LJ (SR)   Coulomb (SR)   Coul. recip.
    5.21170e+01    9.59534e+00    5.44537e+03   -4.45606e+04    3.12757e+02
      Potential    Kinetic En.   Total Energy    Temperature Pressure (bar)
   -3.31740e+04    9.84174e+03   -2.33323e+04    2.98234e+02    2.00844e+00

DD  load balancing is limited by minimum cell size in dimension X
DD  step 88999  vol min/aver 0.210! load imb.: force 25.1%

           Step           Time         Lambda
          89000       89.00000        0.00000

   Energies (kJ/mol)
           Bond          Angle            U-B    Proper Dih.  Improper Dih.
    3.60603e+03    1.99721e+03    2.69223e+01    3.28167e+01    2.19829e+00
          LJ-14     Coulomb-14        LJ (SR)   Coulomb (SR)   Coul. recip.
    4.31286e+01    9.79928e+00    5.10165e+03   -4.39947e+04    2.83651e+02
      Potential    Kinetic En.   Total Energy    Temperature Pressure (bar)
   -3.28913e+04    9.74559e+03   -2.31457e+04    2.95320e+02   -1.86995e+02

DD  load balancing is limited by minimum cell size in dimension X
DD  step 89999  vol min/aver 0.208! load imb.: force 22.4%

           Step           Time         Lambda
          90000       90.00000        0.00000

   Energies (kJ/mol)
           Bond          Angle            U-B    Proper Dih.  Improper Dih.
    3.42992e+03    1.98767e+03    4.24224e+01    2.02595e+01    6.59761e-01
          LJ-14     Coulomb-14        LJ (SR)   Coulomb (SR)   Coul. recip.
    5.44173e+01    1.18395e+01    5.15519e+03   -4.42273e+04    2.85071e+02
      Potential    Kinetic En.   Total Energy    Temperature Pressure (bar)
   -3.32398e+04    9.97460e+03   -2.32652e+04    3.02260e+02    3.94292e+01

DD  load balancing is limited by minimum cell size in dimension X
DD  step 90999  vol min/aver 0.204! load imb.: force 26.7%

           Step           Time         Lambda
          91000       91.00000        0.00000

   Energies (kJ/mol)
           Bond          Angle            U-B    Proper Dih.  Improper Dih.
    3.45866e+03    2.13403e+03    3.78532e+01    2.18986e+01    4.32982e-01
          LJ-14     Coulomb-14        LJ (SR)   Coulomb (SR)   Coul. recip.
    4.82190e+01    1.14669e+01    5.31851e+03   -4.43341e+04    2.59558e+02
      Potential    Kinetic En.   Total Energy    Temperature Pressure (bar)
   -3.30435e+04    9.97694e+03   -2.30665e+04    3.02331e+02   -2.80011e+00

DD  load balancing is limited by minimum cell size in dimension X
DD  step 91999  vol min/aver 0.210! load imb.: force 17.2%

           Step           Time         Lambda
          92000       92.00000        0.00000

   Energies (kJ/mol)
           Bond          Angle            U-B    Proper Dih.  Improper Dih.
    3.45294e+03    1.99716e+03    3.53163e+01    2.52216e+01    1.49982e-01
          LJ-14     Coulomb-14        LJ (SR)   Coulomb (SR)   Coul. recip.
    5.41907e+01    1.14800e+01    5.28280e+03   -4.46237e+04    3.19081e+02
      Potential    Kinetic En.   Total Energy    Temperature Pressure (bar)
   -3.34454e+04    1.01201e+04   -2.33253e+04    3.06669e+02   -9.30585e+01

DD  load balancing is limited by minimum cell size in dimension X
DD  step 92999  vol min/aver 0.205! load imb.: force 33.0%

           Step           Time         Lambda
          93000       93.00000        0.00000

   Energies (kJ/mol)
           Bond          Angle            U-B    Proper Dih.  Improper Dih.
    3.42174e+03    2.05350e+03    3.93057e+01    1.77602e+01    1.33054e-01
          LJ-14     Coulomb-14        LJ (SR)   Coulomb (SR)   Coul. recip.
    4.76097e+01    1.20293e+01    5.43275e+03   -4.45775e+04    2.98269e+02
      Potential    Kinetic En.   Total Energy    Temperature Pressure (bar)
   -3.32544e+04    9.81412e+03   -2.34403e+04    2.97397e+02    6.65796e+01

DD  load balancing is limited by minimum cell size in dimension X
DD  step 93999  vol min/aver 0.201! load imb.: force 20.3%

           Step           Time         Lambda
          94000       94.00000        0.00000

   Energies (kJ/mol)
           Bond          Angle            U-B    Proper Dih.  Improper Dih.
    3.41892e+03    2.08211e+03    2.65177e+01    2.98479e+01    2.29193e+00
          LJ-14     Coulomb-14        LJ (SR)   Coulomb (SR)   Coul. recip.
    4.90311e+01    1.33965e+01    5.51787e+03   -4.47506e+04    3.00947e+02
      Potential    Kinetic En.   Total Energy    Temperature Pressure (bar)
   -3.33096e+04    9.88142e+03   -2.34282e+04    2.99436e+02    1.32708e+02

DD  load balancing is limited by minimum cell size in dimension X
DD  step 94999  vol min/aver 0.204! load imb.: force 17.1%

           Step           Time         Lambda
          95000       95.00000        0.00000

   Energies (kJ/mol)
           Bond          Angle            U-B    Proper Dih.  Improper Dih.
    3.36373e+03    2.00928e+03    5.00129e+01    2.40436e+01    4.34249e-01
          LJ-14     Coulomb-14        LJ (SR)   Coulomb (SR)   Coul. recip.
    5.38593e+01    1.22604e+01    4.96720e+03   -4.39165e+04    3.08394e+02
      Potential    Kinetic En.   Total Energy    Temperature Pressure (bar)
   -3.31273e+04    9.90770e+03   -2.32196e+04    3.00233e+02   -8.31263e+01

DD  load balancing is limited by minimum cell size in dimension X
DD  step 95999  vol min/aver 0.212! load imb.: force 23.2%

           Step           Time         Lambda
          96000       96.00000        0.00000

   Energies (kJ/mol)
           Bond          Angle            U-B    Proper Dih.  Improper Dih.
    3.39873e+03    2.07966e+03    3.77737e+01    2.49186e+01    3.00610e-01
          LJ-14     Coulomb-14        LJ (SR)   Coulomb (SR)   Coul. recip.
    4.93286e+01    1.06429e+01    5.34704e+03   -4.40596e+04    2.97613e+02
      Potential    Kinetic En.   Total Energy    Temperature Pressure (bar)
   -3.28136e+04    9.97228e+03   -2.28413e+04    3.02189e+02    1.38583e+02

DD  load balancing is limited by minimum cell size in dimension X
DD  step 96999  vol min/aver 0.216! load imb.: force 22.1%

           Step           Time         Lambda
          97000       97.00000        0.00000

   Energies (kJ/mol)
           Bond          Angle            U-B    Proper Dih.  Improper Dih.
    3.44843e+03    1.98433e+03    3.24334e+01    2.54990e+01    3.80633e-01
          LJ-14     Coulomb-14        LJ (SR)   Coulomb (SR)   Coul. recip.
    4.87398e+01    1.43084e+01    5.16361e+03   -4.41487e+04    3.26480e+02
      Potential    Kinetic En.   Total Energy    Temperature Pressure (bar)
   -3.31045e+04    9.87484e+03   -2.32296e+04    2.99237e+02   -7.00197e+01

DD  load balancing is limited by minimum cell size in dimension X
DD  step 97999  vol min/aver 0.214! load imb.: force 20.9%

           Step           Time         Lambda
          98000       98.00000        0.00000

   Energies (kJ/mol)
           Bond          Angle            U-B    Proper Dih.  Improper Dih.
    3.33820e+03    1.87160e+03    3.57996e+01    1.80559e+01    9.73321e-01
          LJ-14     Coulomb-14        LJ (SR)   Coulomb (SR)   Coul. recip.
    4.73476e+01    1.31064e+01    4.97878e+03   -4.41532e+04    2.76379e+02
      Potential    Kinetic En.   Total Energy    Temperature Pressure (bar)
   -3.35729e+04    9.89193e+03   -2.36810e+04    2.99754e+02   -4.88947e+01

DD  load balancing is limited by minimum cell size in dimension X
DD  step 98999  vol min/aver 0.213! load imb.: force 17.2%

           Step           Time         Lambda
          99000       99.00000        0.00000

   Energies (kJ/mol)
           Bond          Angle            U-B    Proper Dih.  Improper Dih.
    3.37176e+03    2.10244e+03    4.39147e+01    2.60030e+01    2.00758e+00
          LJ-14     Coulomb-14        LJ (SR)   Coulomb (SR)   Coul. recip.
    5.90675e+01    1.30576e+01    5.49679e+03   -4.47443e+04    2.98067e+02
      Potential    Kinetic En.   Total Energy    Temperature Pressure (bar)
   -3.33312e+04    9.95296e+03   -2.33782e+04    3.01604e+02    1.40254e+02

DD  load balancing is limited by minimum cell size in dimension X
DD  step 99999  vol min/aver 0.214! load imb.: force 20.1%

           Step           Time         Lambda
         100000      100.00000        0.00000

Writing checkpoint, step 100000 at Wed Feb 12 12:27:24 2020


   Energies (kJ/mol)
           Bond          Angle            U-B    Proper Dih.  Improper Dih.
    3.50118e+03    1.98607e+03    2.73087e+01    2.77355e+01    3.01842e+00
          LJ-14     Coulomb-14        LJ (SR)   Coulomb (SR)   Coul. recip.
    6.12586e+01    1.55933e+01    5.09523e+03   -4.43548e+04    3.18036e+02
      Potential    Kinetic En.   Total Energy    Temperature Pressure (bar)
   -3.33194e+04    9.71615e+03   -2.36032e+04    2.94428e+02   -7.53307e+01

	<======  ###############  ==>
	<====  A V E R A G E S  ====>
	<==  ###############  ======>

	Statistics over 100001 steps using 1001 frames

   Energies (kJ/mol)
           Bond          Angle            U-B    Proper Dih.  Improper Dih.
    4.03513e+03    1.99239e+03    2.52964e+01    1.95029e+01    1.14972e+00
          LJ-14     Coulomb-14        LJ (SR)   Coulomb (SR)   Coul. recip.
    4.75457e+01    1.06817e+01    5.62198e+03   -4.53810e+04    3.09729e+02
      Potential    Kinetic En.   Total Energy    Temperature Pressure (bar)
   -3.33176e+04    9.89799e+03   -2.34196e+04    2.99938e+02    4.85400e+02

          Box-X          Box-Y          Box-Z
    5.88642e+00    5.88642e+00    5.88642e+00

   Total Virial (kJ/mol)
    1.88833e+03    3.18340e+01    4.68450e+01
    3.18351e+01    2.02938e+03   -5.50035e+01
    4.68455e+01   -5.50040e+01    1.93825e+03

   Pressure (bar)
    4.97365e+02   -6.67409e+00   -1.01885e+01
   -6.67429e+00    4.70260e+02    7.70051e+00
   -1.01885e+01    7.70057e+00    4.88575e+02


	M E G A - F L O P S   A C C O U N T I N G

 NB=Group-cutoff nonbonded kernels    NxN=N-by-N cluster Verlet kernels
 RF=Reaction-Field  VdW=Van der Waals  QSTab=quadratic-spline table
 W3=SPC/TIP3p  W4=TIP4p (single or pairs)
 V&F=Potential and force  V=Potential only  F=Force only

 Computing:                               M-Number         M-Flops  % Flops
-----------------------------------------------------------------------------
 NB VdW [V&F]                             4.200042           4.200     0.0
 Pair Search distance check            1156.615422       10409.539     0.1
 NxN Ewald Elec. + LJ [F]            115432.560448    10735228.122    83.9
 NxN Ewald Elec. + LJ [V&F]            1167.486096      148270.734     1.2
 NxN LJ [F]                               0.071680           4.301     0.0
 NxN Ewald Elec. [F]                    743.048896       45325.983     0.4
 NxN Ewald Elec. [V&F]                    7.526096         632.192     0.0
 1,4 nonbonded interactions               4.900049         441.004     0.0
 Calc Weights                           794.107941       28587.886     0.2
 Spread Q Bspline                     16940.969408       33881.939     0.3
 Gather F Bspline                     16940.969408      101645.816     0.8
 3D-FFT                              204364.043620     1634912.349    12.8
 Solve PME                              320.003200       20480.205     0.2
 Reset In Box                             6.620147          19.860     0.0
 CG-CoM                                   6.622794          19.868     0.0
 Bonds                                  177.301773       10460.805     0.1
 Angles                                  87.400874       14683.347     0.1
 Propers                                  3.600036         824.408     0.0
 Impropers                                0.200002          41.600     0.0
 Virial                                  30.073007         541.314     0.0
 Stop-CM                                  2.652294          26.523     0.0
 P-Coupling                              26.470000         158.820     0.0
 Calc-Ekin                               52.945294        1429.523     0.0
-----------------------------------------------------------------------------
 Total                                                12788030.338   100.0
-----------------------------------------------------------------------------


    D O M A I N   D E C O M P O S I T I O N   S T A T I S T I C S

 av. #atoms communicated per step for force:  2 x 7305.1

 Average load imbalance: 31.4 %
 Part of the total run time spent waiting due to load imbalance: 9.9 %
 Steps where the load balancing was limited by -rdd, -rcon and/or -dds: X 2 % Y 0 %

NOTE: 9.9 % of the available CPU time was lost due to load imbalance
      in the domain decomposition.


     R E A L   C Y C L E   A N D   T I M E   A C C O U N T I N G

On 8 MPI ranks, each using 3 OpenMP threads

 Computing:          Num   Num      Call    Wall time         Giga-Cycles
                     Ranks Threads  Count      (s)         total sum    %
-----------------------------------------------------------------------------
 Domain decomp.         8    3       2501       0.434         24.996   0.7
 DD comm. load          8    3       2500       0.020          1.169   0.0
 DD comm. bounds        8    3       2500       0.061          3.485   0.1
 Neighbor search        8    3       2501       0.417         24.009   0.7
 Comm. coord.           8    3      97500       2.168        124.895   3.6
 Force                  8    3     100001      18.392       1059.387  30.8
 Wait + Comm. F         8    3     100001       1.289         74.263   2.2
 PME mesh               8    3     100001      34.408       1981.882  57.6
 NB X/F buffer ops.     8    3     295001       1.166         67.160   2.0
 Write traj.            8    3        101       0.038          2.199   0.1
 Update                 8    3     100001       0.514         29.610   0.9
 Comm. energies         8    3      10001       0.432         24.863   0.7
 Rest                                           0.441         25.419   0.7
-----------------------------------------------------------------------------
 Total                                         59.780       3443.337 100.0
-----------------------------------------------------------------------------
 Breakdown of PME mesh computation
-----------------------------------------------------------------------------
 PME redist. X/F        8    3     200002      11.850        682.585  19.8
 PME spread/gather      8    3     200002       9.466        545.214  15.8
 PME 3D-FFT             8    3     200002       5.150        296.651   8.6
 PME 3D-FFT Comm.       8    3     400004       7.080        407.789  11.8
 PME solve Elec         8    3     100001       0.693         39.940   1.2
-----------------------------------------------------------------------------

               Core t (s)   Wall t (s)        (%)
       Time:     1433.754       59.780     2398.4
                 (ns/day)    (hour/ns)
Performance:      144.531        0.166
Finished mdrun on rank 0 Wed Feb 12 12:27:24 2020
